[ 2017-01-20T20:14:59+08:00 ] ::1 /restaurant/index.php/home/user/queues
INFO: [ app_init ] --START--
INFO: Run Behavior\BuildLiteBehavior [ RunTime:0.000010s ]
INFO: [ app_init ] --END-- [ RunTime:0.000566s ]
INFO: [ app_begin ] --START--
INFO: Run Behavior\ReadHtmlCacheBehavior [ RunTime:0.000664s ]
INFO: [ app_begin ] --END-- [ RunTime:0.000722s ]
SQL: SHOW COLUMNS FROM `category` [ RunTime:0.0070s ]
SQL: SHOW COLUMNS FROM `queue` [ RunTime:0.0021s ]
SQL: SELECT `id`,`label`,`description` FROM `category`  [ RunTime:0.0002s ]
SQL: SELECT COUNT(*) AS tp_count FROM `queue` WHERE ( category_id=1 and status=0 ) LIMIT 1   [ RunTime:0.0003s ]
SQL: SELECT `offer` FROM `queue` WHERE ( category_id=1 and status=1 ) ORDER BY updated_at desc LIMIT 1   [ RunTime:0.0002s ]
SQL: SELECT COUNT(*) AS tp_count FROM `queue` WHERE ( category_id=2 and status=0 ) LIMIT 1   [ RunTime:0.0002s ]
SQL: SELECT `offer` FROM `queue` WHERE ( category_id=2 and status=1 ) ORDER BY updated_at desc LIMIT 1   [ RunTime:0.0002s ]
SQL: SELECT COUNT(*) AS tp_count FROM `queue` WHERE ( category_id=3 and status=0 ) LIMIT 1   [ RunTime:0.0002s ]
SQL: SELECT `offer` FROM `queue` WHERE ( category_id=3 and status=1 ) ORDER BY updated_at desc LIMIT 1   [ RunTime:0.0002s ]
SQL: SELECT COUNT(*) AS tp_count FROM `queue` WHERE ( category_id=4 and status=0 ) LIMIT 1   [ RunTime:0.0002s ]
SQL: SELECT `offer` FROM `queue` WHERE ( category_id=4 and status=1 ) ORDER BY updated_at desc LIMIT 1   [ RunTime:0.0002s ]
INFO: [ app_end ] --START--
INFO: Run Behavior\ShowPageTraceBehavior [ RunTime:0.000756s ]
INFO: [ app_end ] --END-- [ RunTime:0.000798s ]

[ 2017-01-20T20:18:00+08:00 ] ::1 /restaurant/index.php/home/user/queues
INFO: [ app_init ] --START--
INFO: Run Behavior\BuildLiteBehavior [ RunTime:0.000018s ]
INFO: [ app_init ] --END-- [ RunTime:0.000286s ]
INFO: [ app_begin ] --START--
INFO: Run Behavior\ReadHtmlCacheBehavior [ RunTime:0.000377s ]
INFO: [ app_begin ] --END-- [ RunTime:0.000457s ]
SQL: SHOW COLUMNS FROM `category` [ RunTime:0.0027s ]
SQL: SHOW COLUMNS FROM `queue` [ RunTime:0.0019s ]
SQL: SELECT `id`,`label`,`description` FROM `category`  [ RunTime:0.0002s ]
SQL: SELECT COUNT(*) AS tp_count FROM `queue` WHERE ( category_id=1 and status=0 ) LIMIT 1   [ RunTime:0.0002s ]
SQL: SELECT `offer` FROM `queue` WHERE ( category_id=1 and status=1 ) ORDER BY updated_at desc LIMIT 1   [ RunTime:0.0002s ]
SQL: SELECT COUNT(*) AS tp_count FROM `queue` WHERE ( category_id=2 and status=0 ) LIMIT 1   [ RunTime:0.0001s ]
SQL: SELECT `offer` FROM `queue` WHERE ( category_id=2 and status=1 ) ORDER BY updated_at desc LIMIT 1   [ RunTime:0.0011s ]
SQL: SELECT COUNT(*) AS tp_count FROM `queue` WHERE ( category_id=3 and status=0 ) LIMIT 1   [ RunTime:0.0012s ]
SQL: SELECT `offer` FROM `queue` WHERE ( category_id=3 and status=1 ) ORDER BY updated_at desc LIMIT 1   [ RunTime:0.0002s ]
SQL: SELECT COUNT(*) AS tp_count FROM `queue` WHERE ( category_id=4 and status=0 ) LIMIT 1   [ RunTime:0.0002s ]
SQL: SELECT `offer` FROM `queue` WHERE ( category_id=4 and status=1 ) ORDER BY updated_at desc LIMIT 1   [ RunTime:0.0002s ]
INFO: [ app_end ] --START--
INFO: Run Behavior\ShowPageTraceBehavior [ RunTime:0.000493s ]
INFO: [ app_end ] --END-- [ RunTime:0.000518s ]

[ 2017-01-20T20:39:24+08:00 ] ::1 /restaurant/index.php/home/user/queues
INFO: [ app_init ] --START--
INFO: Run Behavior\BuildLiteBehavior [ RunTime:0.000011s ]
INFO: [ app_init ] --END-- [ RunTime:0.000277s ]
INFO: [ app_begin ] --START--
INFO: Run Behavior\ReadHtmlCacheBehavior [ RunTime:0.000354s ]
INFO: [ app_begin ] --END-- [ RunTime:0.000394s ]
SQL: SHOW COLUMNS FROM `category` [ RunTime:0.0012s ]
SQL: SHOW COLUMNS FROM `queue` [ RunTime:0.0008s ]
SQL: SELECT `id`,`label`,`description` FROM `category`  [ RunTime:0.0002s ]
SQL: SELECT COUNT(*) AS tp_count FROM `queue` WHERE ( category_id=1 and status=0 ) LIMIT 1   [ RunTime:0.0002s ]
SQL: SELECT `offer` FROM `queue` WHERE ( category_id=1 and status=1 ) ORDER BY updated_at desc LIMIT 1   [ RunTime:0.0002s ]
SQL: SELECT COUNT(*) AS tp_count FROM `queue` WHERE ( category_id=2 and status=0 ) LIMIT 1   [ RunTime:0.0002s ]
SQL: SELECT `offer` FROM `queue` WHERE ( category_id=2 and status=1 ) ORDER BY updated_at desc LIMIT 1   [ RunTime:0.0002s ]
SQL: SELECT COUNT(*) AS tp_count FROM `queue` WHERE ( category_id=3 and status=0 ) LIMIT 1   [ RunTime:0.0001s ]
SQL: SELECT `offer` FROM `queue` WHERE ( category_id=3 and status=1 ) ORDER BY updated_at desc LIMIT 1   [ RunTime:0.0002s ]
SQL: SELECT COUNT(*) AS tp_count FROM `queue` WHERE ( category_id=4 and status=0 ) LIMIT 1   [ RunTime:0.0002s ]
SQL: SELECT `offer` FROM `queue` WHERE ( category_id=4 and status=1 ) ORDER BY updated_at desc LIMIT 1   [ RunTime:0.0002s ]
INFO: [ app_end ] --START--
INFO: Run Behavior\ShowPageTraceBehavior [ RunTime:0.001454s ]
INFO: [ app_end ] --END-- [ RunTime:0.001520s ]

[ 2017-01-20T20:40:55+08:00 ] ::1 /restaurant/index.php/home/user/my_queue
INFO: [ app_init ] --START--
INFO: Run Behavior\BuildLiteBehavior [ RunTime:0.000011s ]
INFO: [ app_init ] --END-- [ RunTime:0.000461s ]
INFO: [ app_begin ] --START--
INFO: Run Behavior\ReadHtmlCacheBehavior [ RunTime:0.000345s ]
INFO: [ app_begin ] --END-- [ RunTime:0.000391s ]
SQL: SHOW COLUMNS FROM `queue` [ RunTime:0.0016s ]
SQL: SHOW COLUMNS FROM `category` [ RunTime:0.0014s ]
SQL: SELECT * FROM `queue` WHERE `guest_id` = '' ORDER BY id desc LIMIT 1   [ RunTime:0.0003s ]
SQL: SELECT `id`,`label`,`description` FROM `category` WHERE ( id=1 ) LIMIT 1   [ RunTime:0.0002s ]
INFO: [ app_end ] --START--
INFO: Run Behavior\ShowPageTraceBehavior [ RunTime:0.000548s ]
INFO: [ app_end ] --END-- [ RunTime:0.000585s ]

[ 2017-01-20T20:40:59+08:00 ] ::1 /restaurant/index.php/home/user/queues
INFO: [ app_init ] --START--
INFO: Run Behavior\BuildLiteBehavior [ RunTime:0.000007s ]
INFO: [ app_init ] --END-- [ RunTime:0.000175s ]
INFO: [ app_begin ] --START--
INFO: Run Behavior\ReadHtmlCacheBehavior [ RunTime:0.000230s ]
INFO: [ app_begin ] --END-- [ RunTime:0.000253s ]
SQL: SHOW COLUMNS FROM `category` [ RunTime:0.0028s ]
SQL: SHOW COLUMNS FROM `queue` [ RunTime:0.0020s ]
SQL: SELECT `id`,`label`,`description` FROM `category`  [ RunTime:0.0003s ]
SQL: SELECT COUNT(*) AS tp_count FROM `queue` WHERE ( category_id=1 and status=0 ) LIMIT 1   [ RunTime:0.0003s ]
SQL: SELECT `offer` FROM `queue` WHERE ( category_id=1 and status=1 ) ORDER BY updated_at desc LIMIT 1   [ RunTime:0.0002s ]
SQL: SELECT COUNT(*) AS tp_count FROM `queue` WHERE ( category_id=2 and status=0 ) LIMIT 1   [ RunTime:0.0003s ]
SQL: SELECT `offer` FROM `queue` WHERE ( category_id=2 and status=1 ) ORDER BY updated_at desc LIMIT 1   [ RunTime:0.0002s ]
SQL: SELECT COUNT(*) AS tp_count FROM `queue` WHERE ( category_id=3 and status=0 ) LIMIT 1   [ RunTime:0.0004s ]
SQL: SELECT `offer` FROM `queue` WHERE ( category_id=3 and status=1 ) ORDER BY updated_at desc LIMIT 1   [ RunTime:0.0010s ]
SQL: SELECT COUNT(*) AS tp_count FROM `queue` WHERE ( category_id=4 and status=0 ) LIMIT 1   [ RunTime:0.0002s ]
SQL: SELECT `offer` FROM `queue` WHERE ( category_id=4 and status=1 ) ORDER BY updated_at desc LIMIT 1   [ RunTime:0.0002s ]
INFO: [ app_end ] --START--
INFO: Run Behavior\ShowPageTraceBehavior [ RunTime:0.000334s ]
INFO: [ app_end ] --END-- [ RunTime:0.000363s ]

[ 2017-01-20T20:45:14+08:00 ] ::1 /restaurant/index.php/home/user/my_queue
INFO: [ app_init ] --START--
INFO: Run Behavior\BuildLiteBehavior [ RunTime:0.000011s ]
INFO: [ app_init ] --END-- [ RunTime:0.000317s ]
INFO: [ app_begin ] --START--
INFO: Run Behavior\ReadHtmlCacheBehavior [ RunTime:0.000396s ]
INFO: [ app_begin ] --END-- [ RunTime:0.000438s ]
SQL: SHOW COLUMNS FROM `queue` [ RunTime:0.0013s ]
SQL: SHOW COLUMNS FROM `category` [ RunTime:0.0009s ]
SQL: SELECT * FROM `queue` WHERE `guest_id` = '' ORDER BY id desc LIMIT 1   [ RunTime:0.0003s ]
SQL: SELECT `id`,`label`,`description` FROM `category` WHERE ( id=1 ) LIMIT 1   [ RunTime:0.0002s ]
INFO: [ app_end ] --START--
INFO: Run Behavior\ShowPageTraceBehavior [ RunTime:0.002874s ]
INFO: [ app_end ] --END-- [ RunTime:0.002926s ]

[ 2017-01-20T20:45:15+08:00 ] ::1 /restaurant/index.php/home/user/queues
INFO: [ app_init ] --START--
INFO: Run Behavior\BuildLiteBehavior [ RunTime:0.000007s ]
INFO: [ app_init ] --END-- [ RunTime:0.000160s ]
INFO: [ app_begin ] --START--
INFO: Run Behavior\ReadHtmlCacheBehavior [ RunTime:0.000198s ]
INFO: [ app_begin ] --END-- [ RunTime:0.000219s ]
SQL: SHOW COLUMNS FROM `category` [ RunTime:0.0021s ]
SQL: SHOW COLUMNS FROM `queue` [ RunTime:0.0009s ]
SQL: SELECT `id`,`label`,`description` FROM `category`  [ RunTime:0.0002s ]
SQL: SELECT COUNT(*) AS tp_count FROM `queue` WHERE ( category_id=1 and status=0 ) LIMIT 1   [ RunTime:0.0002s ]
SQL: SELECT `offer` FROM `queue` WHERE ( category_id=1 and status=1 ) ORDER BY updated_at desc LIMIT 1   [ RunTime:0.0002s ]
SQL: SELECT COUNT(*) AS tp_count FROM `queue` WHERE ( category_id=2 and status=0 ) LIMIT 1   [ RunTime:0.0002s ]
SQL: SELECT `offer` FROM `queue` WHERE ( category_id=2 and status=1 ) ORDER BY updated_at desc LIMIT 1   [ RunTime:0.0003s ]
SQL: SELECT COUNT(*) AS tp_count FROM `queue` WHERE ( category_id=3 and status=0 ) LIMIT 1   [ RunTime:0.0002s ]
SQL: SELECT `offer` FROM `queue` WHERE ( category_id=3 and status=1 ) ORDER BY updated_at desc LIMIT 1   [ RunTime:0.0002s ]
SQL: SELECT COUNT(*) AS tp_count FROM `queue` WHERE ( category_id=4 and status=0 ) LIMIT 1   [ RunTime:0.0002s ]
SQL: SELECT `offer` FROM `queue` WHERE ( category_id=4 and status=1 ) ORDER BY updated_at desc LIMIT 1   [ RunTime:0.0002s ]
INFO: [ app_end ] --START--
INFO: Run Behavior\ShowPageTraceBehavior [ RunTime:0.000330s ]
INFO: [ app_end ] --END-- [ RunTime:0.000364s ]

[ 2017-01-20T20:46:40+08:00 ] ::1 /restaurant/index.php/home/user/my_queue
INFO: [ app_init ] --START--
INFO: Run Behavior\BuildLiteBehavior [ RunTime:0.000011s ]
INFO: [ app_init ] --END-- [ RunTime:0.000350s ]
INFO: [ app_begin ] --START--
INFO: Run Behavior\ReadHtmlCacheBehavior [ RunTime:0.000447s ]
INFO: [ app_begin ] --END-- [ RunTime:0.000505s ]
SQL: SHOW COLUMNS FROM `queue` [ RunTime:0.0012s ]
SQL: SHOW COLUMNS FROM `category` [ RunTime:0.0007s ]
SQL: SELECT * FROM `queue` WHERE `guest_id` = '' ORDER BY id desc LIMIT 1   [ RunTime:0.0002s ]
SQL: SELECT `id`,`label`,`description` FROM `category` WHERE ( id=1 ) LIMIT 1   [ RunTime:0.0002s ]
INFO: [ app_end ] --START--
INFO: Run Behavior\ShowPageTraceBehavior [ RunTime:0.000402s ]
INFO: [ app_end ] --END-- [ RunTime:0.000428s ]

[ 2017-01-20T20:46:41+08:00 ] ::1 /restaurant/index.php/home/user/queues
INFO: [ app_init ] --START--
INFO: Run Behavior\BuildLiteBehavior [ RunTime:0.000008s ]
INFO: [ app_init ] --END-- [ RunTime:0.000196s ]
INFO: [ app_begin ] --START--
INFO: Run Behavior\ReadHtmlCacheBehavior [ RunTime:0.000215s ]
INFO: [ app_begin ] --END-- [ RunTime:0.000235s ]
SQL: SHOW COLUMNS FROM `category` [ RunTime:0.0018s ]
SQL: SHOW COLUMNS FROM `queue` [ RunTime:0.0012s ]
SQL: SELECT `id`,`label`,`description` FROM `category`  [ RunTime:0.0002s ]
SQL: SELECT COUNT(*) AS tp_count FROM `queue` WHERE ( category_id=1 and status=0 ) LIMIT 1   [ RunTime:0.0003s ]
SQL: SELECT `offer` FROM `queue` WHERE ( category_id=1 and status=1 ) ORDER BY updated_at desc LIMIT 1   [ RunTime:0.0002s ]
SQL: SELECT COUNT(*) AS tp_count FROM `queue` WHERE ( category_id=2 and status=0 ) LIMIT 1   [ RunTime:0.0002s ]
SQL: SELECT `offer` FROM `queue` WHERE ( category_id=2 and status=1 ) ORDER BY updated_at desc LIMIT 1   [ RunTime:0.0002s ]
SQL: SELECT COUNT(*) AS tp_count FROM `queue` WHERE ( category_id=3 and status=0 ) LIMIT 1   [ RunTime:0.0002s ]
SQL: SELECT `offer` FROM `queue` WHERE ( category_id=3 and status=1 ) ORDER BY updated_at desc LIMIT 1   [ RunTime:0.0002s ]
SQL: SELECT COUNT(*) AS tp_count FROM `queue` WHERE ( category_id=4 and status=0 ) LIMIT 1   [ RunTime:0.0002s ]
SQL: SELECT `offer` FROM `queue` WHERE ( category_id=4 and status=1 ) ORDER BY updated_at desc LIMIT 1   [ RunTime:0.0002s ]
INFO: [ app_end ] --START--
INFO: Run Behavior\ShowPageTraceBehavior [ RunTime:0.000330s ]
INFO: [ app_end ] --END-- [ RunTime:0.000376s ]

[ 2017-01-20T20:46:56+08:00 ] ::1 /restaurant/index.php/home/user/my_queue
INFO: [ app_init ] --START--
INFO: Run Behavior\BuildLiteBehavior [ RunTime:0.000009s ]
INFO: [ app_init ] --END-- [ RunTime:0.000253s ]
INFO: [ app_begin ] --START--
INFO: Run Behavior\ReadHtmlCacheBehavior [ RunTime:0.000328s ]
INFO: [ app_begin ] --END-- [ RunTime:0.000366s ]
SQL: SHOW COLUMNS FROM `queue` [ RunTime:0.0022s ]
SQL: SHOW COLUMNS FROM `category` [ RunTime:0.0009s ]
SQL: SELECT * FROM `queue` WHERE `guest_id` = '' ORDER BY id desc LIMIT 1   [ RunTime:0.0003s ]
SQL: SELECT `id`,`label`,`description` FROM `category` WHERE ( id=1 ) LIMIT 1   [ RunTime:0.0002s ]
INFO: [ app_end ] --START--
INFO: Run Behavior\ShowPageTraceBehavior [ RunTime:0.000502s ]
INFO: [ app_end ] --END-- [ RunTime:0.000542s ]

[ 2017-01-20T20:46:59+08:00 ] ::1 /restaurant/index.php/home/user/queues
INFO: [ app_init ] --START--
INFO: Run Behavior\BuildLiteBehavior [ RunTime:0.000008s ]
INFO: [ app_init ] --END-- [ RunTime:0.000175s ]
INFO: [ app_begin ] --START--
INFO: Run Behavior\ReadHtmlCacheBehavior [ RunTime:0.000229s ]
INFO: [ app_begin ] --END-- [ RunTime:0.000252s ]
SQL: SHOW COLUMNS FROM `category` [ RunTime:0.0011s ]
SQL: SHOW COLUMNS FROM `queue` [ RunTime:0.0007s ]
SQL: SELECT `id`,`label`,`description` FROM `category`  [ RunTime:0.0002s ]
SQL: SELECT COUNT(*) AS tp_count FROM `queue` WHERE ( category_id=1 and status=0 ) LIMIT 1   [ RunTime:0.0002s ]
SQL: SELECT `offer` FROM `queue` WHERE ( category_id=1 and status=1 ) ORDER BY updated_at desc LIMIT 1   [ RunTime:0.0002s ]
SQL: SELECT COUNT(*) AS tp_count FROM `queue` WHERE ( category_id=2 and status=0 ) LIMIT 1   [ RunTime:0.0002s ]
SQL: SELECT `offer` FROM `queue` WHERE ( category_id=2 and status=1 ) ORDER BY updated_at desc LIMIT 1   [ RunTime:0.0002s ]
SQL: SELECT COUNT(*) AS tp_count FROM `queue` WHERE ( category_id=3 and status=0 ) LIMIT 1   [ RunTime:0.0002s ]
SQL: SELECT `offer` FROM `queue` WHERE ( category_id=3 and status=1 ) ORDER BY updated_at desc LIMIT 1   [ RunTime:0.0002s ]
SQL: SELECT COUNT(*) AS tp_count FROM `queue` WHERE ( category_id=4 and status=0 ) LIMIT 1   [ RunTime:0.0002s ]
SQL: SELECT `offer` FROM `queue` WHERE ( category_id=4 and status=1 ) ORDER BY updated_at desc LIMIT 1   [ RunTime:0.0002s ]
INFO: [ app_end ] --START--
INFO: Run Behavior\ShowPageTraceBehavior [ RunTime:0.000308s ]
INFO: [ app_end ] --END-- [ RunTime:0.000337s ]

[ 2017-01-20T20:47:08+08:00 ] ::1 /restaurant/index.php/home/user/queues
INFO: [ app_init ] --START--
INFO: Run Behavior\BuildLiteBehavior [ RunTime:0.000009s ]
INFO: [ app_init ] --END-- [ RunTime:0.000280s ]
INFO: [ app_begin ] --START--
INFO: Run Behavior\ReadHtmlCacheBehavior [ RunTime:0.000396s ]
INFO: [ app_begin ] --END-- [ RunTime:0.000436s ]
SQL: SHOW COLUMNS FROM `category` [ RunTime:0.0012s ]
SQL: SHOW COLUMNS FROM `queue` [ RunTime:0.0010s ]
SQL: SELECT `id`,`label`,`description` FROM `category`  [ RunTime:0.0003s ]
SQL: SELECT COUNT(*) AS tp_count FROM `queue` WHERE ( category_id=1 and status=0 ) LIMIT 1   [ RunTime:0.0002s ]
SQL: SELECT `offer` FROM `queue` WHERE ( category_id=1 and status=1 ) ORDER BY updated_at desc LIMIT 1   [ RunTime:0.0002s ]
SQL: SELECT COUNT(*) AS tp_count FROM `queue` WHERE ( category_id=2 and status=0 ) LIMIT 1   [ RunTime:0.0002s ]
SQL: SELECT `offer` FROM `queue` WHERE ( category_id=2 and status=1 ) ORDER BY updated_at desc LIMIT 1   [ RunTime:0.0002s ]
SQL: SELECT COUNT(*) AS tp_count FROM `queue` WHERE ( category_id=3 and status=0 ) LIMIT 1   [ RunTime:0.0002s ]
SQL: SELECT `offer` FROM `queue` WHERE ( category_id=3 and status=1 ) ORDER BY updated_at desc LIMIT 1   [ RunTime:0.0002s ]
SQL: SELECT COUNT(*) AS tp_count FROM `queue` WHERE ( category_id=4 and status=0 ) LIMIT 1   [ RunTime:0.0002s ]
SQL: SELECT `offer` FROM `queue` WHERE ( category_id=4 and status=1 ) ORDER BY updated_at desc LIMIT 1   [ RunTime:0.0002s ]
INFO: [ app_end ] --START--
INFO: Run Behavior\ShowPageTraceBehavior [ RunTime:0.000440s ]
INFO: [ app_end ] --END-- [ RunTime:0.000483s ]

[ 2017-01-20T20:53:57+08:00 ] ::1 /restaurant/index.php/home/user/my_queue
INFO: [ app_init ] --START--
INFO: Run Behavior\BuildLiteBehavior [ RunTime:0.000010s ]
INFO: [ app_init ] --END-- [ RunTime:0.000301s ]
INFO: [ app_begin ] --START--
INFO: Run Behavior\ReadHtmlCacheBehavior [ RunTime:0.000337s ]
INFO: [ app_begin ] --END-- [ RunTime:0.000375s ]
SQL: SHOW COLUMNS FROM `queue` [ RunTime:0.0021s ]
SQL: SHOW COLUMNS FROM `category` [ RunTime:0.0011s ]
SQL: SELECT * FROM `queue` WHERE `guest_id` = '' ORDER BY id desc LIMIT 1   [ RunTime:0.0003s ]
SQL: SELECT `id`,`label`,`description` FROM `category` WHERE ( id=1 ) LIMIT 1   [ RunTime:0.0002s ]
INFO: [ app_end ] --START--
INFO: Run Behavior\ShowPageTraceBehavior [ RunTime:0.000424s ]
INFO: [ app_end ] --END-- [ RunTime:0.000456s ]

[ 2017-01-20T20:53:58+08:00 ] ::1 /restaurant/index.php/home/user/queues
INFO: [ app_init ] --START--
INFO: Run Behavior\BuildLiteBehavior [ RunTime:0.000018s ]
INFO: [ app_init ] --END-- [ RunTime:0.000176s ]
INFO: [ app_begin ] --START--
INFO: Run Behavior\ReadHtmlCacheBehavior [ RunTime:0.000243s ]
INFO: [ app_begin ] --END-- [ RunTime:0.000276s ]
SQL: SHOW COLUMNS FROM `category` [ RunTime:0.0025s ]
SQL: SHOW COLUMNS FROM `queue` [ RunTime:0.0010s ]
SQL: SELECT `id`,`label`,`description` FROM `category`  [ RunTime:0.0002s ]
SQL: SELECT COUNT(*) AS tp_count FROM `queue` WHERE ( category_id=1 and status=0 ) LIMIT 1   [ RunTime:0.0003s ]
SQL: SELECT `offer` FROM `queue` WHERE ( category_id=1 and status=1 ) ORDER BY updated_at desc LIMIT 1   [ RunTime:0.0002s ]
SQL: SELECT COUNT(*) AS tp_count FROM `queue` WHERE ( category_id=2 and status=0 ) LIMIT 1   [ RunTime:0.0002s ]
SQL: SELECT `offer` FROM `queue` WHERE ( category_id=2 and status=1 ) ORDER BY updated_at desc LIMIT 1   [ RunTime:0.0002s ]
SQL: SELECT COUNT(*) AS tp_count FROM `queue` WHERE ( category_id=3 and status=0 ) LIMIT 1   [ RunTime:0.0002s ]
SQL: SELECT `offer` FROM `queue` WHERE ( category_id=3 and status=1 ) ORDER BY updated_at desc LIMIT 1   [ RunTime:0.0002s ]
SQL: SELECT COUNT(*) AS tp_count FROM `queue` WHERE ( category_id=4 and status=0 ) LIMIT 1   [ RunTime:0.0002s ]
SQL: SELECT `offer` FROM `queue` WHERE ( category_id=4 and status=1 ) ORDER BY updated_at desc LIMIT 1   [ RunTime:0.0002s ]
INFO: [ app_end ] --START--
INFO: Run Behavior\ShowPageTraceBehavior [ RunTime:0.000295s ]
INFO: [ app_end ] --END-- [ RunTime:0.000318s ]

[ 2017-01-20T20:54:11+08:00 ] ::1 /restaurant/index.php/home/user/queues
INFO: [ app_init ] --START--
INFO: Run Behavior\BuildLiteBehavior [ RunTime:0.000008s ]
INFO: [ app_init ] --END-- [ RunTime:0.000335s ]
INFO: [ app_begin ] --START--
INFO: Run Behavior\ReadHtmlCacheBehavior [ RunTime:0.000224s ]
INFO: [ app_begin ] --END-- [ RunTime:0.000247s ]
SQL: SHOW COLUMNS FROM `category` [ RunTime:0.0010s ]
SQL: SHOW COLUMNS FROM `queue` [ RunTime:0.0009s ]
SQL: SELECT `id`,`label`,`description` FROM `category`  [ RunTime:0.0002s ]
SQL: SELECT COUNT(*) AS tp_count FROM `queue` WHERE ( category_id=1 and status=0 ) LIMIT 1   [ RunTime:0.0002s ]
SQL: SELECT `offer` FROM `queue` WHERE ( category_id=1 and status=1 ) ORDER BY updated_at desc LIMIT 1   [ RunTime:0.0002s ]
SQL: SELECT COUNT(*) AS tp_count FROM `queue` WHERE ( category_id=2 and status=0 ) LIMIT 1   [ RunTime:0.0002s ]
SQL: SELECT `offer` FROM `queue` WHERE ( category_id=2 and status=1 ) ORDER BY updated_at desc LIMIT 1   [ RunTime:0.0002s ]
SQL: SELECT COUNT(*) AS tp_count FROM `queue` WHERE ( category_id=3 and status=0 ) LIMIT 1   [ RunTime:0.0002s ]
SQL: SELECT `offer` FROM `queue` WHERE ( category_id=3 and status=1 ) ORDER BY updated_at desc LIMIT 1   [ RunTime:0.0002s ]
SQL: SELECT COUNT(*) AS tp_count FROM `queue` WHERE ( category_id=4 and status=0 ) LIMIT 1   [ RunTime:0.0002s ]
SQL: SELECT `offer` FROM `queue` WHERE ( category_id=4 and status=1 ) ORDER BY updated_at desc LIMIT 1   [ RunTime:0.0002s ]
INFO: [ app_end ] --START--
INFO: Run Behavior\ShowPageTraceBehavior [ RunTime:0.000343s ]
INFO: [ app_end ] --END-- [ RunTime:0.000375s ]

[ 2017-01-20T21:04:03+08:00 ] ::1 /restaurant/index.php/home/user/test
INFO: [ app_init ] --START--
INFO: Run Behavior\BuildLiteBehavior [ RunTime:0.000008s ]
INFO: [ app_init ] --END-- [ RunTime:0.000173s ]
INFO: [ app_begin ] --START--
INFO: Run Behavior\ReadHtmlCacheBehavior [ RunTime:0.000233s ]
INFO: [ app_begin ] --END-- [ RunTime:0.000258s ]

[ 2017-01-20T21:04:15+08:00 ] ::1 /restaurant/index.php/home/user/test
INFO: [ app_init ] --START--
INFO: Run Behavior\BuildLiteBehavior [ RunTime:0.000031s ]
INFO: [ app_init ] --END-- [ RunTime:0.000267s ]
INFO: [ app_begin ] --START--
INFO: Run Behavior\ReadHtmlCacheBehavior [ RunTime:0.000236s ]
INFO: [ app_begin ] --END-- [ RunTime:0.000263s ]

[ 2017-01-20T21:05:28+08:00 ] ::1 /restaurant/index.php/home/user/test
INFO: [ app_init ] --START--
INFO: Run Behavior\BuildLiteBehavior [ RunTime:0.000008s ]
INFO: [ app_init ] --END-- [ RunTime:0.000180s ]
INFO: [ app_begin ] --START--
INFO: Run Behavior\ReadHtmlCacheBehavior [ RunTime:0.000334s ]
INFO: [ app_begin ] --END-- [ RunTime:0.000361s ]

[ 2017-01-20T21:05:30+08:00 ] ::1 /restaurant/index.php/home/user/test
INFO: [ app_init ] --START--
INFO: Run Behavior\BuildLiteBehavior [ RunTime:0.000007s ]
INFO: [ app_init ] --END-- [ RunTime:0.000158s ]
INFO: [ app_begin ] --START--
INFO: Run Behavior\ReadHtmlCacheBehavior [ RunTime:0.000197s ]
INFO: [ app_begin ] --END-- [ RunTime:0.000221s ]

[ 2017-01-20T21:05:57+08:00 ] ::1 /restaurant/index.php/home/user/test
INFO: [ app_init ] --START--
INFO: Run Behavior\BuildLiteBehavior [ RunTime:0.000007s ]
INFO: [ app_init ] --END-- [ RunTime:0.000159s ]
INFO: [ app_begin ] --START--
INFO: Run Behavior\ReadHtmlCacheBehavior [ RunTime:0.000200s ]
INFO: [ app_begin ] --END-- [ RunTime:0.000222s ]

[ 2017-01-20T21:06:09+08:00 ] ::1 /restaurant/index.php/home/user/test
INFO: [ app_init ] --START--
INFO: Run Behavior\BuildLiteBehavior [ RunTime:0.000008s ]
INFO: [ app_init ] --END-- [ RunTime:0.000185s ]
INFO: [ app_begin ] --START--
INFO: Run Behavior\ReadHtmlCacheBehavior [ RunTime:0.000227s ]
INFO: [ app_begin ] --END-- [ RunTime:0.000252s ]

[ 2017-01-20T21:07:04+08:00 ] ::1 /restaurant/index.php/home/user/test
INFO: [ app_init ] --START--
INFO: Run Behavior\BuildLiteBehavior [ RunTime:0.000008s ]
INFO: [ app_init ] --END-- [ RunTime:0.000185s ]
INFO: [ app_begin ] --START--
INFO: Run Behavior\ReadHtmlCacheBehavior [ RunTime:0.000227s ]
INFO: [ app_begin ] --END-- [ RunTime:0.000253s ]

[ 2017-01-20T21:07:05+08:00 ] ::1 /restaurant/index.php/home/user/test
INFO: [ app_init ] --START--
INFO: Run Behavior\BuildLiteBehavior [ RunTime:0.000008s ]
INFO: [ app_init ] --END-- [ RunTime:0.000186s ]
INFO: [ app_begin ] --START--
INFO: Run Behavior\ReadHtmlCacheBehavior [ RunTime:0.000232s ]
INFO: [ app_begin ] --END-- [ RunTime:0.000257s ]

[ 2017-01-20T21:07:46+08:00 ] ::1 /restaurant/index.php/home/user/test
INFO: [ app_init ] --START--
INFO: Run Behavior\BuildLiteBehavior [ RunTime:0.000008s ]
INFO: [ app_init ] --END-- [ RunTime:0.000185s ]
INFO: [ app_begin ] --START--
INFO: Run Behavior\ReadHtmlCacheBehavior [ RunTime:0.000226s ]
INFO: [ app_begin ] --END-- [ RunTime:0.000251s ]

[ 2017-01-20T21:07:47+08:00 ] ::1 /restaurant/index.php/home/user/test
INFO: [ app_init ] --START--
INFO: Run Behavior\BuildLiteBehavior [ RunTime:0.000008s ]
INFO: [ app_init ] --END-- [ RunTime:0.000205s ]
INFO: [ app_begin ] --START--
INFO: Run Behavior\ReadHtmlCacheBehavior [ RunTime:0.000235s ]
INFO: [ app_begin ] --END-- [ RunTime:0.000261s ]

[ 2017-01-20T21:07:48+08:00 ] ::1 /restaurant/index.php/home/user/test
INFO: [ app_init ] --START--
INFO: Run Behavior\BuildLiteBehavior [ RunTime:0.000007s ]
INFO: [ app_init ] --END-- [ RunTime:0.000162s ]
INFO: [ app_begin ] --START--
INFO: Run Behavior\ReadHtmlCacheBehavior [ RunTime:0.000201s ]
INFO: [ app_begin ] --END-- [ RunTime:0.000223s ]

[ 2017-01-20T21:07:49+08:00 ] ::1 /restaurant/index.php/home/user/test
INFO: [ app_init ] --START--
INFO: Run Behavior\BuildLiteBehavior [ RunTime:0.000015s ]
INFO: [ app_init ] --END-- [ RunTime:0.000231s ]
INFO: [ app_begin ] --START--
INFO: Run Behavior\ReadHtmlCacheBehavior [ RunTime:0.000203s ]
INFO: [ app_begin ] --END-- [ RunTime:0.000225s ]

[ 2017-01-20T21:08:36+08:00 ] ::1 /restaurant/index.php/home/user/test
INFO: [ app_init ] --START--
INFO: Run Behavior\BuildLiteBehavior [ RunTime:0.000009s ]
INFO: [ app_init ] --END-- [ RunTime:0.000186s ]
INFO: [ app_begin ] --START--
INFO: Run Behavior\ReadHtmlCacheBehavior [ RunTime:0.000230s ]
INFO: [ app_begin ] --END-- [ RunTime:0.000254s ]

[ 2017-01-20T21:11:49+08:00 ] ::1 /restaurant/index.php/home/user/test
INFO: [ app_init ] --START--
INFO: Run Behavior\BuildLiteBehavior [ RunTime:0.000007s ]
INFO: [ app_init ] --END-- [ RunTime:0.000168s ]
INFO: [ app_begin ] --START--
INFO: Run Behavior\ReadHtmlCacheBehavior [ RunTime:0.000203s ]
INFO: [ app_begin ] --END-- [ RunTime:0.000226s ]

[ 2017-01-20T21:11:50+08:00 ] ::1 /restaurant/index.php/home/user/test
INFO: [ app_init ] --START--
INFO: Run Behavior\BuildLiteBehavior [ RunTime:0.000009s ]
INFO: [ app_init ] --END-- [ RunTime:0.000176s ]
INFO: [ app_begin ] --START--
INFO: Run Behavior\ReadHtmlCacheBehavior [ RunTime:0.000291s ]
INFO: [ app_begin ] --END-- [ RunTime:0.000320s ]

[ 2017-01-20T21:12:44+08:00 ] ::1 /restaurant/index.php/home/user/test
INFO: [ app_init ] --START--
INFO: Run Behavior\BuildLiteBehavior [ RunTime:0.000008s ]
INFO: [ app_init ] --END-- [ RunTime:0.000226s ]
INFO: [ app_begin ] --START--
INFO: Run Behavior\ReadHtmlCacheBehavior [ RunTime:0.000304s ]
INFO: [ app_begin ] --END-- [ RunTime:0.000347s ]

[ 2017-01-20T21:12:45+08:00 ] ::1 /restaurant/index.php/home/user/test
INFO: [ app_init ] --START--
INFO: Run Behavior\BuildLiteBehavior [ RunTime:0.000008s ]
INFO: [ app_init ] --END-- [ RunTime:0.000182s ]
INFO: [ app_begin ] --START--
INFO: Run Behavior\ReadHtmlCacheBehavior [ RunTime:0.000261s ]
INFO: [ app_begin ] --END-- [ RunTime:0.000294s ]

[ 2017-01-20T21:13:25+08:00 ] ::1 /restaurant/index.php/home/user/test
INFO: [ app_init ] --START--
INFO: Run Behavior\BuildLiteBehavior [ RunTime:0.000006s ]
INFO: [ app_init ] --END-- [ RunTime:0.000164s ]
INFO: [ app_begin ] --START--
INFO: Run Behavior\ReadHtmlCacheBehavior [ RunTime:0.000204s ]
INFO: [ app_begin ] --END-- [ RunTime:0.000228s ]

[ 2017-01-20T21:13:26+08:00 ] ::1 /restaurant/index.php/home/user/test
INFO: [ app_init ] --START--
INFO: Run Behavior\BuildLiteBehavior [ RunTime:0.000008s ]
INFO: [ app_init ] --END-- [ RunTime:0.000165s ]
INFO: [ app_begin ] --START--
INFO: Run Behavior\ReadHtmlCacheBehavior [ RunTime:0.000202s ]
INFO: [ app_begin ] --END-- [ RunTime:0.000223s ]

[ 2017-01-20T21:13:28+08:00 ] ::1 /restaurant/index.php/home/user/test
INFO: [ app_init ] --START--
INFO: Run Behavior\BuildLiteBehavior [ RunTime:0.000007s ]
INFO: [ app_init ] --END-- [ RunTime:0.000160s ]
INFO: [ app_begin ] --START--
INFO: Run Behavior\ReadHtmlCacheBehavior [ RunTime:0.000287s ]
INFO: [ app_begin ] --END-- [ RunTime:0.000319s ]

[ 2017-01-20T21:14:20+08:00 ] ::1 /restaurant/index.php/home/user/test
INFO: [ app_init ] --START--
INFO: Run Behavior\BuildLiteBehavior [ RunTime:0.000008s ]
INFO: [ app_init ] --END-- [ RunTime:0.000186s ]
INFO: [ app_begin ] --START--
INFO: Run Behavior\ReadHtmlCacheBehavior [ RunTime:0.000231s ]
INFO: [ app_begin ] --END-- [ RunTime:0.000258s ]

[ 2017-01-20T21:14:21+08:00 ] ::1 /restaurant/index.php/home/user/test
INFO: [ app_init ] --START--
INFO: Run Behavior\BuildLiteBehavior [ RunTime:0.000009s ]
INFO: [ app_init ] --END-- [ RunTime:0.000182s ]
INFO: [ app_begin ] --START--
INFO: Run Behavior\ReadHtmlCacheBehavior [ RunTime:0.000215s ]
INFO: [ app_begin ] --END-- [ RunTime:0.000240s ]

[ 2017-01-20T21:14:23+08:00 ] ::1 /restaurant/index.php/home/user/test
INFO: [ app_init ] --START--
INFO: Run Behavior\BuildLiteBehavior [ RunTime:0.000006s ]
INFO: [ app_init ] --END-- [ RunTime:0.000158s ]
INFO: [ app_begin ] --START--
INFO: Run Behavior\ReadHtmlCacheBehavior [ RunTime:0.000199s ]
INFO: [ app_begin ] --END-- [ RunTime:0.000222s ]

[ 2017-01-20T21:14:24+08:00 ] ::1 /restaurant/index.php/home/user/test
INFO: [ app_init ] --START--
INFO: Run Behavior\BuildLiteBehavior [ RunTime:0.000007s ]
INFO: [ app_init ] --END-- [ RunTime:0.000158s ]
INFO: [ app_begin ] --START--
INFO: Run Behavior\ReadHtmlCacheBehavior [ RunTime:0.000237s ]
INFO: [ app_begin ] --END-- [ RunTime:0.000264s ]

[ 2017-01-20T21:18:10+08:00 ] ::1 /restaurant/index.php/home/user/test
INFO: [ app_init ] --START--
INFO: Run Behavior\BuildLiteBehavior [ RunTime:0.000008s ]
INFO: [ app_init ] --END-- [ RunTime:0.000169s ]
INFO: [ app_begin ] --START--
INFO: Run Behavior\ReadHtmlCacheBehavior [ RunTime:0.000202s ]
INFO: [ app_begin ] --END-- [ RunTime:0.000224s ]

[ 2017-01-20T21:23:50+08:00 ] ::1 /restaurant/index.php/home/user/test
INFO: [ app_init ] --START--
INFO: Run Behavior\BuildLiteBehavior [ RunTime:0.000009s ]
INFO: [ app_init ] --END-- [ RunTime:0.000185s ]
INFO: [ app_begin ] --START--
INFO: Run Behavior\ReadHtmlCacheBehavior [ RunTime:0.000215s ]
INFO: [ app_begin ] --END-- [ RunTime:0.000239s ]

[ 2017-01-20T21:23:53+08:00 ] ::1 /restaurant/index.php/home/user/test
INFO: [ app_init ] --START--
INFO: Run Behavior\BuildLiteBehavior [ RunTime:0.000007s ]
INFO: [ app_init ] --END-- [ RunTime:0.000163s ]
INFO: [ app_begin ] --START--
INFO: Run Behavior\ReadHtmlCacheBehavior [ RunTime:0.000203s ]
INFO: [ app_begin ] --END-- [ RunTime:0.000226s ]

[ 2017-01-20T21:24:29+08:00 ] ::1 /restaurant/index.php/home/user/test
INFO: [ app_init ] --START--
INFO: Run Behavior\BuildLiteBehavior [ RunTime:0.000006s ]
INFO: [ app_init ] --END-- [ RunTime:0.000163s ]
INFO: [ app_begin ] --START--
INFO: Run Behavior\ReadHtmlCacheBehavior [ RunTime:0.000206s ]
INFO: [ app_begin ] --END-- [ RunTime:0.000230s ]

[ 2017-01-20T21:24:31+08:00 ] ::1 /restaurant/index.php/home/user/test
INFO: [ app_init ] --START--
INFO: Run Behavior\BuildLiteBehavior [ RunTime:0.000021s ]
INFO: [ app_init ] --END-- [ RunTime:0.000262s ]
INFO: [ app_begin ] --START--
INFO: Run Behavior\ReadHtmlCacheBehavior [ RunTime:0.000419s ]
INFO: [ app_begin ] --END-- [ RunTime:0.000467s ]

[ 2017-01-20T21:24:31+08:00 ] ::1 /restaurant/index.php/home/user/test
INFO: [ app_init ] --START--
INFO: Run Behavior\BuildLiteBehavior [ RunTime:0.000007s ]
INFO: [ app_init ] --END-- [ RunTime:0.000172s ]
INFO: [ app_begin ] --START--
INFO: Run Behavior\ReadHtmlCacheBehavior [ RunTime:0.000217s ]
INFO: [ app_begin ] --END-- [ RunTime:0.000242s ]

[ 2017-01-20T21:24:32+08:00 ] ::1 /restaurant/index.php/home/user/test
INFO: [ app_init ] --START--
INFO: Run Behavior\BuildLiteBehavior [ RunTime:0.000007s ]
INFO: [ app_init ] --END-- [ RunTime:0.000175s ]
INFO: [ app_begin ] --START--
INFO: Run Behavior\ReadHtmlCacheBehavior [ RunTime:0.000285s ]
INFO: [ app_begin ] --END-- [ RunTime:0.000310s ]

[ 2017-01-20T21:26:31+08:00 ] ::1 /restaurant/index.php/home/user/test
INFO: [ app_init ] --START--
INFO: Run Behavior\BuildLiteBehavior [ RunTime:0.000009s ]
INFO: [ app_init ] --END-- [ RunTime:0.000188s ]
INFO: [ app_begin ] --START--
INFO: Run Behavior\ReadHtmlCacheBehavior [ RunTime:0.000219s ]
INFO: [ app_begin ] --END-- [ RunTime:0.000242s ]

[ 2017-01-20T21:26:32+08:00 ] ::1 /restaurant/index.php/home/user/test
INFO: [ app_init ] --START--
INFO: Run Behavior\BuildLiteBehavior [ RunTime:0.000009s ]
INFO: [ app_init ] --END-- [ RunTime:0.000190s ]
INFO: [ app_begin ] --START--
INFO: Run Behavior\ReadHtmlCacheBehavior [ RunTime:0.000228s ]
INFO: [ app_begin ] --END-- [ RunTime:0.000253s ]

[ 2017-01-20T21:28:35+08:00 ] ::1 /restaurant/index.php/home/user/test
INFO: [ app_init ] --START--
INFO: Run Behavior\BuildLiteBehavior [ RunTime:0.000006s ]
INFO: [ app_init ] --END-- [ RunTime:0.000163s ]
INFO: [ app_begin ] --START--
INFO: Run Behavior\ReadHtmlCacheBehavior [ RunTime:0.000231s ]
INFO: [ app_begin ] --END-- [ RunTime:0.000254s ]

[ 2017-01-20T21:31:11+08:00 ] ::1 /restaurant/index.php/home/user/test
INFO: [ app_init ] --START--
INFO: Run Behavior\BuildLiteBehavior [ RunTime:0.000006s ]
INFO: [ app_init ] --END-- [ RunTime:0.000163s ]
INFO: [ app_begin ] --START--
INFO: Run Behavior\ReadHtmlCacheBehavior [ RunTime:0.000220s ]
INFO: [ app_begin ] --END-- [ RunTime:0.000243s ]

[ 2017-01-20T21:31:12+08:00 ] ::1 /restaurant/index.php/home/user/test
INFO: [ app_init ] --START--
INFO: Run Behavior\BuildLiteBehavior [ RunTime:0.000007s ]
INFO: [ app_init ] --END-- [ RunTime:0.000176s ]
INFO: [ app_begin ] --START--
INFO: Run Behavior\ReadHtmlCacheBehavior [ RunTime:0.000204s ]
INFO: [ app_begin ] --END-- [ RunTime:0.000226s ]

[ 2017-01-20T21:32:48+08:00 ] ::1 /restaurant/index.php/home/user/test
INFO: [ app_init ] --START--
INFO: Run Behavior\BuildLiteBehavior [ RunTime:0.000006s ]
INFO: [ app_init ] --END-- [ RunTime:0.000159s ]
INFO: [ app_begin ] --START--
INFO: Run Behavior\ReadHtmlCacheBehavior [ RunTime:0.000199s ]
INFO: [ app_begin ] --END-- [ RunTime:0.000221s ]

[ 2017-01-20T21:40:57+08:00 ] ::1 /restaurant/index.php/home/user/test
INFO: [ app_init ] --START--
INFO: Run Behavior\BuildLiteBehavior [ RunTime:0.000007s ]
INFO: [ app_init ] --END-- [ RunTime:0.000182s ]
INFO: [ app_begin ] --START--
INFO: Run Behavior\ReadHtmlCacheBehavior [ RunTime:0.000201s ]
INFO: [ app_begin ] --END-- [ RunTime:0.000223s ]

[ 2017-01-20T21:41:06+08:00 ] ::1 /restaurant/index.php/home/user/test
INFO: [ app_init ] --START--
INFO: Run Behavior\BuildLiteBehavior [ RunTime:0.000006s ]
INFO: [ app_init ] --END-- [ RunTime:0.000185s ]
INFO: [ app_begin ] --START--
INFO: Run Behavior\ReadHtmlCacheBehavior [ RunTime:0.000223s ]
INFO: [ app_begin ] --END-- [ RunTime:0.000256s ]

[ 2017-01-20T21:42:30+08:00 ] ::1 /restaurant/index.php/home/user/test
INFO: [ app_init ] --START--
INFO: Run Behavior\BuildLiteBehavior [ RunTime:0.000010s ]
INFO: [ app_init ] --END-- [ RunTime:0.000240s ]
INFO: [ app_begin ] --START--
INFO: Run Behavior\ReadHtmlCacheBehavior [ RunTime:0.000293s ]
INFO: [ app_begin ] --END-- [ RunTime:0.000326s ]
NOTIC: [2] mcrypt_generic_init(): Key size is 0 /Users/david/code/htdocs/restaurant/ThinkPHP/Library/Org/Util/Weixin/Prpcrypt.class.php 第 27 行.
NOTIC: [2] mcrypt_generic_init(): Key length incorrect /Users/david/code/htdocs/restaurant/ThinkPHP/Library/Org/Util/Weixin/Prpcrypt.class.php 第 27 行.
NOTIC: [2] mdecrypt_generic(): 27 is not a valid MCrypt resource /Users/david/code/htdocs/restaurant/ThinkPHP/Library/Org/Util/Weixin/Prpcrypt.class.php 第 30 行.
NOTIC: [2] mcrypt_generic_deinit(): 27 is not a valid MCrypt resource /Users/david/code/htdocs/restaurant/ThinkPHP/Library/Org/Util/Weixin/Prpcrypt.class.php 第 31 行.
NOTIC: [2] mcrypt_module_close(): 27 is not a valid MCrypt resource /Users/david/code/htdocs/restaurant/ThinkPHP/Library/Org/Util/Weixin/Prpcrypt.class.php 第 32 行.
INFO: [ app_end ] --START--
INFO: Run Behavior\ShowPageTraceBehavior [ RunTime:0.000334s ]
INFO: [ app_end ] --END-- [ RunTime:0.000377s ]

[ 2017-01-20T21:54:26+08:00 ] ::1 /restaurant/index.php/home/user/test
INFO: [ app_init ] --START--
INFO: Run Behavior\BuildLiteBehavior [ RunTime:0.000008s ]
INFO: [ app_init ] --END-- [ RunTime:0.000180s ]
INFO: [ app_begin ] --START--
INFO: Run Behavior\ReadHtmlCacheBehavior [ RunTime:0.000219s ]
INFO: [ app_begin ] --END-- [ RunTime:0.000245s ]
NOTIC: [2] mcrypt_generic_init(): Key size is 0 /Users/david/code/htdocs/restaurant/ThinkPHP/Library/Org/Util/Weixin/Prpcrypt.class.php 第 27 行.
NOTIC: [2] mcrypt_generic_init(): Key length incorrect /Users/david/code/htdocs/restaurant/ThinkPHP/Library/Org/Util/Weixin/Prpcrypt.class.php 第 27 行.
NOTIC: [2] mdecrypt_generic(): 27 is not a valid MCrypt resource /Users/david/code/htdocs/restaurant/ThinkPHP/Library/Org/Util/Weixin/Prpcrypt.class.php 第 30 行.
NOTIC: [2] mcrypt_generic_deinit(): 27 is not a valid MCrypt resource /Users/david/code/htdocs/restaurant/ThinkPHP/Library/Org/Util/Weixin/Prpcrypt.class.php 第 31 行.
NOTIC: [2] mcrypt_module_close(): 27 is not a valid MCrypt resource /Users/david/code/htdocs/restaurant/ThinkPHP/Library/Org/Util/Weixin/Prpcrypt.class.php 第 32 行.
INFO: [ app_end ] --START--
INFO: Run Behavior\ShowPageTraceBehavior [ RunTime:0.000336s ]
INFO: [ app_end ] --END-- [ RunTime:0.000378s ]

[ 2017-01-20T21:54:28+08:00 ] ::1 /restaurant/index.php/home/user/test
INFO: [ app_init ] --START--
INFO: Run Behavior\BuildLiteBehavior [ RunTime:0.000007s ]
INFO: [ app_init ] --END-- [ RunTime:0.000161s ]
INFO: [ app_begin ] --START--
INFO: Run Behavior\ReadHtmlCacheBehavior [ RunTime:0.000201s ]
INFO: [ app_begin ] --END-- [ RunTime:0.000223s ]
NOTIC: [2] mcrypt_generic_init(): Key size is 0 /Users/david/code/htdocs/restaurant/ThinkPHP/Library/Org/Util/Weixin/Prpcrypt.class.php 第 27 行.
NOTIC: [2] mcrypt_generic_init(): Key length incorrect /Users/david/code/htdocs/restaurant/ThinkPHP/Library/Org/Util/Weixin/Prpcrypt.class.php 第 27 行.
NOTIC: [2] mdecrypt_generic(): 27 is not a valid MCrypt resource /Users/david/code/htdocs/restaurant/ThinkPHP/Library/Org/Util/Weixin/Prpcrypt.class.php 第 30 行.
NOTIC: [2] mcrypt_generic_deinit(): 27 is not a valid MCrypt resource /Users/david/code/htdocs/restaurant/ThinkPHP/Library/Org/Util/Weixin/Prpcrypt.class.php 第 31 行.
NOTIC: [2] mcrypt_module_close(): 27 is not a valid MCrypt resource /Users/david/code/htdocs/restaurant/ThinkPHP/Library/Org/Util/Weixin/Prpcrypt.class.php 第 32 行.
INFO: [ app_end ] --START--
INFO: Run Behavior\ShowPageTraceBehavior [ RunTime:0.000207s ]
INFO: [ app_end ] --END-- [ RunTime:0.000231s ]

[ 2017-01-20T21:54:59+08:00 ] ::1 /restaurant/index.php/home/user/test
INFO: [ app_init ] --START--
INFO: Run Behavior\BuildLiteBehavior [ RunTime:0.000008s ]
INFO: [ app_init ] --END-- [ RunTime:0.000184s ]
INFO: [ app_begin ] --START--
INFO: Run Behavior\ReadHtmlCacheBehavior [ RunTime:0.000222s ]
INFO: [ app_begin ] --END-- [ RunTime:0.000247s ]
NOTIC: [2] mcrypt_generic_init(): Key size is 0 /Users/david/code/htdocs/restaurant/ThinkPHP/Library/Org/Util/Weixin/Prpcrypt.class.php 第 27 行.
NOTIC: [2] mcrypt_generic_init(): Key length incorrect /Users/david/code/htdocs/restaurant/ThinkPHP/Library/Org/Util/Weixin/Prpcrypt.class.php 第 27 行.
NOTIC: [2] mdecrypt_generic(): 27 is not a valid MCrypt resource /Users/david/code/htdocs/restaurant/ThinkPHP/Library/Org/Util/Weixin/Prpcrypt.class.php 第 30 行.
NOTIC: [2] mcrypt_generic_deinit(): 27 is not a valid MCrypt resource /Users/david/code/htdocs/restaurant/ThinkPHP/Library/Org/Util/Weixin/Prpcrypt.class.php 第 31 行.
NOTIC: [2] mcrypt_module_close(): 27 is not a valid MCrypt resource /Users/david/code/htdocs/restaurant/ThinkPHP/Library/Org/Util/Weixin/Prpcrypt.class.php 第 32 行.
INFO: [ app_end ] --START--
INFO: Run Behavior\ShowPageTraceBehavior [ RunTime:0.000469s ]
INFO: [ app_end ] --END-- [ RunTime:0.000528s ]

[ 2017-01-20T21:55:20+08:00 ] ::1 /restaurant/index.php/home/user/test
INFO: [ app_init ] --START--
INFO: Run Behavior\BuildLiteBehavior [ RunTime:0.000008s ]
INFO: [ app_init ] --END-- [ RunTime:0.000179s ]
INFO: [ app_begin ] --START--
INFO: Run Behavior\ReadHtmlCacheBehavior [ RunTime:0.000218s ]
INFO: [ app_begin ] --END-- [ RunTime:0.000241s ]
NOTIC: [2] mcrypt_generic_init(): Key size is 0 /Users/david/code/htdocs/restaurant/ThinkPHP/Library/Org/Util/Weixin/Prpcrypt.class.php 第 27 行.
NOTIC: [2] mcrypt_generic_init(): Key length incorrect /Users/david/code/htdocs/restaurant/ThinkPHP/Library/Org/Util/Weixin/Prpcrypt.class.php 第 27 行.
NOTIC: [2] mdecrypt_generic(): 27 is not a valid MCrypt resource /Users/david/code/htdocs/restaurant/ThinkPHP/Library/Org/Util/Weixin/Prpcrypt.class.php 第 30 行.
NOTIC: [2] mcrypt_generic_deinit(): 27 is not a valid MCrypt resource /Users/david/code/htdocs/restaurant/ThinkPHP/Library/Org/Util/Weixin/Prpcrypt.class.php 第 31 行.
NOTIC: [2] mcrypt_module_close(): 27 is not a valid MCrypt resource /Users/david/code/htdocs/restaurant/ThinkPHP/Library/Org/Util/Weixin/Prpcrypt.class.php 第 32 行.
INFO: [ app_end ] --START--
INFO: Run Behavior\ShowPageTraceBehavior [ RunTime:0.000209s ]
INFO: [ app_end ] --END-- [ RunTime:0.000232s ]

[ 2017-01-20T21:55:25+08:00 ] ::1 /restaurant/index.php/home/user/test
INFO: [ app_init ] --START--
INFO: Run Behavior\BuildLiteBehavior [ RunTime:0.000009s ]
INFO: [ app_init ] --END-- [ RunTime:0.000182s ]
INFO: [ app_begin ] --START--
INFO: Run Behavior\ReadHtmlCacheBehavior [ RunTime:0.000228s ]
INFO: [ app_begin ] --END-- [ RunTime:0.000252s ]
NOTIC: [2] mcrypt_generic_init(): Key size is 0 /Users/david/code/htdocs/restaurant/ThinkPHP/Library/Org/Util/Weixin/Prpcrypt.class.php 第 27 行.
NOTIC: [2] mcrypt_generic_init(): Key length incorrect /Users/david/code/htdocs/restaurant/ThinkPHP/Library/Org/Util/Weixin/Prpcrypt.class.php 第 27 行.
NOTIC: [2] mdecrypt_generic(): 27 is not a valid MCrypt resource /Users/david/code/htdocs/restaurant/ThinkPHP/Library/Org/Util/Weixin/Prpcrypt.class.php 第 30 行.
NOTIC: [2] mcrypt_generic_deinit(): 27 is not a valid MCrypt resource /Users/david/code/htdocs/restaurant/ThinkPHP/Library/Org/Util/Weixin/Prpcrypt.class.php 第 31 行.
NOTIC: [2] mcrypt_module_close(): 27 is not a valid MCrypt resource /Users/david/code/htdocs/restaurant/ThinkPHP/Library/Org/Util/Weixin/Prpcrypt.class.php 第 32 行.
INFO: [ app_end ] --START--
INFO: Run Behavior\ShowPageTraceBehavior [ RunTime:0.000211s ]
INFO: [ app_end ] --END-- [ RunTime:0.000236s ]

[ 2017-01-20T21:55:26+08:00 ] ::1 /restaurant/index.php/home/user/test
INFO: [ app_init ] --START--
INFO: Run Behavior\BuildLiteBehavior [ RunTime:0.000007s ]
INFO: [ app_init ] --END-- [ RunTime:0.000154s ]
INFO: [ app_begin ] --START--
INFO: Run Behavior\ReadHtmlCacheBehavior [ RunTime:0.000194s ]
INFO: [ app_begin ] --END-- [ RunTime:0.000216s ]
NOTIC: [2] mcrypt_generic_init(): Key size is 0 /Users/david/code/htdocs/restaurant/ThinkPHP/Library/Org/Util/Weixin/Prpcrypt.class.php 第 27 行.
NOTIC: [2] mcrypt_generic_init(): Key length incorrect /Users/david/code/htdocs/restaurant/ThinkPHP/Library/Org/Util/Weixin/Prpcrypt.class.php 第 27 行.
NOTIC: [2] mdecrypt_generic(): 27 is not a valid MCrypt resource /Users/david/code/htdocs/restaurant/ThinkPHP/Library/Org/Util/Weixin/Prpcrypt.class.php 第 30 行.
NOTIC: [2] mcrypt_generic_deinit(): 27 is not a valid MCrypt resource /Users/david/code/htdocs/restaurant/ThinkPHP/Library/Org/Util/Weixin/Prpcrypt.class.php 第 31 行.
NOTIC: [2] mcrypt_module_close(): 27 is not a valid MCrypt resource /Users/david/code/htdocs/restaurant/ThinkPHP/Library/Org/Util/Weixin/Prpcrypt.class.php 第 32 行.
INFO: [ app_end ] --START--
INFO: Run Behavior\ShowPageTraceBehavior [ RunTime:0.000222s ]
INFO: [ app_end ] --END-- [ RunTime:0.000245s ]

[ 2017-01-20T21:55:40+08:00 ] ::1 /restaurant/index.php/home/user/test
INFO: [ app_init ] --START--
INFO: Run Behavior\BuildLiteBehavior [ RunTime:0.000009s ]
INFO: [ app_init ] --END-- [ RunTime:0.000167s ]
INFO: [ app_begin ] --START--
INFO: Run Behavior\ReadHtmlCacheBehavior [ RunTime:0.000203s ]
INFO: [ app_begin ] --END-- [ RunTime:0.000225s ]
NOTIC: [2] mcrypt_generic_init(): Key size is 0 /Users/david/code/htdocs/restaurant/ThinkPHP/Library/Org/Util/Weixin/Prpcrypt.class.php 第 27 行.
NOTIC: [2] mcrypt_generic_init(): Key length incorrect /Users/david/code/htdocs/restaurant/ThinkPHP/Library/Org/Util/Weixin/Prpcrypt.class.php 第 27 行.
NOTIC: [2] mdecrypt_generic(): 27 is not a valid MCrypt resource /Users/david/code/htdocs/restaurant/ThinkPHP/Library/Org/Util/Weixin/Prpcrypt.class.php 第 30 行.
NOTIC: [2] mcrypt_generic_deinit(): 27 is not a valid MCrypt resource /Users/david/code/htdocs/restaurant/ThinkPHP/Library/Org/Util/Weixin/Prpcrypt.class.php 第 31 行.
NOTIC: [2] mcrypt_module_close(): 27 is not a valid MCrypt resource /Users/david/code/htdocs/restaurant/ThinkPHP/Library/Org/Util/Weixin/Prpcrypt.class.php 第 32 行.
INFO: [ app_end ] --START--
INFO: Run Behavior\ShowPageTraceBehavior [ RunTime:0.000208s ]
INFO: [ app_end ] --END-- [ RunTime:0.000232s ]

[ 2017-01-20T21:55:44+08:00 ] ::1 /restaurant/index.php/home/user/test
INFO: [ app_init ] --START--
INFO: Run Behavior\BuildLiteBehavior [ RunTime:0.000007s ]
INFO: [ app_init ] --END-- [ RunTime:0.000173s ]
INFO: [ app_begin ] --START--
INFO: Run Behavior\ReadHtmlCacheBehavior [ RunTime:0.000205s ]
INFO: [ app_begin ] --END-- [ RunTime:0.000228s ]
NOTIC: [2] mcrypt_generic_init(): Key size is 0 /Users/david/code/htdocs/restaurant/ThinkPHP/Library/Org/Util/Weixin/Prpcrypt.class.php 第 27 行.
NOTIC: [2] mcrypt_generic_init(): Key length incorrect /Users/david/code/htdocs/restaurant/ThinkPHP/Library/Org/Util/Weixin/Prpcrypt.class.php 第 27 行.
NOTIC: [2] mdecrypt_generic(): 27 is not a valid MCrypt resource /Users/david/code/htdocs/restaurant/ThinkPHP/Library/Org/Util/Weixin/Prpcrypt.class.php 第 30 行.
NOTIC: [2] mcrypt_generic_deinit(): 27 is not a valid MCrypt resource /Users/david/code/htdocs/restaurant/ThinkPHP/Library/Org/Util/Weixin/Prpcrypt.class.php 第 31 行.
NOTIC: [2] mcrypt_module_close(): 27 is not a valid MCrypt resource /Users/david/code/htdocs/restaurant/ThinkPHP/Library/Org/Util/Weixin/Prpcrypt.class.php 第 32 行.
INFO: [ app_end ] --START--
INFO: Run Behavior\ShowPageTraceBehavior [ RunTime:0.000210s ]
INFO: [ app_end ] --END-- [ RunTime:0.000235s ]

[ 2017-01-20T21:58:52+08:00 ] ::1 /restaurant/index.php/home/user/test
INFO: [ app_init ] --START--
INFO: Run Behavior\BuildLiteBehavior [ RunTime:0.000008s ]
INFO: [ app_init ] --END-- [ RunTime:0.000180s ]
INFO: [ app_begin ] --START--
INFO: Run Behavior\ReadHtmlCacheBehavior [ RunTime:0.000221s ]
INFO: [ app_begin ] --END-- [ RunTime:0.000246s ]
NOTIC: [2] mcrypt_generic_init(): Key size is 0 /Users/david/code/htdocs/restaurant/ThinkPHP/Library/Org/Util/Weixin/Prpcrypt.class.php 第 27 行.
NOTIC: [2] mcrypt_generic_init(): Key length incorrect /Users/david/code/htdocs/restaurant/ThinkPHP/Library/Org/Util/Weixin/Prpcrypt.class.php 第 27 行.
NOTIC: [2] mdecrypt_generic(): 27 is not a valid MCrypt resource /Users/david/code/htdocs/restaurant/ThinkPHP/Library/Org/Util/Weixin/Prpcrypt.class.php 第 30 行.
NOTIC: [2] mcrypt_generic_deinit(): 27 is not a valid MCrypt resource /Users/david/code/htdocs/restaurant/ThinkPHP/Library/Org/Util/Weixin/Prpcrypt.class.php 第 31 行.
NOTIC: [2] mcrypt_module_close(): 27 is not a valid MCrypt resource /Users/david/code/htdocs/restaurant/ThinkPHP/Library/Org/Util/Weixin/Prpcrypt.class.php 第 32 行.
INFO: [ app_end ] --START--
INFO: Run Behavior\ShowPageTraceBehavior [ RunTime:0.000233s ]
INFO: [ app_end ] --END-- [ RunTime:0.000259s ]

[ 2017-01-20T22:09:31+08:00 ] ::1 /restaurant/index.php/home/user/test
INFO: [ app_init ] --START--
INFO: Run Behavior\BuildLiteBehavior [ RunTime:0.000007s ]
INFO: [ app_init ] --END-- [ RunTime:0.000164s ]
INFO: [ app_begin ] --START--
INFO: Run Behavior\ReadHtmlCacheBehavior [ RunTime:0.000214s ]
INFO: [ app_begin ] --END-- [ RunTime:0.000237s ]
NOTIC: [2] mcrypt_generic_init(): Key size is 0 /Users/david/code/htdocs/restaurant/ThinkPHP/Library/Org/Util/Weixin/Prpcrypt.class.php 第 27 行.
NOTIC: [2] mcrypt_generic_init(): Key length incorrect /Users/david/code/htdocs/restaurant/ThinkPHP/Library/Org/Util/Weixin/Prpcrypt.class.php 第 27 行.
NOTIC: [2] mdecrypt_generic(): 27 is not a valid MCrypt resource /Users/david/code/htdocs/restaurant/ThinkPHP/Library/Org/Util/Weixin/Prpcrypt.class.php 第 30 行.
NOTIC: [2] mcrypt_generic_deinit(): 27 is not a valid MCrypt resource /Users/david/code/htdocs/restaurant/ThinkPHP/Library/Org/Util/Weixin/Prpcrypt.class.php 第 31 行.
NOTIC: [2] mcrypt_module_close(): 27 is not a valid MCrypt resource /Users/david/code/htdocs/restaurant/ThinkPHP/Library/Org/Util/Weixin/Prpcrypt.class.php 第 32 行.
INFO: [ app_end ] --START--
INFO: Run Behavior\ShowPageTraceBehavior [ RunTime:0.000218s ]
INFO: [ app_end ] --END-- [ RunTime:0.000241s ]

[ 2017-01-20T22:09:33+08:00 ] ::1 /restaurant/index.php/home/user/test
INFO: [ app_init ] --START--
INFO: Run Behavior\BuildLiteBehavior [ RunTime:0.000009s ]
INFO: [ app_init ] --END-- [ RunTime:0.000186s ]
INFO: [ app_begin ] --START--
INFO: Run Behavior\ReadHtmlCacheBehavior [ RunTime:0.000231s ]
INFO: [ app_begin ] --END-- [ RunTime:0.000255s ]
NOTIC: [2] mcrypt_generic_init(): Key size is 0 /Users/david/code/htdocs/restaurant/ThinkPHP/Library/Org/Util/Weixin/Prpcrypt.class.php 第 27 行.
NOTIC: [2] mcrypt_generic_init(): Key length incorrect /Users/david/code/htdocs/restaurant/ThinkPHP/Library/Org/Util/Weixin/Prpcrypt.class.php 第 27 行.
NOTIC: [2] mdecrypt_generic(): 27 is not a valid MCrypt resource /Users/david/code/htdocs/restaurant/ThinkPHP/Library/Org/Util/Weixin/Prpcrypt.class.php 第 30 行.
NOTIC: [2] mcrypt_generic_deinit(): 27 is not a valid MCrypt resource /Users/david/code/htdocs/restaurant/ThinkPHP/Library/Org/Util/Weixin/Prpcrypt.class.php 第 31 行.
NOTIC: [2] mcrypt_module_close(): 27 is not a valid MCrypt resource /Users/david/code/htdocs/restaurant/ThinkPHP/Library/Org/Util/Weixin/Prpcrypt.class.php 第 32 行.
INFO: [ app_end ] --START--
INFO: Run Behavior\ShowPageTraceBehavior [ RunTime:0.000290s ]
INFO: [ app_end ] --END-- [ RunTime:0.000322s ]

[ 2017-01-20T22:09:35+08:00 ] ::1 /restaurant/index.php/home/user/test
INFO: [ app_init ] --START--
INFO: Run Behavior\BuildLiteBehavior [ RunTime:0.000006s ]
INFO: [ app_init ] --END-- [ RunTime:0.000161s ]
INFO: [ app_begin ] --START--
INFO: Run Behavior\ReadHtmlCacheBehavior [ RunTime:0.000201s ]
INFO: [ app_begin ] --END-- [ RunTime:0.000224s ]
NOTIC: [2] mcrypt_generic_init(): Key size is 0 /Users/david/code/htdocs/restaurant/ThinkPHP/Library/Org/Util/Weixin/Prpcrypt.class.php 第 27 行.
NOTIC: [2] mcrypt_generic_init(): Key length incorrect /Users/david/code/htdocs/restaurant/ThinkPHP/Library/Org/Util/Weixin/Prpcrypt.class.php 第 27 行.
NOTIC: [2] mdecrypt_generic(): 27 is not a valid MCrypt resource /Users/david/code/htdocs/restaurant/ThinkPHP/Library/Org/Util/Weixin/Prpcrypt.class.php 第 30 行.
NOTIC: [2] mcrypt_generic_deinit(): 27 is not a valid MCrypt resource /Users/david/code/htdocs/restaurant/ThinkPHP/Library/Org/Util/Weixin/Prpcrypt.class.php 第 31 行.
NOTIC: [2] mcrypt_module_close(): 27 is not a valid MCrypt resource /Users/david/code/htdocs/restaurant/ThinkPHP/Library/Org/Util/Weixin/Prpcrypt.class.php 第 32 行.
INFO: [ app_end ] --START--
INFO: Run Behavior\ShowPageTraceBehavior [ RunTime:0.000208s ]
INFO: [ app_end ] --END-- [ RunTime:0.000232s ]

[ 2017-01-20T22:09:36+08:00 ] ::1 /restaurant/index.php/home/user/test
INFO: [ app_init ] --START--
INFO: Run Behavior\BuildLiteBehavior [ RunTime:0.000008s ]
INFO: [ app_init ] --END-- [ RunTime:0.000182s ]
INFO: [ app_begin ] --START--
INFO: Run Behavior\ReadHtmlCacheBehavior [ RunTime:0.000223s ]
INFO: [ app_begin ] --END-- [ RunTime:0.000247s ]
NOTIC: [2] mcrypt_generic_init(): Key size is 0 /Users/david/code/htdocs/restaurant/ThinkPHP/Library/Org/Util/Weixin/Prpcrypt.class.php 第 27 行.
NOTIC: [2] mcrypt_generic_init(): Key length incorrect /Users/david/code/htdocs/restaurant/ThinkPHP/Library/Org/Util/Weixin/Prpcrypt.class.php 第 27 行.
NOTIC: [2] mdecrypt_generic(): 27 is not a valid MCrypt resource /Users/david/code/htdocs/restaurant/ThinkPHP/Library/Org/Util/Weixin/Prpcrypt.class.php 第 30 行.
NOTIC: [2] mcrypt_generic_deinit(): 27 is not a valid MCrypt resource /Users/david/code/htdocs/restaurant/ThinkPHP/Library/Org/Util/Weixin/Prpcrypt.class.php 第 31 行.
NOTIC: [2] mcrypt_module_close(): 27 is not a valid MCrypt resource /Users/david/code/htdocs/restaurant/ThinkPHP/Library/Org/Util/Weixin/Prpcrypt.class.php 第 32 行.
INFO: [ app_end ] --START--
INFO: Run Behavior\ShowPageTraceBehavior [ RunTime:0.000237s ]
INFO: [ app_end ] --END-- [ RunTime:0.000264s ]

[ 2017-01-20T22:09:36+08:00 ] ::1 /restaurant/index.php/home/user/test
INFO: [ app_init ] --START--
INFO: Run Behavior\BuildLiteBehavior [ RunTime:0.000007s ]
INFO: [ app_init ] --END-- [ RunTime:0.000174s ]
INFO: [ app_begin ] --START--
INFO: Run Behavior\ReadHtmlCacheBehavior [ RunTime:0.000204s ]
INFO: [ app_begin ] --END-- [ RunTime:0.000227s ]
NOTIC: [2] mcrypt_generic_init(): Key size is 0 /Users/david/code/htdocs/restaurant/ThinkPHP/Library/Org/Util/Weixin/Prpcrypt.class.php 第 27 行.
NOTIC: [2] mcrypt_generic_init(): Key length incorrect /Users/david/code/htdocs/restaurant/ThinkPHP/Library/Org/Util/Weixin/Prpcrypt.class.php 第 27 行.
NOTIC: [2] mdecrypt_generic(): 27 is not a valid MCrypt resource /Users/david/code/htdocs/restaurant/ThinkPHP/Library/Org/Util/Weixin/Prpcrypt.class.php 第 30 行.
NOTIC: [2] mcrypt_generic_deinit(): 27 is not a valid MCrypt resource /Users/david/code/htdocs/restaurant/ThinkPHP/Library/Org/Util/Weixin/Prpcrypt.class.php 第 31 行.
NOTIC: [2] mcrypt_module_close(): 27 is not a valid MCrypt resource /Users/david/code/htdocs/restaurant/ThinkPHP/Library/Org/Util/Weixin/Prpcrypt.class.php 第 32 行.
INFO: [ app_end ] --START--
INFO: Run Behavior\ShowPageTraceBehavior [ RunTime:0.000277s ]
INFO: [ app_end ] --END-- [ RunTime:0.000301s ]

[ 2017-01-20T22:14:06+08:00 ] ::1 /restaurant/index.php/home/user/test
INFO: [ app_init ] --START--
INFO: Run Behavior\BuildLiteBehavior [ RunTime:0.000008s ]
INFO: [ app_init ] --END-- [ RunTime:0.000171s ]
INFO: [ app_begin ] --START--
INFO: Run Behavior\ReadHtmlCacheBehavior [ RunTime:0.000211s ]
INFO: [ app_begin ] --END-- [ RunTime:0.000234s ]
NOTIC: [2] mcrypt_generic_init(): Key size is 0 /Users/david/code/htdocs/restaurant/ThinkPHP/Library/Org/Util/Weixin/Prpcrypt.class.php 第 27 行.
NOTIC: [2] mcrypt_generic_init(): Key length incorrect /Users/david/code/htdocs/restaurant/ThinkPHP/Library/Org/Util/Weixin/Prpcrypt.class.php 第 27 行.
NOTIC: [2] mdecrypt_generic(): 27 is not a valid MCrypt resource /Users/david/code/htdocs/restaurant/ThinkPHP/Library/Org/Util/Weixin/Prpcrypt.class.php 第 30 行.
NOTIC: [2] mcrypt_generic_deinit(): 27 is not a valid MCrypt resource /Users/david/code/htdocs/restaurant/ThinkPHP/Library/Org/Util/Weixin/Prpcrypt.class.php 第 31 行.
NOTIC: [2] mcrypt_module_close(): 27 is not a valid MCrypt resource /Users/david/code/htdocs/restaurant/ThinkPHP/Library/Org/Util/Weixin/Prpcrypt.class.php 第 32 行.
INFO: [ app_end ] --START--
INFO: Run Behavior\ShowPageTraceBehavior [ RunTime:0.000282s ]
INFO: [ app_end ] --END-- [ RunTime:0.000319s ]

[ 2017-01-20T22:15:05+08:00 ] ::1 /restaurant/index.php/home/user/test
INFO: [ app_init ] --START--
INFO: Run Behavior\BuildLiteBehavior [ RunTime:0.000009s ]
INFO: [ app_init ] --END-- [ RunTime:0.000185s ]
INFO: [ app_begin ] --START--
INFO: Run Behavior\ReadHtmlCacheBehavior [ RunTime:0.000207s ]
INFO: [ app_begin ] --END-- [ RunTime:0.000230s ]
NOTIC: [2] mcrypt_generic_init(): Key size is 0 /Users/david/code/htdocs/restaurant/ThinkPHP/Library/Org/Util/Weixin/Prpcrypt.class.php 第 27 行.
NOTIC: [2] mcrypt_generic_init(): Key length incorrect /Users/david/code/htdocs/restaurant/ThinkPHP/Library/Org/Util/Weixin/Prpcrypt.class.php 第 27 行.
NOTIC: [2] mdecrypt_generic(): 27 is not a valid MCrypt resource /Users/david/code/htdocs/restaurant/ThinkPHP/Library/Org/Util/Weixin/Prpcrypt.class.php 第 30 行.
NOTIC: [2] mcrypt_generic_deinit(): 27 is not a valid MCrypt resource /Users/david/code/htdocs/restaurant/ThinkPHP/Library/Org/Util/Weixin/Prpcrypt.class.php 第 31 行.
NOTIC: [2] mcrypt_module_close(): 27 is not a valid MCrypt resource /Users/david/code/htdocs/restaurant/ThinkPHP/Library/Org/Util/Weixin/Prpcrypt.class.php 第 32 行.
INFO: [ app_end ] --START--
INFO: Run Behavior\ShowPageTraceBehavior [ RunTime:0.000215s ]
INFO: [ app_end ] --END-- [ RunTime:0.000239s ]

[ 2017-01-20T22:16:07+08:00 ] ::1 /restaurant/index.php/home/user/test
INFO: [ app_init ] --START--
INFO: Run Behavior\BuildLiteBehavior [ RunTime:0.000007s ]
INFO: [ app_init ] --END-- [ RunTime:0.000176s ]
INFO: [ app_begin ] --START--
INFO: Run Behavior\ReadHtmlCacheBehavior [ RunTime:0.000293s ]
INFO: [ app_begin ] --END-- [ RunTime:0.000320s ]
NOTIC: [2] mcrypt_generic_init(): Key size is 0 /Users/david/code/htdocs/restaurant/ThinkPHP/Library/Org/Util/Weixin/Prpcrypt.class.php 第 27 行.
NOTIC: [2] mcrypt_generic_init(): Key length incorrect /Users/david/code/htdocs/restaurant/ThinkPHP/Library/Org/Util/Weixin/Prpcrypt.class.php 第 27 行.
NOTIC: [2] mdecrypt_generic(): 27 is not a valid MCrypt resource /Users/david/code/htdocs/restaurant/ThinkPHP/Library/Org/Util/Weixin/Prpcrypt.class.php 第 30 行.
NOTIC: [2] mcrypt_generic_deinit(): 27 is not a valid MCrypt resource /Users/david/code/htdocs/restaurant/ThinkPHP/Library/Org/Util/Weixin/Prpcrypt.class.php 第 31 行.
NOTIC: [2] mcrypt_module_close(): 27 is not a valid MCrypt resource /Users/david/code/htdocs/restaurant/ThinkPHP/Library/Org/Util/Weixin/Prpcrypt.class.php 第 32 行.
INFO: [ app_end ] --START--
INFO: Run Behavior\ShowPageTraceBehavior [ RunTime:0.000238s ]
INFO: [ app_end ] --END-- [ RunTime:0.000266s ]

[ 2017-01-20T22:16:10+08:00 ] ::1 /restaurant/index.php/home/user/test
INFO: [ app_init ] --START--
INFO: Run Behavior\BuildLiteBehavior [ RunTime:0.000008s ]
INFO: [ app_init ] --END-- [ RunTime:0.000184s ]
INFO: [ app_begin ] --START--
INFO: Run Behavior\ReadHtmlCacheBehavior [ RunTime:0.000239s ]
INFO: [ app_begin ] --END-- [ RunTime:0.000266s ]
NOTIC: [2] mcrypt_generic_init(): Key size is 0 /Users/david/code/htdocs/restaurant/ThinkPHP/Library/Org/Util/Weixin/Prpcrypt.class.php 第 27 行.
NOTIC: [2] mcrypt_generic_init(): Key length incorrect /Users/david/code/htdocs/restaurant/ThinkPHP/Library/Org/Util/Weixin/Prpcrypt.class.php 第 27 行.
NOTIC: [2] mdecrypt_generic(): 27 is not a valid MCrypt resource /Users/david/code/htdocs/restaurant/ThinkPHP/Library/Org/Util/Weixin/Prpcrypt.class.php 第 30 行.
NOTIC: [2] mcrypt_generic_deinit(): 27 is not a valid MCrypt resource /Users/david/code/htdocs/restaurant/ThinkPHP/Library/Org/Util/Weixin/Prpcrypt.class.php 第 31 行.
NOTIC: [2] mcrypt_module_close(): 27 is not a valid MCrypt resource /Users/david/code/htdocs/restaurant/ThinkPHP/Library/Org/Util/Weixin/Prpcrypt.class.php 第 32 行.
INFO: [ app_end ] --START--
INFO: Run Behavior\ShowPageTraceBehavior [ RunTime:0.000220s ]
INFO: [ app_end ] --END-- [ RunTime:0.000244s ]

[ 2017-01-20T22:16:24+08:00 ] ::1 /restaurant/index.php/home/user/test
INFO: [ app_init ] --START--
INFO: Run Behavior\BuildLiteBehavior [ RunTime:0.000007s ]
INFO: [ app_init ] --END-- [ RunTime:0.000169s ]
INFO: [ app_begin ] --START--
INFO: Run Behavior\ReadHtmlCacheBehavior [ RunTime:0.000208s ]
INFO: [ app_begin ] --END-- [ RunTime:0.000231s ]
NOTIC: [2] mcrypt_generic_init(): Key size is 0 /Users/david/code/htdocs/restaurant/ThinkPHP/Library/Org/Util/Weixin/Prpcrypt.class.php 第 27 行.
NOTIC: [2] mcrypt_generic_init(): Key length incorrect /Users/david/code/htdocs/restaurant/ThinkPHP/Library/Org/Util/Weixin/Prpcrypt.class.php 第 27 行.
NOTIC: [2] mdecrypt_generic(): 27 is not a valid MCrypt resource /Users/david/code/htdocs/restaurant/ThinkPHP/Library/Org/Util/Weixin/Prpcrypt.class.php 第 30 行.
NOTIC: [2] mcrypt_generic_deinit(): 27 is not a valid MCrypt resource /Users/david/code/htdocs/restaurant/ThinkPHP/Library/Org/Util/Weixin/Prpcrypt.class.php 第 31 行.
NOTIC: [2] mcrypt_module_close(): 27 is not a valid MCrypt resource /Users/david/code/htdocs/restaurant/ThinkPHP/Library/Org/Util/Weixin/Prpcrypt.class.php 第 32 行.
INFO: [ app_end ] --START--
INFO: Run Behavior\ShowPageTraceBehavior [ RunTime:0.000214s ]
INFO: [ app_end ] --END-- [ RunTime:0.000238s ]

[ 2017-01-20T22:16:26+08:00 ] ::1 /restaurant/index.php/home/user/test
INFO: [ app_init ] --START--
INFO: Run Behavior\BuildLiteBehavior [ RunTime:0.000008s ]
INFO: [ app_init ] --END-- [ RunTime:0.000175s ]
INFO: [ app_begin ] --START--
INFO: Run Behavior\ReadHtmlCacheBehavior [ RunTime:0.000217s ]
INFO: [ app_begin ] --END-- [ RunTime:0.000240s ]
NOTIC: [2] mcrypt_generic_init(): Key size is 0 /Users/david/code/htdocs/restaurant/ThinkPHP/Library/Org/Util/Weixin/Prpcrypt.class.php 第 27 行.
NOTIC: [2] mcrypt_generic_init(): Key length incorrect /Users/david/code/htdocs/restaurant/ThinkPHP/Library/Org/Util/Weixin/Prpcrypt.class.php 第 27 行.
NOTIC: [2] mdecrypt_generic(): 27 is not a valid MCrypt resource /Users/david/code/htdocs/restaurant/ThinkPHP/Library/Org/Util/Weixin/Prpcrypt.class.php 第 30 行.
NOTIC: [2] mcrypt_generic_deinit(): 27 is not a valid MCrypt resource /Users/david/code/htdocs/restaurant/ThinkPHP/Library/Org/Util/Weixin/Prpcrypt.class.php 第 31 行.
NOTIC: [2] mcrypt_module_close(): 27 is not a valid MCrypt resource /Users/david/code/htdocs/restaurant/ThinkPHP/Library/Org/Util/Weixin/Prpcrypt.class.php 第 32 行.
INFO: [ app_end ] --START--
INFO: Run Behavior\ShowPageTraceBehavior [ RunTime:0.000227s ]
INFO: [ app_end ] --END-- [ RunTime:0.000251s ]

[ 2017-01-20T22:16:28+08:00 ] ::1 /restaurant/index.php/home/user/test
INFO: [ app_init ] --START--
INFO: Run Behavior\BuildLiteBehavior [ RunTime:0.000008s ]
INFO: [ app_init ] --END-- [ RunTime:0.000163s ]
INFO: [ app_begin ] --START--
INFO: Run Behavior\ReadHtmlCacheBehavior [ RunTime:0.000204s ]
INFO: [ app_begin ] --END-- [ RunTime:0.000227s ]
NOTIC: [2] mcrypt_generic_init(): Key size is 0 /Users/david/code/htdocs/restaurant/ThinkPHP/Library/Org/Util/Weixin/Prpcrypt.class.php 第 27 行.
NOTIC: [2] mcrypt_generic_init(): Key length incorrect /Users/david/code/htdocs/restaurant/ThinkPHP/Library/Org/Util/Weixin/Prpcrypt.class.php 第 27 行.
NOTIC: [2] mdecrypt_generic(): 27 is not a valid MCrypt resource /Users/david/code/htdocs/restaurant/ThinkPHP/Library/Org/Util/Weixin/Prpcrypt.class.php 第 30 行.
NOTIC: [2] mcrypt_generic_deinit(): 27 is not a valid MCrypt resource /Users/david/code/htdocs/restaurant/ThinkPHP/Library/Org/Util/Weixin/Prpcrypt.class.php 第 31 行.
NOTIC: [2] mcrypt_module_close(): 27 is not a valid MCrypt resource /Users/david/code/htdocs/restaurant/ThinkPHP/Library/Org/Util/Weixin/Prpcrypt.class.php 第 32 行.
INFO: [ app_end ] --START--
INFO: Run Behavior\ShowPageTraceBehavior [ RunTime:0.000239s ]
INFO: [ app_end ] --END-- [ RunTime:0.000267s ]

[ 2017-01-20T22:16:55+08:00 ] ::1 /restaurant/index.php/home/user/test
INFO: [ app_init ] --START--
INFO: Run Behavior\BuildLiteBehavior [ RunTime:0.000009s ]
INFO: [ app_init ] --END-- [ RunTime:0.000196s ]
INFO: [ app_begin ] --START--
INFO: Run Behavior\ReadHtmlCacheBehavior [ RunTime:0.000230s ]
INFO: [ app_begin ] --END-- [ RunTime:0.000256s ]
NOTIC: [2] mcrypt_generic_init(): Key size is 0 /Users/david/code/htdocs/restaurant/ThinkPHP/Library/Org/Util/Weixin/Prpcrypt.class.php 第 27 行.
NOTIC: [2] mcrypt_generic_init(): Key length incorrect /Users/david/code/htdocs/restaurant/ThinkPHP/Library/Org/Util/Weixin/Prpcrypt.class.php 第 27 行.
NOTIC: [2] mdecrypt_generic(): 27 is not a valid MCrypt resource /Users/david/code/htdocs/restaurant/ThinkPHP/Library/Org/Util/Weixin/Prpcrypt.class.php 第 30 行.
NOTIC: [2] mcrypt_generic_deinit(): 27 is not a valid MCrypt resource /Users/david/code/htdocs/restaurant/ThinkPHP/Library/Org/Util/Weixin/Prpcrypt.class.php 第 31 行.
NOTIC: [2] mcrypt_module_close(): 27 is not a valid MCrypt resource /Users/david/code/htdocs/restaurant/ThinkPHP/Library/Org/Util/Weixin/Prpcrypt.class.php 第 32 行.
INFO: [ app_end ] --START--
INFO: Run Behavior\ShowPageTraceBehavior [ RunTime:0.000322s ]
INFO: [ app_end ] --END-- [ RunTime:0.000366s ]

[ 2017-01-20T22:16:56+08:00 ] ::1 /restaurant/index.php/home/user/test
INFO: [ app_init ] --START--
INFO: Run Behavior\BuildLiteBehavior [ RunTime:0.000008s ]
INFO: [ app_init ] --END-- [ RunTime:0.000183s ]
INFO: [ app_begin ] --START--
INFO: Run Behavior\ReadHtmlCacheBehavior [ RunTime:0.000226s ]
INFO: [ app_begin ] --END-- [ RunTime:0.000252s ]
NOTIC: [2] mcrypt_generic_init(): Key size is 0 /Users/david/code/htdocs/restaurant/ThinkPHP/Library/Org/Util/Weixin/Prpcrypt.class.php 第 27 行.
NOTIC: [2] mcrypt_generic_init(): Key length incorrect /Users/david/code/htdocs/restaurant/ThinkPHP/Library/Org/Util/Weixin/Prpcrypt.class.php 第 27 行.
NOTIC: [2] mdecrypt_generic(): 27 is not a valid MCrypt resource /Users/david/code/htdocs/restaurant/ThinkPHP/Library/Org/Util/Weixin/Prpcrypt.class.php 第 30 行.
NOTIC: [2] mcrypt_generic_deinit(): 27 is not a valid MCrypt resource /Users/david/code/htdocs/restaurant/ThinkPHP/Library/Org/Util/Weixin/Prpcrypt.class.php 第 31 行.
NOTIC: [2] mcrypt_module_close(): 27 is not a valid MCrypt resource /Users/david/code/htdocs/restaurant/ThinkPHP/Library/Org/Util/Weixin/Prpcrypt.class.php 第 32 行.
INFO: [ app_end ] --START--
INFO: Run Behavior\ShowPageTraceBehavior [ RunTime:0.000216s ]
INFO: [ app_end ] --END-- [ RunTime:0.000240s ]

[ 2017-01-20T22:17:28+08:00 ] ::1 /restaurant/index.php/home/user/test
INFO: [ app_init ] --START--
INFO: Run Behavior\BuildLiteBehavior [ RunTime:0.000007s ]
INFO: [ app_init ] --END-- [ RunTime:0.000180s ]
INFO: [ app_begin ] --START--
INFO: Run Behavior\ReadHtmlCacheBehavior [ RunTime:0.000224s ]
INFO: [ app_begin ] --END-- [ RunTime:0.000249s ]
NOTIC: [2] mcrypt_generic_init(): Key size is 0 /Users/david/code/htdocs/restaurant/ThinkPHP/Library/Org/Util/Weixin/Prpcrypt.class.php 第 27 行.
NOTIC: [2] mcrypt_generic_init(): Key length incorrect /Users/david/code/htdocs/restaurant/ThinkPHP/Library/Org/Util/Weixin/Prpcrypt.class.php 第 27 行.
NOTIC: [2] mdecrypt_generic(): 27 is not a valid MCrypt resource /Users/david/code/htdocs/restaurant/ThinkPHP/Library/Org/Util/Weixin/Prpcrypt.class.php 第 30 行.
NOTIC: [2] mcrypt_generic_deinit(): 27 is not a valid MCrypt resource /Users/david/code/htdocs/restaurant/ThinkPHP/Library/Org/Util/Weixin/Prpcrypt.class.php 第 31 行.
NOTIC: [2] mcrypt_module_close(): 27 is not a valid MCrypt resource /Users/david/code/htdocs/restaurant/ThinkPHP/Library/Org/Util/Weixin/Prpcrypt.class.php 第 32 行.
INFO: [ app_end ] --START--
INFO: Run Behavior\ShowPageTraceBehavior [ RunTime:0.000230s ]
INFO: [ app_end ] --END-- [ RunTime:0.000257s ]

[ 2017-01-20T22:18:04+08:00 ] ::1 /restaurant/index.php/home/user/test
INFO: [ app_init ] --START--
INFO: Run Behavior\BuildLiteBehavior [ RunTime:0.000008s ]
INFO: [ app_init ] --END-- [ RunTime:0.000197s ]
INFO: [ app_begin ] --START--
INFO: Run Behavior\ReadHtmlCacheBehavior [ RunTime:0.000226s ]
INFO: [ app_begin ] --END-- [ RunTime:0.000251s ]
NOTIC: [2] mcrypt_generic_init(): Key size is 0 /Users/david/code/htdocs/restaurant/ThinkPHP/Library/Org/Util/Weixin/Prpcrypt.class.php 第 27 行.
NOTIC: [2] mcrypt_generic_init(): Key length incorrect /Users/david/code/htdocs/restaurant/ThinkPHP/Library/Org/Util/Weixin/Prpcrypt.class.php 第 27 行.
NOTIC: [2] mdecrypt_generic(): 27 is not a valid MCrypt resource /Users/david/code/htdocs/restaurant/ThinkPHP/Library/Org/Util/Weixin/Prpcrypt.class.php 第 30 行.
NOTIC: [2] mcrypt_generic_deinit(): 27 is not a valid MCrypt resource /Users/david/code/htdocs/restaurant/ThinkPHP/Library/Org/Util/Weixin/Prpcrypt.class.php 第 31 行.
NOTIC: [2] mcrypt_module_close(): 27 is not a valid MCrypt resource /Users/david/code/htdocs/restaurant/ThinkPHP/Library/Org/Util/Weixin/Prpcrypt.class.php 第 32 行.
INFO: [ app_end ] --START--
INFO: Run Behavior\ShowPageTraceBehavior [ RunTime:0.000223s ]
INFO: [ app_end ] --END-- [ RunTime:0.000247s ]

[ 2017-01-20T22:20:08+08:00 ] ::1 /restaurant/index.php/home/user/test
INFO: [ app_init ] --START--
INFO: Run Behavior\BuildLiteBehavior [ RunTime:0.000008s ]
INFO: [ app_init ] --END-- [ RunTime:0.000184s ]
INFO: [ app_begin ] --START--
INFO: Run Behavior\ReadHtmlCacheBehavior [ RunTime:0.000223s ]
INFO: [ app_begin ] --END-- [ RunTime:0.000248s ]
NOTIC: [2] mcrypt_generic_init(): Key size is 0 /Users/david/code/htdocs/restaurant/ThinkPHP/Library/Org/Util/Weixin/Prpcrypt.class.php 第 27 行.
NOTIC: [2] mcrypt_generic_init(): Key length incorrect /Users/david/code/htdocs/restaurant/ThinkPHP/Library/Org/Util/Weixin/Prpcrypt.class.php 第 27 行.
NOTIC: [2] mdecrypt_generic(): 27 is not a valid MCrypt resource /Users/david/code/htdocs/restaurant/ThinkPHP/Library/Org/Util/Weixin/Prpcrypt.class.php 第 30 行.
NOTIC: [2] mcrypt_generic_deinit(): 27 is not a valid MCrypt resource /Users/david/code/htdocs/restaurant/ThinkPHP/Library/Org/Util/Weixin/Prpcrypt.class.php 第 31 行.
NOTIC: [2] mcrypt_module_close(): 27 is not a valid MCrypt resource /Users/david/code/htdocs/restaurant/ThinkPHP/Library/Org/Util/Weixin/Prpcrypt.class.php 第 32 行.
INFO: [ app_end ] --START--
INFO: Run Behavior\ShowPageTraceBehavior [ RunTime:0.000258s ]
INFO: [ app_end ] --END-- [ RunTime:0.000290s ]

[ 2017-01-20T22:20:09+08:00 ] ::1 /restaurant/index.php/home/user/test
INFO: [ app_init ] --START--
INFO: Run Behavior\BuildLiteBehavior [ RunTime:0.000008s ]
INFO: [ app_init ] --END-- [ RunTime:0.000230s ]
INFO: [ app_begin ] --START--
INFO: Run Behavior\ReadHtmlCacheBehavior [ RunTime:0.000257s ]
INFO: [ app_begin ] --END-- [ RunTime:0.000284s ]
NOTIC: [2] mcrypt_generic_init(): Key size is 0 /Users/david/code/htdocs/restaurant/ThinkPHP/Library/Org/Util/Weixin/Prpcrypt.class.php 第 27 行.
NOTIC: [2] mcrypt_generic_init(): Key length incorrect /Users/david/code/htdocs/restaurant/ThinkPHP/Library/Org/Util/Weixin/Prpcrypt.class.php 第 27 行.
NOTIC: [2] mdecrypt_generic(): 27 is not a valid MCrypt resource /Users/david/code/htdocs/restaurant/ThinkPHP/Library/Org/Util/Weixin/Prpcrypt.class.php 第 30 行.
NOTIC: [2] mcrypt_generic_deinit(): 27 is not a valid MCrypt resource /Users/david/code/htdocs/restaurant/ThinkPHP/Library/Org/Util/Weixin/Prpcrypt.class.php 第 31 行.
NOTIC: [2] mcrypt_module_close(): 27 is not a valid MCrypt resource /Users/david/code/htdocs/restaurant/ThinkPHP/Library/Org/Util/Weixin/Prpcrypt.class.php 第 32 行.
INFO: [ app_end ] --START--
INFO: Run Behavior\ShowPageTraceBehavior [ RunTime:0.000259s ]
INFO: [ app_end ] --END-- [ RunTime:0.000289s ]

[ 2017-01-20T22:20:30+08:00 ] ::1 /restaurant/index.php/home/user/test
INFO: [ app_init ] --START--
INFO: Run Behavior\BuildLiteBehavior [ RunTime:0.000007s ]
INFO: [ app_init ] --END-- [ RunTime:0.000186s ]
INFO: [ app_begin ] --START--
INFO: Run Behavior\ReadHtmlCacheBehavior [ RunTime:0.000203s ]
INFO: [ app_begin ] --END-- [ RunTime:0.000225s ]
NOTIC: [2] mcrypt_generic_init(): Key size is 0 /Users/david/code/htdocs/restaurant/ThinkPHP/Library/Org/Util/Weixin/Prpcrypt.class.php 第 27 行.
NOTIC: [2] mcrypt_generic_init(): Key length incorrect /Users/david/code/htdocs/restaurant/ThinkPHP/Library/Org/Util/Weixin/Prpcrypt.class.php 第 27 行.
NOTIC: [2] mdecrypt_generic(): 27 is not a valid MCrypt resource /Users/david/code/htdocs/restaurant/ThinkPHP/Library/Org/Util/Weixin/Prpcrypt.class.php 第 30 行.
NOTIC: [2] mcrypt_generic_deinit(): 27 is not a valid MCrypt resource /Users/david/code/htdocs/restaurant/ThinkPHP/Library/Org/Util/Weixin/Prpcrypt.class.php 第 31 行.
NOTIC: [2] mcrypt_module_close(): 27 is not a valid MCrypt resource /Users/david/code/htdocs/restaurant/ThinkPHP/Library/Org/Util/Weixin/Prpcrypt.class.php 第 32 行.
INFO: [ app_end ] --START--
INFO: Run Behavior\ShowPageTraceBehavior [ RunTime:0.000306s ]
INFO: [ app_end ] --END-- [ RunTime:0.000335s ]

[ 2017-01-20T22:20:31+08:00 ] ::1 /restaurant/index.php/home/user/test
INFO: [ app_init ] --START--
INFO: Run Behavior\BuildLiteBehavior [ RunTime:0.000009s ]
INFO: [ app_init ] --END-- [ RunTime:0.000178s ]
INFO: [ app_begin ] --START--
INFO: Run Behavior\ReadHtmlCacheBehavior [ RunTime:0.000233s ]
INFO: [ app_begin ] --END-- [ RunTime:0.000265s ]
NOTIC: [2] mcrypt_generic_init(): Key size is 0 /Users/david/code/htdocs/restaurant/ThinkPHP/Library/Org/Util/Weixin/Prpcrypt.class.php 第 27 行.
NOTIC: [2] mcrypt_generic_init(): Key length incorrect /Users/david/code/htdocs/restaurant/ThinkPHP/Library/Org/Util/Weixin/Prpcrypt.class.php 第 27 行.
NOTIC: [2] mdecrypt_generic(): 27 is not a valid MCrypt resource /Users/david/code/htdocs/restaurant/ThinkPHP/Library/Org/Util/Weixin/Prpcrypt.class.php 第 30 行.
NOTIC: [2] mcrypt_generic_deinit(): 27 is not a valid MCrypt resource /Users/david/code/htdocs/restaurant/ThinkPHP/Library/Org/Util/Weixin/Prpcrypt.class.php 第 31 行.
NOTIC: [2] mcrypt_module_close(): 27 is not a valid MCrypt resource /Users/david/code/htdocs/restaurant/ThinkPHP/Library/Org/Util/Weixin/Prpcrypt.class.php 第 32 行.
INFO: [ app_end ] --START--
INFO: Run Behavior\ShowPageTraceBehavior [ RunTime:0.000204s ]
INFO: [ app_end ] --END-- [ RunTime:0.000227s ]

[ 2017-01-20T22:21:26+08:00 ] ::1 /restaurant/index.php/home/user/test
INFO: [ app_init ] --START--
INFO: Run Behavior\BuildLiteBehavior [ RunTime:0.000008s ]
INFO: [ app_init ] --END-- [ RunTime:0.000185s ]
INFO: [ app_begin ] --START--
INFO: Run Behavior\ReadHtmlCacheBehavior [ RunTime:0.000225s ]
INFO: [ app_begin ] --END-- [ RunTime:0.000249s ]
NOTIC: [2] mcrypt_generic_init(): Key size is 0 /Users/david/code/htdocs/restaurant/ThinkPHP/Library/Org/Util/Weixin/Prpcrypt.class.php 第 27 行.
NOTIC: [2] mcrypt_generic_init(): Key length incorrect /Users/david/code/htdocs/restaurant/ThinkPHP/Library/Org/Util/Weixin/Prpcrypt.class.php 第 27 行.
NOTIC: [2] mdecrypt_generic(): 27 is not a valid MCrypt resource /Users/david/code/htdocs/restaurant/ThinkPHP/Library/Org/Util/Weixin/Prpcrypt.class.php 第 30 行.
NOTIC: [2] mcrypt_generic_deinit(): 27 is not a valid MCrypt resource /Users/david/code/htdocs/restaurant/ThinkPHP/Library/Org/Util/Weixin/Prpcrypt.class.php 第 31 行.
NOTIC: [2] mcrypt_module_close(): 27 is not a valid MCrypt resource /Users/david/code/htdocs/restaurant/ThinkPHP/Library/Org/Util/Weixin/Prpcrypt.class.php 第 32 行.
INFO: [ app_end ] --START--
INFO: Run Behavior\ShowPageTraceBehavior [ RunTime:0.000232s ]
INFO: [ app_end ] --END-- [ RunTime:0.000257s ]

[ 2017-01-20T22:21:29+08:00 ] ::1 /restaurant/index.php/home/user/test
INFO: [ app_init ] --START--
INFO: Run Behavior\BuildLiteBehavior [ RunTime:0.000008s ]
INFO: [ app_init ] --END-- [ RunTime:0.000176s ]
INFO: [ app_begin ] --START--
INFO: Run Behavior\ReadHtmlCacheBehavior [ RunTime:0.000221s ]
INFO: [ app_begin ] --END-- [ RunTime:0.000246s ]
NOTIC: [2] mcrypt_generic_init(): Key size is 0 /Users/david/code/htdocs/restaurant/ThinkPHP/Library/Org/Util/Weixin/Prpcrypt.class.php 第 27 行.
NOTIC: [2] mcrypt_generic_init(): Key length incorrect /Users/david/code/htdocs/restaurant/ThinkPHP/Library/Org/Util/Weixin/Prpcrypt.class.php 第 27 行.
NOTIC: [2] mdecrypt_generic(): 27 is not a valid MCrypt resource /Users/david/code/htdocs/restaurant/ThinkPHP/Library/Org/Util/Weixin/Prpcrypt.class.php 第 30 行.
NOTIC: [2] mcrypt_generic_deinit(): 27 is not a valid MCrypt resource /Users/david/code/htdocs/restaurant/ThinkPHP/Library/Org/Util/Weixin/Prpcrypt.class.php 第 31 行.
NOTIC: [2] mcrypt_module_close(): 27 is not a valid MCrypt resource /Users/david/code/htdocs/restaurant/ThinkPHP/Library/Org/Util/Weixin/Prpcrypt.class.php 第 32 行.
INFO: [ app_end ] --START--
INFO: Run Behavior\ShowPageTraceBehavior [ RunTime:0.000232s ]
INFO: [ app_end ] --END-- [ RunTime:0.000258s ]

[ 2017-01-20T22:25:27+08:00 ] ::1 /restaurant/index.php/home/user/test
INFO: [ app_init ] --START--
INFO: Run Behavior\BuildLiteBehavior [ RunTime:0.000007s ]
INFO: [ app_init ] --END-- [ RunTime:0.000169s ]
INFO: [ app_begin ] --START--
INFO: Run Behavior\ReadHtmlCacheBehavior [ RunTime:0.000205s ]
INFO: [ app_begin ] --END-- [ RunTime:0.000228s ]
NOTIC: [2] mcrypt_generic_init(): Key size is 0 /Users/david/code/htdocs/restaurant/ThinkPHP/Library/Org/Util/Weixin/Prpcrypt.class.php 第 27 行.
NOTIC: [2] mcrypt_generic_init(): Key length incorrect /Users/david/code/htdocs/restaurant/ThinkPHP/Library/Org/Util/Weixin/Prpcrypt.class.php 第 27 行.
NOTIC: [2] mdecrypt_generic(): 27 is not a valid MCrypt resource /Users/david/code/htdocs/restaurant/ThinkPHP/Library/Org/Util/Weixin/Prpcrypt.class.php 第 30 行.
NOTIC: [2] mcrypt_generic_deinit(): 27 is not a valid MCrypt resource /Users/david/code/htdocs/restaurant/ThinkPHP/Library/Org/Util/Weixin/Prpcrypt.class.php 第 31 行.
NOTIC: [2] mcrypt_module_close(): 27 is not a valid MCrypt resource /Users/david/code/htdocs/restaurant/ThinkPHP/Library/Org/Util/Weixin/Prpcrypt.class.php 第 32 行.
INFO: [ app_end ] --START--
INFO: Run Behavior\ShowPageTraceBehavior [ RunTime:0.000212s ]
INFO: [ app_end ] --END-- [ RunTime:0.000236s ]

[ 2017-01-20T22:29:20+08:00 ] ::1 /restaurant/index.php/home/user/test
INFO: [ app_init ] --START--
INFO: Run Behavior\BuildLiteBehavior [ RunTime:0.000006s ]
INFO: [ app_init ] --END-- [ RunTime:0.000172s ]
INFO: [ app_begin ] --START--
INFO: Run Behavior\ReadHtmlCacheBehavior [ RunTime:0.000228s ]
INFO: [ app_begin ] --END-- [ RunTime:0.000251s ]
NOTIC: [2] mcrypt_generic_init(): Key size is 0 /Users/david/code/htdocs/restaurant/ThinkPHP/Library/Org/Util/Weixin/Prpcrypt.class.php 第 27 行.
NOTIC: [2] mcrypt_generic_init(): Key length incorrect /Users/david/code/htdocs/restaurant/ThinkPHP/Library/Org/Util/Weixin/Prpcrypt.class.php 第 27 行.
NOTIC: [2] mdecrypt_generic(): 27 is not a valid MCrypt resource /Users/david/code/htdocs/restaurant/ThinkPHP/Library/Org/Util/Weixin/Prpcrypt.class.php 第 30 行.
NOTIC: [2] mcrypt_generic_deinit(): 27 is not a valid MCrypt resource /Users/david/code/htdocs/restaurant/ThinkPHP/Library/Org/Util/Weixin/Prpcrypt.class.php 第 31 行.
NOTIC: [2] mcrypt_module_close(): 27 is not a valid MCrypt resource /Users/david/code/htdocs/restaurant/ThinkPHP/Library/Org/Util/Weixin/Prpcrypt.class.php 第 32 行.
INFO: [ app_end ] --START--
INFO: Run Behavior\ShowPageTraceBehavior [ RunTime:0.000305s ]
INFO: [ app_end ] --END-- [ RunTime:0.000332s ]

[ 2017-01-20T22:30:00+08:00 ] ::1 /restaurant/index.php/home/user/test
INFO: [ app_init ] --START--
INFO: Run Behavior\BuildLiteBehavior [ RunTime:0.000007s ]
INFO: [ app_init ] --END-- [ RunTime:0.000162s ]
INFO: [ app_begin ] --START--
INFO: Run Behavior\ReadHtmlCacheBehavior [ RunTime:0.000234s ]
INFO: [ app_begin ] --END-- [ RunTime:0.000256s ]
NOTIC: [2] mcrypt_generic_init(): Key size is 0 /Users/david/code/htdocs/restaurant/ThinkPHP/Library/Org/Util/Weixin/Prpcrypt.class.php 第 27 行.
NOTIC: [2] mcrypt_generic_init(): Key length incorrect /Users/david/code/htdocs/restaurant/ThinkPHP/Library/Org/Util/Weixin/Prpcrypt.class.php 第 27 行.
NOTIC: [2] mdecrypt_generic(): 27 is not a valid MCrypt resource /Users/david/code/htdocs/restaurant/ThinkPHP/Library/Org/Util/Weixin/Prpcrypt.class.php 第 30 行.
NOTIC: [2] mcrypt_generic_deinit(): 27 is not a valid MCrypt resource /Users/david/code/htdocs/restaurant/ThinkPHP/Library/Org/Util/Weixin/Prpcrypt.class.php 第 31 行.
NOTIC: [2] mcrypt_module_close(): 27 is not a valid MCrypt resource /Users/david/code/htdocs/restaurant/ThinkPHP/Library/Org/Util/Weixin/Prpcrypt.class.php 第 32 行.
INFO: [ app_end ] --START--
INFO: Run Behavior\ShowPageTraceBehavior [ RunTime:0.000223s ]
INFO: [ app_end ] --END-- [ RunTime:0.000249s ]

[ 2017-01-20T22:32:59+08:00 ] ::1 /restaurant/index.php/home/user/test
INFO: [ app_init ] --START--
INFO: Run Behavior\BuildLiteBehavior [ RunTime:0.000007s ]
INFO: [ app_init ] --END-- [ RunTime:0.000164s ]
INFO: [ app_begin ] --START--
INFO: Run Behavior\ReadHtmlCacheBehavior [ RunTime:0.000222s ]
INFO: [ app_begin ] --END-- [ RunTime:0.000246s ]
NOTIC: [2] mcrypt_generic_init(): Key size is 0 /Users/david/code/htdocs/restaurant/ThinkPHP/Library/Org/Util/Weixin/Prpcrypt.class.php 第 27 行.
NOTIC: [2] mcrypt_generic_init(): Key length incorrect /Users/david/code/htdocs/restaurant/ThinkPHP/Library/Org/Util/Weixin/Prpcrypt.class.php 第 27 行.
NOTIC: [2] mdecrypt_generic(): 27 is not a valid MCrypt resource /Users/david/code/htdocs/restaurant/ThinkPHP/Library/Org/Util/Weixin/Prpcrypt.class.php 第 30 行.
NOTIC: [2] mcrypt_generic_deinit(): 27 is not a valid MCrypt resource /Users/david/code/htdocs/restaurant/ThinkPHP/Library/Org/Util/Weixin/Prpcrypt.class.php 第 31 行.
NOTIC: [2] mcrypt_module_close(): 27 is not a valid MCrypt resource /Users/david/code/htdocs/restaurant/ThinkPHP/Library/Org/Util/Weixin/Prpcrypt.class.php 第 32 行.
INFO: [ app_end ] --START--
INFO: Run Behavior\ShowPageTraceBehavior [ RunTime:0.000234s ]
INFO: [ app_end ] --END-- [ RunTime:0.000260s ]

[ 2017-01-20T22:34:37+08:00 ] ::1 /restaurant/index.php/home/user/test
INFO: [ app_init ] --START--
INFO: Run Behavior\BuildLiteBehavior [ RunTime:0.000008s ]
INFO: [ app_init ] --END-- [ RunTime:0.000184s ]
INFO: [ app_begin ] --START--
INFO: Run Behavior\ReadHtmlCacheBehavior [ RunTime:0.000225s ]
INFO: [ app_begin ] --END-- [ RunTime:0.000250s ]
NOTIC: [2] mcrypt_generic_init(): Key size is 0 /Users/david/code/htdocs/restaurant/ThinkPHP/Library/Org/Util/Weixin/Prpcrypt.class.php 第 27 行.
NOTIC: [2] mcrypt_generic_init(): Key length incorrect /Users/david/code/htdocs/restaurant/ThinkPHP/Library/Org/Util/Weixin/Prpcrypt.class.php 第 27 行.
NOTIC: [2] mdecrypt_generic(): 27 is not a valid MCrypt resource /Users/david/code/htdocs/restaurant/ThinkPHP/Library/Org/Util/Weixin/Prpcrypt.class.php 第 30 行.
NOTIC: [2] mcrypt_generic_deinit(): 27 is not a valid MCrypt resource /Users/david/code/htdocs/restaurant/ThinkPHP/Library/Org/Util/Weixin/Prpcrypt.class.php 第 31 行.
NOTIC: [2] mcrypt_module_close(): 27 is not a valid MCrypt resource /Users/david/code/htdocs/restaurant/ThinkPHP/Library/Org/Util/Weixin/Prpcrypt.class.php 第 32 行.
INFO: [ app_end ] --START--
INFO: Run Behavior\ShowPageTraceBehavior [ RunTime:0.000235s ]
INFO: [ app_end ] --END-- [ RunTime:0.000262s ]

[ 2017-01-20T22:35:24+08:00 ] ::1 /restaurant/index.php/home/user/test
INFO: [ app_init ] --START--
INFO: Run Behavior\BuildLiteBehavior [ RunTime:0.000008s ]
INFO: [ app_init ] --END-- [ RunTime:0.000183s ]
INFO: [ app_begin ] --START--
INFO: Run Behavior\ReadHtmlCacheBehavior [ RunTime:0.000271s ]
INFO: [ app_begin ] --END-- [ RunTime:0.000296s ]
NOTIC: [2] mcrypt_generic_init(): Key size is 0 /Users/david/code/htdocs/restaurant/ThinkPHP/Library/Org/Util/Weixin/Prpcrypt.class.php 第 27 行.
NOTIC: [2] mcrypt_generic_init(): Key length incorrect /Users/david/code/htdocs/restaurant/ThinkPHP/Library/Org/Util/Weixin/Prpcrypt.class.php 第 27 行.
NOTIC: [2] mdecrypt_generic(): 27 is not a valid MCrypt resource /Users/david/code/htdocs/restaurant/ThinkPHP/Library/Org/Util/Weixin/Prpcrypt.class.php 第 30 行.
NOTIC: [2] mcrypt_generic_deinit(): 27 is not a valid MCrypt resource /Users/david/code/htdocs/restaurant/ThinkPHP/Library/Org/Util/Weixin/Prpcrypt.class.php 第 31 行.
NOTIC: [2] mcrypt_module_close(): 27 is not a valid MCrypt resource /Users/david/code/htdocs/restaurant/ThinkPHP/Library/Org/Util/Weixin/Prpcrypt.class.php 第 32 行.
INFO: [ app_end ] --START--
INFO: Run Behavior\ShowPageTraceBehavior [ RunTime:0.000235s ]
INFO: [ app_end ] --END-- [ RunTime:0.000263s ]

[ 2017-01-20T22:35:44+08:00 ] ::1 /restaurant/index.php/home/user/test
INFO: [ app_init ] --START--
INFO: Run Behavior\BuildLiteBehavior [ RunTime:0.000008s ]
INFO: [ app_init ] --END-- [ RunTime:0.000169s ]
INFO: [ app_begin ] --START--
INFO: Run Behavior\ReadHtmlCacheBehavior [ RunTime:0.000204s ]
INFO: [ app_begin ] --END-- [ RunTime:0.000227s ]
INFO: [ app_end ] --START--
INFO: Run Behavior\ShowPageTraceBehavior [ RunTime:0.000210s ]
INFO: [ app_end ] --END-- [ RunTime:0.000235s ]

[ 2017-01-20T22:44:03+08:00 ] ::1 /restaurant/index.php/home/user/test
INFO: [ app_init ] --START--
INFO: Run Behavior\BuildLiteBehavior [ RunTime:0.000008s ]
INFO: [ app_init ] --END-- [ RunTime:0.000182s ]
INFO: [ app_begin ] --START--
INFO: Run Behavior\ReadHtmlCacheBehavior [ RunTime:0.000268s ]
INFO: [ app_begin ] --END-- [ RunTime:0.000295s ]
INFO: [ app_end ] --START--
INFO: Run Behavior\ShowPageTraceBehavior [ RunTime:0.000246s ]
INFO: [ app_end ] --END-- [ RunTime:0.000274s ]

[ 2017-01-20T22:45:24+08:00 ] ::1 /restaurant/index.php/home/user/test
INFO: [ app_init ] --START--
INFO: Run Behavior\BuildLiteBehavior [ RunTime:0.000007s ]
INFO: [ app_init ] --END-- [ RunTime:0.000162s ]
INFO: [ app_begin ] --START--
INFO: Run Behavior\ReadHtmlCacheBehavior [ RunTime:0.000202s ]
INFO: [ app_begin ] --END-- [ RunTime:0.000224s ]
INFO: [ app_end ] --START--
INFO: Run Behavior\ShowPageTraceBehavior [ RunTime:0.000211s ]
INFO: [ app_end ] --END-- [ RunTime:0.000236s ]

[ 2017-01-20T22:45:44+08:00 ] ::1 /restaurant/index.php/home/user/test
INFO: [ app_init ] --START--
INFO: Run Behavior\BuildLiteBehavior [ RunTime:0.000009s ]
INFO: [ app_init ] --END-- [ RunTime:0.000212s ]
INFO: [ app_begin ] --START--
INFO: Run Behavior\ReadHtmlCacheBehavior [ RunTime:0.000240s ]
INFO: [ app_begin ] --END-- [ RunTime:0.000267s ]
INFO: [ app_end ] --START--
INFO: Run Behavior\ShowPageTraceBehavior [ RunTime:0.000249s ]
INFO: [ app_end ] --END-- [ RunTime:0.000278s ]

[ 2017-01-20T22:46:00+08:00 ] ::1 /restaurant/index.php/home/user/test
INFO: [ app_init ] --START--
INFO: Run Behavior\BuildLiteBehavior [ RunTime:0.000008s ]
INFO: [ app_init ] --END-- [ RunTime:0.000179s ]
INFO: [ app_begin ] --START--
INFO: Run Behavior\ReadHtmlCacheBehavior [ RunTime:0.000221s ]
INFO: [ app_begin ] --END-- [ RunTime:0.000246s ]
INFO: [ app_end ] --START--
INFO: Run Behavior\ShowPageTraceBehavior [ RunTime:0.000283s ]
INFO: [ app_end ] --END-- [ RunTime:0.000311s ]

[ 2017-01-20T22:46:01+08:00 ] ::1 /restaurant/index.php/home/user/test
INFO: [ app_init ] --START--
INFO: Run Behavior\BuildLiteBehavior [ RunTime:0.000007s ]
INFO: [ app_init ] --END-- [ RunTime:0.000165s ]
INFO: [ app_begin ] --START--
INFO: Run Behavior\ReadHtmlCacheBehavior [ RunTime:0.000203s ]
INFO: [ app_begin ] --END-- [ RunTime:0.000225s ]
INFO: [ app_end ] --START--
INFO: Run Behavior\ShowPageTraceBehavior [ RunTime:0.000212s ]
INFO: [ app_end ] --END-- [ RunTime:0.000236s ]

[ 2017-01-20T22:46:02+08:00 ] ::1 /restaurant/index.php/home/user/test
INFO: [ app_init ] --START--
INFO: Run Behavior\BuildLiteBehavior [ RunTime:0.000008s ]
INFO: [ app_init ] --END-- [ RunTime:0.000180s ]
INFO: [ app_begin ] --START--
INFO: Run Behavior\ReadHtmlCacheBehavior [ RunTime:0.000226s ]
INFO: [ app_begin ] --END-- [ RunTime:0.000251s ]
INFO: [ app_end ] --START--
INFO: Run Behavior\ShowPageTraceBehavior [ RunTime:0.000241s ]
INFO: [ app_end ] --END-- [ RunTime:0.000270s ]

[ 2017-01-20T22:46:03+08:00 ] ::1 /restaurant/index.php/home/user/test
INFO: [ app_init ] --START--
INFO: Run Behavior\BuildLiteBehavior [ RunTime:0.000006s ]
INFO: [ app_init ] --END-- [ RunTime:0.000160s ]
INFO: [ app_begin ] --START--
INFO: Run Behavior\ReadHtmlCacheBehavior [ RunTime:0.000231s ]
INFO: [ app_begin ] --END-- [ RunTime:0.000256s ]
INFO: [ app_end ] --START--
INFO: Run Behavior\ShowPageTraceBehavior [ RunTime:0.000229s ]
INFO: [ app_end ] --END-- [ RunTime:0.000257s ]

[ 2017-01-20T22:46:14+08:00 ] ::1 /restaurant/index.php/home/user/test
INFO: [ app_init ] --START--
INFO: Run Behavior\BuildLiteBehavior [ RunTime:0.000007s ]
INFO: [ app_init ] --END-- [ RunTime:0.000181s ]
INFO: [ app_begin ] --START--
INFO: Run Behavior\ReadHtmlCacheBehavior [ RunTime:0.000250s ]
INFO: [ app_begin ] --END-- [ RunTime:0.000276s ]
INFO: [ app_end ] --START--
INFO: Run Behavior\ShowPageTraceBehavior [ RunTime:0.000231s ]
INFO: [ app_end ] --END-- [ RunTime:0.000259s ]

[ 2017-01-20T22:46:15+08:00 ] ::1 /restaurant/index.php/home/user/test
INFO: [ app_init ] --START--
INFO: Run Behavior\BuildLiteBehavior [ RunTime:0.000007s ]
INFO: [ app_init ] --END-- [ RunTime:0.000180s ]
INFO: [ app_begin ] --START--
INFO: Run Behavior\ReadHtmlCacheBehavior [ RunTime:0.000236s ]
INFO: [ app_begin ] --END-- [ RunTime:0.000263s ]
INFO: [ app_end ] --START--
INFO: Run Behavior\ShowPageTraceBehavior [ RunTime:0.000237s ]
INFO: [ app_end ] --END-- [ RunTime:0.000265s ]

[ 2017-01-20T22:46:29+08:00 ] ::1 /restaurant/index.php/home/user/test
INFO: [ app_init ] --START--
INFO: Run Behavior\BuildLiteBehavior [ RunTime:0.000008s ]
INFO: [ app_init ] --END-- [ RunTime:0.000165s ]
INFO: [ app_begin ] --START--
INFO: Run Behavior\ReadHtmlCacheBehavior [ RunTime:0.000201s ]
INFO: [ app_begin ] --END-- [ RunTime:0.000224s ]
INFO: [ app_end ] --START--
INFO: Run Behavior\ShowPageTraceBehavior [ RunTime:0.000209s ]
INFO: [ app_end ] --END-- [ RunTime:0.000234s ]

[ 2017-01-20T22:47:07+08:00 ] ::1 /restaurant/index.php/home/user/test
INFO: [ app_init ] --START--
INFO: Run Behavior\BuildLiteBehavior [ RunTime:0.000006s ]
INFO: [ app_init ] --END-- [ RunTime:0.000161s ]
INFO: [ app_begin ] --START--
INFO: Run Behavior\ReadHtmlCacheBehavior [ RunTime:0.000203s ]
INFO: [ app_begin ] --END-- [ RunTime:0.000225s ]
INFO: [ app_end ] --START--
INFO: Run Behavior\ShowPageTraceBehavior [ RunTime:0.000209s ]
INFO: [ app_end ] --END-- [ RunTime:0.000234s ]

[ 2017-01-20T22:47:08+08:00 ] ::1 /restaurant/index.php/home/user/test
INFO: [ app_init ] --START--
INFO: Run Behavior\BuildLiteBehavior [ RunTime:0.000008s ]
INFO: [ app_init ] --END-- [ RunTime:0.000157s ]
INFO: [ app_begin ] --START--
INFO: Run Behavior\ReadHtmlCacheBehavior [ RunTime:0.000220s ]
INFO: [ app_begin ] --END-- [ RunTime:0.000242s ]
INFO: [ app_end ] --START--
INFO: Run Behavior\ShowPageTraceBehavior [ RunTime:0.000200s ]
INFO: [ app_end ] --END-- [ RunTime:0.000225s ]

[ 2017-01-20T22:49:06+08:00 ] ::1 /restaurant/index.php/home/user/test
INFO: [ app_init ] --START--
INFO: Run Behavior\BuildLiteBehavior [ RunTime:0.000007s ]
INFO: [ app_init ] --END-- [ RunTime:0.000167s ]
INFO: [ app_begin ] --START--
INFO: Run Behavior\ReadHtmlCacheBehavior [ RunTime:0.000205s ]
INFO: [ app_begin ] --END-- [ RunTime:0.000227s ]
INFO: [ app_end ] --START--
INFO: Run Behavior\ShowPageTraceBehavior [ RunTime:0.000216s ]
INFO: [ app_end ] --END-- [ RunTime:0.000242s ]

[ 2017-01-20T22:49:09+08:00 ] ::1 /restaurant/index.php/home/user/test
INFO: [ app_init ] --START--
INFO: Run Behavior\BuildLiteBehavior [ RunTime:0.000008s ]
INFO: [ app_init ] --END-- [ RunTime:0.000168s ]
INFO: [ app_begin ] --START--
INFO: Run Behavior\ReadHtmlCacheBehavior [ RunTime:0.000206s ]
INFO: [ app_begin ] --END-- [ RunTime:0.000229s ]
INFO: [ app_end ] --START--
INFO: Run Behavior\ShowPageTraceBehavior [ RunTime:0.000210s ]
INFO: [ app_end ] --END-- [ RunTime:0.000235s ]

[ 2017-01-20T22:49:42+08:00 ] ::1 /restaurant/index.php/home/user/test
INFO: [ app_init ] --START--
INFO: Run Behavior\BuildLiteBehavior [ RunTime:0.000007s ]
INFO: [ app_init ] --END-- [ RunTime:0.000168s ]
INFO: [ app_begin ] --START--
INFO: Run Behavior\ReadHtmlCacheBehavior [ RunTime:0.000221s ]
INFO: [ app_begin ] --END-- [ RunTime:0.000245s ]
INFO: [ app_end ] --START--
INFO: Run Behavior\ShowPageTraceBehavior [ RunTime:0.000210s ]
INFO: [ app_end ] --END-- [ RunTime:0.000236s ]

[ 2017-01-20T22:49:55+08:00 ] ::1 /restaurant/index.php/home/user/test
INFO: [ app_init ] --START--
INFO: Run Behavior\BuildLiteBehavior [ RunTime:0.000008s ]
INFO: [ app_init ] --END-- [ RunTime:0.000186s ]
INFO: [ app_begin ] --START--
INFO: Run Behavior\ReadHtmlCacheBehavior [ RunTime:0.000228s ]
INFO: [ app_begin ] --END-- [ RunTime:0.000253s ]
INFO: [ app_end ] --START--
INFO: Run Behavior\ShowPageTraceBehavior [ RunTime:0.000221s ]
INFO: [ app_end ] --END-- [ RunTime:0.000247s ]

[ 2017-01-20T22:50:47+08:00 ] ::1 /restaurant/index.php/home/user/test
INFO: [ app_init ] --START--
INFO: Run Behavior\BuildLiteBehavior [ RunTime:0.000007s ]
INFO: [ app_init ] --END-- [ RunTime:0.000171s ]
INFO: [ app_begin ] --START--
INFO: Run Behavior\ReadHtmlCacheBehavior [ RunTime:0.000208s ]
INFO: [ app_begin ] --END-- [ RunTime:0.000231s ]
INFO: [ app_end ] --START--
INFO: Run Behavior\ShowPageTraceBehavior [ RunTime:0.000217s ]
INFO: [ app_end ] --END-- [ RunTime:0.000242s ]

[ 2017-01-20T22:51:03+08:00 ] ::1 /restaurant/index.php/home/user/test
INFO: [ app_init ] --START--
INFO: Run Behavior\BuildLiteBehavior [ RunTime:0.000008s ]
INFO: [ app_init ] --END-- [ RunTime:0.000179s ]
INFO: [ app_begin ] --START--
INFO: Run Behavior\ReadHtmlCacheBehavior [ RunTime:0.000231s ]
INFO: [ app_begin ] --END-- [ RunTime:0.000255s ]
INFO: [ app_end ] --START--
INFO: Run Behavior\ShowPageTraceBehavior [ RunTime:0.000229s ]
INFO: [ app_end ] --END-- [ RunTime:0.000256s ]

[ 2017-01-20T22:51:53+08:00 ] ::1 /restaurant/index.php/home/user/test
INFO: [ app_init ] --START--
INFO: Run Behavior\BuildLiteBehavior [ RunTime:0.000008s ]
INFO: [ app_init ] --END-- [ RunTime:0.000178s ]
INFO: [ app_begin ] --START--
INFO: Run Behavior\ReadHtmlCacheBehavior [ RunTime:0.000245s ]
INFO: [ app_begin ] --END-- [ RunTime:0.000272s ]
NOTIC: [8] Undefined property: Org\Util\Weixin\DataCrypt::$openId /Users/david/code/htdocs/restaurant/ThinkPHP/Library/Org/Util/Weixin/DataCrypt.class.php 第 56 行.
INFO: [ app_end ] --START--
INFO: Run Behavior\ShowPageTraceBehavior [ RunTime:0.000226s ]
INFO: [ app_end ] --END-- [ RunTime:0.000253s ]

[ 2017-01-20T22:51:54+08:00 ] ::1 /restaurant/index.php/home/user/test
INFO: [ app_init ] --START--
INFO: Run Behavior\BuildLiteBehavior [ RunTime:0.000008s ]
INFO: [ app_init ] --END-- [ RunTime:0.000182s ]
INFO: [ app_begin ] --START--
INFO: Run Behavior\ReadHtmlCacheBehavior [ RunTime:0.000222s ]
INFO: [ app_begin ] --END-- [ RunTime:0.000248s ]
NOTIC: [8] Undefined property: Org\Util\Weixin\DataCrypt::$openId /Users/david/code/htdocs/restaurant/ThinkPHP/Library/Org/Util/Weixin/DataCrypt.class.php 第 56 行.
INFO: [ app_end ] --START--
INFO: Run Behavior\ShowPageTraceBehavior [ RunTime:0.000219s ]
INFO: [ app_end ] --END-- [ RunTime:0.000244s ]

[ 2017-01-20T22:52:42+08:00 ] ::1 /restaurant/index.php/home/user/test
INFO: [ app_init ] --START--
INFO: Run Behavior\BuildLiteBehavior [ RunTime:0.000008s ]
INFO: [ app_init ] --END-- [ RunTime:0.000184s ]
INFO: [ app_begin ] --START--
INFO: Run Behavior\ReadHtmlCacheBehavior [ RunTime:0.000237s ]
INFO: [ app_begin ] --END-- [ RunTime:0.000263s ]
INFO: [ app_end ] --START--
INFO: Run Behavior\ShowPageTraceBehavior [ RunTime:0.000234s ]
INFO: [ app_end ] --END-- [ RunTime:0.000262s ]

[ 2017-01-20T22:53:16+08:00 ] ::1 /restaurant/index.php/home/user/test
INFO: [ app_init ] --START--
INFO: Run Behavior\BuildLiteBehavior [ RunTime:0.000008s ]
INFO: [ app_init ] --END-- [ RunTime:0.000170s ]
INFO: [ app_begin ] --START--
INFO: Run Behavior\ReadHtmlCacheBehavior [ RunTime:0.000212s ]
INFO: [ app_begin ] --END-- [ RunTime:0.000235s ]
INFO: [ app_end ] --START--
INFO: Run Behavior\ShowPageTraceBehavior [ RunTime:0.000218s ]
INFO: [ app_end ] --END-- [ RunTime:0.000244s ]

