[ 2017-02-11T17:43:00+08:00 ] ::1 /restaurant/index.php/api/menu/get_menus
INFO: [ app_init ] --START--
INFO: Run Behavior\BuildLiteBehavior [ RunTime:0.000009s ]
INFO: [ app_init ] --END-- [ RunTime:0.000259s ]
INFO: [ app_begin ] --START--
INFO: Run Behavior\ReadHtmlCacheBehavior [ RunTime:0.000470s ]
INFO: [ app_begin ] --END-- [ RunTime:0.000510s ]
SQL: SHOW COLUMNS FROM `menu` [ RunTime:0.0036s ]
SQL: SELECT `name`,`image`,`price`,`description` FROM `menu` WHERE ( status=1 )  [ RunTime:0.0003s ]
INFO: [ app_end ] --START--
INFO: Run Behavior\ShowPageTraceBehavior [ RunTime:0.000529s ]
INFO: [ app_end ] --END-- [ RunTime:0.000566s ]

[ 2017-02-11T17:43:10+08:00 ] ::1 /restaurant/index.php/api/menu/get_menus
INFO: [ app_init ] --START--
INFO: Run Behavior\BuildLiteBehavior [ RunTime:0.000013s ]
INFO: [ app_init ] --END-- [ RunTime:0.000463s ]
INFO: [ app_begin ] --START--
INFO: Run Behavior\ReadHtmlCacheBehavior [ RunTime:0.000473s ]
INFO: [ app_begin ] --END-- [ RunTime:0.000514s ]
SQL: SHOW COLUMNS FROM `menu` [ RunTime:0.0017s ]
SQL: SELECT `name`,`image`,`price`,`description` FROM `menu` WHERE ( status=1 )  [ RunTime:0.0003s ]
INFO: [ app_end ] --START--
INFO: Run Behavior\ShowPageTraceBehavior [ RunTime:0.000739s ]
INFO: [ app_end ] --END-- [ RunTime:0.000796s ]

[ 2017-02-11T17:43:20+08:00 ] ::1 /restaurant/index.php/api/menu/get_menus
INFO: [ app_init ] --START--
INFO: Run Behavior\BuildLiteBehavior [ RunTime:0.000012s ]
INFO: [ app_init ] --END-- [ RunTime:0.000331s ]
INFO: [ app_begin ] --START--
INFO: Run Behavior\ReadHtmlCacheBehavior [ RunTime:0.000405s ]
INFO: [ app_begin ] --END-- [ RunTime:0.000439s ]
SQL: SHOW COLUMNS FROM `menu` [ RunTime:0.0017s ]
SQL: SELECT `name`,`image`,`price`,`description` FROM `menu` WHERE ( status=1 )  [ RunTime:0.0002s ]
INFO: [ app_end ] --START--
INFO: Run Behavior\ShowPageTraceBehavior [ RunTime:0.001533s ]
INFO: [ app_end ] --END-- [ RunTime:0.001603s ]

[ 2017-02-11T17:43:25+08:00 ] ::1 /restaurant/index.php/api/menu/get_menus
INFO: [ app_init ] --START--
INFO: Run Behavior\BuildLiteBehavior [ RunTime:0.000014s ]
INFO: [ app_init ] --END-- [ RunTime:0.000473s ]
INFO: [ app_begin ] --START--
INFO: Run Behavior\ReadHtmlCacheBehavior [ RunTime:0.001337s ]
INFO: [ app_begin ] --END-- [ RunTime:0.001384s ]
SQL: SHOW COLUMNS FROM `menu` [ RunTime:0.0011s ]
SQL: SELECT `name`,`image`,`price`,`description` FROM `menu` WHERE ( status=1 )  [ RunTime:0.0003s ]
INFO: [ app_end ] --START--
INFO: Run Behavior\ShowPageTraceBehavior [ RunTime:0.000481s ]
INFO: [ app_end ] --END-- [ RunTime:0.000523s ]

[ 2017-02-11T17:43:30+08:00 ] ::1 /restaurant/index.php/api/menu/get_menus
INFO: [ app_init ] --START--
INFO: Run Behavior\BuildLiteBehavior [ RunTime:0.000009s ]
INFO: [ app_init ] --END-- [ RunTime:0.000196s ]
INFO: [ app_begin ] --START--
INFO: Run Behavior\ReadHtmlCacheBehavior [ RunTime:0.000448s ]
INFO: [ app_begin ] --END-- [ RunTime:0.000482s ]
SQL: SHOW COLUMNS FROM `menu` [ RunTime:0.0020s ]
SQL: SELECT `name`,`image`,`price`,`description` FROM `menu` WHERE ( status=1 )  [ RunTime:0.0013s ]
INFO: [ app_end ] --START--
INFO: Run Behavior\ShowPageTraceBehavior [ RunTime:0.000557s ]
INFO: [ app_end ] --END-- [ RunTime:0.000600s ]

[ 2017-02-11T17:43:38+08:00 ] ::1 /restaurant/index.php/api/menu/get_menus
INFO: [ app_init ] --START--
INFO: Run Behavior\BuildLiteBehavior [ RunTime:0.000013s ]
INFO: [ app_init ] --END-- [ RunTime:0.000303s ]
INFO: [ app_begin ] --START--
INFO: Run Behavior\ReadHtmlCacheBehavior [ RunTime:0.000319s ]
INFO: [ app_begin ] --END-- [ RunTime:0.000382s ]
SQL: SHOW COLUMNS FROM `menu` [ RunTime:0.0017s ]
SQL: SELECT `name`,`image`,`price`,`description` FROM `menu` WHERE ( status=1 )  [ RunTime:0.0003s ]
INFO: [ app_end ] --START--
INFO: Run Behavior\ShowPageTraceBehavior [ RunTime:0.000449s ]
INFO: [ app_end ] --END-- [ RunTime:0.000489s ]

[ 2017-02-11T17:43:41+08:00 ] ::1 /restaurant/index.php/api/user/queues
INFO: [ app_init ] --START--
INFO: Run Behavior\BuildLiteBehavior [ RunTime:0.000011s ]
INFO: [ app_init ] --END-- [ RunTime:0.000270s ]
INFO: [ app_begin ] --START--
INFO: Run Behavior\ReadHtmlCacheBehavior [ RunTime:0.000333s ]
INFO: [ app_begin ] --END-- [ RunTime:0.000364s ]
ERR: 无法加载控制器:User

[ 2017-02-11T17:43:41+08:00 ] ::1 /restaurant/index.php/api/user/wxlogin?code=021ESGnE1NaB4306U1lE1kLlnE1ESGnW
INFO: [ app_init ] --START--
INFO: Run Behavior\BuildLiteBehavior [ RunTime:0.000009s ]
INFO: [ app_init ] --END-- [ RunTime:0.000204s ]
INFO: [ app_begin ] --START--
INFO: Run Behavior\ReadHtmlCacheBehavior [ RunTime:0.000245s ]
INFO: [ app_begin ] --END-- [ RunTime:0.000268s ]
ERR: 无法加载控制器:User

[ 2017-02-11T17:45:33+08:00 ] ::1 /restaurant/index.php/api/user/queues
INFO: [ app_init ] --START--
INFO: Run Behavior\BuildLiteBehavior [ RunTime:0.000009s ]
INFO: [ app_init ] --END-- [ RunTime:0.000515s ]
INFO: [ app_begin ] --START--
INFO: Run Behavior\ReadHtmlCacheBehavior [ RunTime:0.000594s ]
INFO: [ app_begin ] --END-- [ RunTime:0.000630s ]
SQL: SHOW COLUMNS FROM `category` [ RunTime:0.0045s ]
SQL: SHOW COLUMNS FROM `queue` [ RunTime:0.0018s ]
SQL: SELECT `id`,`label`,`description` FROM `category`  [ RunTime:0.0004s ]
ERR: Think\Model:get_queue_count方法不存在！

[ 2017-02-11T17:45:35+08:00 ] ::1 /restaurant/index.php/api/user/my_queue?gusetId=undefined
INFO: [ app_init ] --START--
INFO: Run Behavior\BuildLiteBehavior [ RunTime:0.000009s ]
INFO: [ app_init ] --END-- [ RunTime:0.000257s ]
INFO: [ app_begin ] --START--
INFO: Run Behavior\ReadHtmlCacheBehavior [ RunTime:0.000380s ]
INFO: [ app_begin ] --END-- [ RunTime:0.000421s ]
SQL: SHOW COLUMNS FROM `queue` [ RunTime:0.0014s ]
SQL: SHOW COLUMNS FROM `category` [ RunTime:0.0016s ]
SQL: SELECT * FROM `queue` WHERE `guest_id` = 'undefined' ORDER BY id desc LIMIT 1   [ RunTime:0.0004s ]

[ 2017-02-11T17:45:36+08:00 ] ::1 /restaurant/index.php/api/user/queues
INFO: [ app_init ] --START--
INFO: Run Behavior\BuildLiteBehavior [ RunTime:0.000008s ]
INFO: [ app_init ] --END-- [ RunTime:0.000167s ]
INFO: [ app_begin ] --START--
INFO: Run Behavior\ReadHtmlCacheBehavior [ RunTime:0.000212s ]
INFO: [ app_begin ] --END-- [ RunTime:0.000233s ]
SQL: SHOW COLUMNS FROM `category` [ RunTime:0.0020s ]
SQL: SHOW COLUMNS FROM `queue` [ RunTime:0.0014s ]
SQL: SELECT `id`,`label`,`description` FROM `category`  [ RunTime:0.0002s ]
ERR: Think\Model:get_queue_count方法不存在！

[ 2017-02-11T17:46:14+08:00 ] ::1 /restaurant/index.php/api/user/queues
INFO: [ app_init ] --START--
INFO: Run Behavior\BuildLiteBehavior [ RunTime:0.000010s ]
INFO: [ app_init ] --END-- [ RunTime:0.000516s ]
INFO: [ app_begin ] --START--
INFO: Run Behavior\ReadHtmlCacheBehavior [ RunTime:0.000607s ]
INFO: [ app_begin ] --END-- [ RunTime:0.000662s ]
SQL: SHOW COLUMNS FROM `category` [ RunTime:0.0013s ]
SQL: SHOW COLUMNS FROM `queue` [ RunTime:0.0010s ]
SQL: SELECT `id`,`label`,`description` FROM `category`  [ RunTime:0.0002s ]
ERR: Think\Model:get_queue_count方法不存在！

[ 2017-02-11T17:46:26+08:00 ] ::1 /restaurant/index.php/api/menu/get_menus
INFO: [ app_init ] --START--
INFO: Run Behavior\BuildLiteBehavior [ RunTime:0.000009s ]
INFO: [ app_init ] --END-- [ RunTime:0.000260s ]
INFO: [ app_begin ] --START--
INFO: Run Behavior\ReadHtmlCacheBehavior [ RunTime:0.000314s ]
INFO: [ app_begin ] --END-- [ RunTime:0.000346s ]
SQL: SHOW COLUMNS FROM `menu` [ RunTime:0.0017s ]
SQL: SELECT `name`,`image`,`price`,`description` FROM `menu` WHERE ( status=1 )  [ RunTime:0.0003s ]
INFO: [ app_end ] --START--
INFO: Run Behavior\ShowPageTraceBehavior [ RunTime:0.000658s ]
INFO: [ app_end ] --END-- [ RunTime:0.000693s ]

[ 2017-02-11T17:46:28+08:00 ] ::1 /restaurant/index.php/api/user/queues
INFO: [ app_init ] --START--
INFO: Run Behavior\BuildLiteBehavior [ RunTime:0.000010s ]
INFO: [ app_init ] --END-- [ RunTime:0.000233s ]
INFO: [ app_begin ] --START--
INFO: Run Behavior\ReadHtmlCacheBehavior [ RunTime:0.000226s ]
INFO: [ app_begin ] --END-- [ RunTime:0.000250s ]
SQL: SHOW COLUMNS FROM `category` [ RunTime:0.0014s ]
SQL: SHOW COLUMNS FROM `queue` [ RunTime:0.0015s ]
SQL: SELECT `id`,`label`,`description` FROM `category`  [ RunTime:0.0003s ]
ERR: Think\Model:get_queue_count方法不存在！

[ 2017-02-11T17:46:28+08:00 ] ::1 /restaurant/index.php/api/user/wxlogin?code=031it1o51yDThP1uPMl51K1Rn51it1ok
INFO: [ app_init ] --START--
INFO: Run Behavior\BuildLiteBehavior [ RunTime:0.000008s ]
INFO: [ app_init ] --END-- [ RunTime:0.000184s ]
INFO: [ app_begin ] --START--
INFO: Run Behavior\ReadHtmlCacheBehavior [ RunTime:0.000196s ]
INFO: [ app_begin ] --END-- [ RunTime:0.000217s ]
SQL: SHOW COLUMNS FROM `user` [ RunTime:0.0020s ]
SQL: SELECT * FROM `user` WHERE `openid` = 'oU9sY0fnMXahWIfy_w2K2pRj6yxk' LIMIT 1   [ RunTime:0.0002s ]
SQL: UPDATE `user` SET `session_key`='HqLbaLDi9DyQyR02vDAukg==',`expires_in`='2592000',`openid`='oU9sY0fnMXahWIfy_w2K2pRj6yxk',`created_at`='1486806388' WHERE `openid` = 'oU9sY0fnMXahWIfy_w2K2pRj6yxk' [ RunTime:0.0006s ]
INFO: [ app_end ] --START--
INFO: Run Behavior\ShowPageTraceBehavior [ RunTime:0.000344s ]
INFO: [ app_end ] --END-- [ RunTime:0.000371s ]

[ 2017-02-11T17:51:06+08:00 ] ::1 /restaurant/index.php/api/menu/get_menus
INFO: [ app_init ] --START--
INFO: Run Behavior\BuildLiteBehavior [ RunTime:0.000013s ]
INFO: [ app_init ] --END-- [ RunTime:0.000383s ]
INFO: [ app_begin ] --START--
INFO: Run Behavior\ReadHtmlCacheBehavior [ RunTime:0.000471s ]
INFO: [ app_begin ] --END-- [ RunTime:0.000534s ]
SQL: SHOW COLUMNS FROM `menu` [ RunTime:0.0020s ]
SQL: SELECT `name`,`image`,`price`,`description` FROM `menu` WHERE ( status=1 )  [ RunTime:0.0003s ]
INFO: [ app_end ] --START--
INFO: Run Behavior\ShowPageTraceBehavior [ RunTime:0.000464s ]
INFO: [ app_end ] --END-- [ RunTime:0.000498s ]

[ 2017-02-11T17:51:07+08:00 ] ::1 /restaurant/index.php/api/user/queues
INFO: [ app_init ] --START--
INFO: Run Behavior\BuildLiteBehavior [ RunTime:0.000012s ]
INFO: [ app_init ] --END-- [ RunTime:0.000286s ]
INFO: [ app_begin ] --START--
INFO: Run Behavior\ReadHtmlCacheBehavior [ RunTime:0.000544s ]
INFO: [ app_begin ] --END-- [ RunTime:0.000585s ]
SQL: SHOW COLUMNS FROM `category` [ RunTime:0.0013s ]
SQL: SHOW COLUMNS FROM `queue` [ RunTime:0.0011s ]
SQL: SELECT `id`,`label`,`description` FROM `category`  [ RunTime:0.0002s ]
ERR: Think\Model:get_queue_count方法不存在！

[ 2017-02-11T17:51:08+08:00 ] ::1 /restaurant/index.php/api/user/wxlogin?code=021XOBTa0tZJZt1lICTa0TcsTa0XOBTS
INFO: [ app_init ] --START--
INFO: Run Behavior\BuildLiteBehavior [ RunTime:0.000009s ]
INFO: [ app_init ] --END-- [ RunTime:0.000204s ]
INFO: [ app_begin ] --START--
INFO: Run Behavior\ReadHtmlCacheBehavior [ RunTime:0.000404s ]
INFO: [ app_begin ] --END-- [ RunTime:0.000447s ]
SQL: SHOW COLUMNS FROM `user` [ RunTime:0.0019s ]
SQL: SELECT * FROM `user` WHERE `openid` = 'oU9sY0fnMXahWIfy_w2K2pRj6yxk' LIMIT 1   [ RunTime:0.0003s ]
SQL: UPDATE `user` SET `session_key`='+wf8CuNccC6MrZnmNmzLoA==',`expires_in`='2592000',`openid`='oU9sY0fnMXahWIfy_w2K2pRj6yxk',`created_at`='1486806668' WHERE `openid` = 'oU9sY0fnMXahWIfy_w2K2pRj6yxk' [ RunTime:0.0008s ]
INFO: [ app_end ] --START--
INFO: Run Behavior\ShowPageTraceBehavior [ RunTime:0.000661s ]
INFO: [ app_end ] --END-- [ RunTime:0.000723s ]

[ 2017-02-11T17:51:54+08:00 ] ::1 /restaurant/index.php/api/menu/get_menus
INFO: [ app_init ] --START--
INFO: Run Behavior\BuildLiteBehavior [ RunTime:0.000007s ]
INFO: [ app_init ] --END-- [ RunTime:0.000173s ]
INFO: [ app_begin ] --START--
INFO: Run Behavior\ReadHtmlCacheBehavior [ RunTime:0.000231s ]
INFO: [ app_begin ] --END-- [ RunTime:0.000256s ]
SQL: SHOW COLUMNS FROM `menu` [ RunTime:0.0013s ]
SQL: SELECT `name`,`image`,`price`,`description` FROM `menu` WHERE ( status=1 )  [ RunTime:0.0003s ]
INFO: [ app_end ] --START--
INFO: Run Behavior\ShowPageTraceBehavior [ RunTime:0.000424s ]
INFO: [ app_end ] --END-- [ RunTime:0.000464s ]

[ 2017-02-11T17:51:55+08:00 ] ::1 /restaurant/index.php/api/user/queues
INFO: [ app_init ] --START--
INFO: Run Behavior\BuildLiteBehavior [ RunTime:0.000014s ]
INFO: [ app_init ] --END-- [ RunTime:0.000323s ]
INFO: [ app_begin ] --START--
INFO: Run Behavior\ReadHtmlCacheBehavior [ RunTime:0.000492s ]
INFO: [ app_begin ] --END-- [ RunTime:0.000542s ]
SQL: SHOW COLUMNS FROM `category` [ RunTime:0.0029s ]
SQL: SHOW COLUMNS FROM `queue` [ RunTime:0.0041s ]
SQL: SELECT `id`,`label`,`description` FROM `category`  [ RunTime:0.0006s ]
ERR: Think\Model:get_queue_count方法不存在！

[ 2017-02-11T17:51:56+08:00 ] ::1 /restaurant/index.php/api/user/wxlogin?code=041vXNzY1WGMnW012VAY103xzY1vXNzG
INFO: [ app_init ] --START--
INFO: Run Behavior\BuildLiteBehavior [ RunTime:0.000017s ]
INFO: [ app_init ] --END-- [ RunTime:0.000323s ]
INFO: [ app_begin ] --START--
INFO: Run Behavior\ReadHtmlCacheBehavior [ RunTime:0.000309s ]
INFO: [ app_begin ] --END-- [ RunTime:0.000339s ]
SQL: SHOW COLUMNS FROM `user` [ RunTime:0.0018s ]
SQL: SELECT * FROM `user` WHERE `openid` = 'oU9sY0fnMXahWIfy_w2K2pRj6yxk' LIMIT 1   [ RunTime:0.0002s ]
SQL: UPDATE `user` SET `session_key`='+wf8CuNccC6MrZnmNmzLoA==',`expires_in`='2592000',`openid`='oU9sY0fnMXahWIfy_w2K2pRj6yxk',`created_at`='1486806716' WHERE `openid` = 'oU9sY0fnMXahWIfy_w2K2pRj6yxk' [ RunTime:0.0009s ]
INFO: [ app_end ] --START--
INFO: Run Behavior\ShowPageTraceBehavior [ RunTime:0.000418s ]
INFO: [ app_end ] --END-- [ RunTime:0.000452s ]

[ 2017-02-11T17:53:53+08:00 ] ::1 /restaurant/index.php/api/user/queues
INFO: [ app_init ] --START--
INFO: Run Behavior\BuildLiteBehavior [ RunTime:0.000012s ]
INFO: [ app_init ] --END-- [ RunTime:0.000272s ]
INFO: [ app_begin ] --START--
INFO: Run Behavior\ReadHtmlCacheBehavior [ RunTime:0.000280s ]
INFO: [ app_begin ] --END-- [ RunTime:0.000312s ]
SQL: SHOW COLUMNS FROM `category` [ RunTime:0.0032s ]
SQL: SHOW COLUMNS FROM `queue` [ RunTime:0.0009s ]
SQL: SELECT `id`,`label`,`description` FROM `category`  [ RunTime:0.0002s ]
SQL: SELECT COUNT(*) AS tp_count FROM `queue` WHERE `category_id` = 1 AND `status` = 0 LIMIT 1   [ RunTime:0.0011s ]
SQL: SELECT `number` FROM `queue` WHERE `category_id` = 1 AND `status` = 1 ORDER BY updated_at desc LIMIT 1   [ RunTime:0.0002s ]
SQL: SELECT COUNT(*) AS tp_count FROM `queue` WHERE `category_id` = 2 AND `status` = 0 LIMIT 1   [ RunTime:0.0021s ]
SQL: SELECT `number` FROM `queue` WHERE `category_id` = 2 AND `status` = 1 ORDER BY updated_at desc LIMIT 1   [ RunTime:0.0002s ]
SQL: SELECT COUNT(*) AS tp_count FROM `queue` WHERE `category_id` = 3 AND `status` = 0 LIMIT 1   [ RunTime:0.0002s ]
SQL: SELECT `number` FROM `queue` WHERE `category_id` = 3 AND `status` = 1 ORDER BY updated_at desc LIMIT 1   [ RunTime:0.0002s ]
SQL: SELECT COUNT(*) AS tp_count FROM `queue` WHERE `category_id` = 4 AND `status` = 0 LIMIT 1   [ RunTime:0.0002s ]
SQL: SELECT `number` FROM `queue` WHERE `category_id` = 4 AND `status` = 1 ORDER BY updated_at desc LIMIT 1   [ RunTime:0.0002s ]
INFO: [ app_end ] --START--
INFO: Run Behavior\ShowPageTraceBehavior [ RunTime:0.001241s ]
INFO: [ app_end ] --END-- [ RunTime:0.001277s ]

[ 2017-02-11T17:53:57+08:00 ] ::1 /restaurant/index.php/api/user/my_queue?gusetId=oU9sY0fnMXahWIfy_w2K2pRj6yxk
INFO: [ app_init ] --START--
INFO: Run Behavior\BuildLiteBehavior [ RunTime:0.000014s ]
INFO: [ app_init ] --END-- [ RunTime:0.000299s ]
INFO: [ app_begin ] --START--
INFO: Run Behavior\ReadHtmlCacheBehavior [ RunTime:0.000399s ]
INFO: [ app_begin ] --END-- [ RunTime:0.000447s ]
SQL: SHOW COLUMNS FROM `queue` [ RunTime:0.0014s ]
SQL: SHOW COLUMNS FROM `category` [ RunTime:0.0010s ]
SQL: SELECT * FROM `queue` WHERE `guest_id` = 'oU9sY0fnMXahWIfy_w2K2pRj6yxk' ORDER BY id desc LIMIT 1   [ RunTime:0.0002s ]
SQL: SELECT `id`,`label`,`description` FROM `category` WHERE ( id=1 ) LIMIT 1   [ RunTime:0.0002s ]
SQL: SELECT `number` FROM `queue` WHERE `category_id` = 1 AND `status` = 1 ORDER BY updated_at desc LIMIT 1   [ RunTime:0.0008s ]
SQL: SELECT `number` FROM `queue` WHERE `category_id` = 1 AND `status` = 1 ORDER BY updated_at desc LIMIT 1   [ RunTime:0.0002s ]
INFO: [ app_end ] --START--
INFO: Run Behavior\ShowPageTraceBehavior [ RunTime:0.000289s ]
INFO: [ app_end ] --END-- [ RunTime:0.000314s ]

[ 2017-02-11T17:54:00+08:00 ] ::1 /restaurant/index.php/api/user/queues
INFO: [ app_init ] --START--
INFO: Run Behavior\BuildLiteBehavior [ RunTime:0.000011s ]
INFO: [ app_init ] --END-- [ RunTime:0.000251s ]
INFO: [ app_begin ] --START--
INFO: Run Behavior\ReadHtmlCacheBehavior [ RunTime:0.000391s ]
INFO: [ app_begin ] --END-- [ RunTime:0.000431s ]
SQL: SHOW COLUMNS FROM `category` [ RunTime:0.0010s ]
SQL: SHOW COLUMNS FROM `queue` [ RunTime:0.0009s ]
SQL: SELECT `id`,`label`,`description` FROM `category`  [ RunTime:0.0002s ]
SQL: SELECT COUNT(*) AS tp_count FROM `queue` WHERE `category_id` = 1 AND `status` = 0 LIMIT 1   [ RunTime:0.0002s ]
SQL: SELECT `number` FROM `queue` WHERE `category_id` = 1 AND `status` = 1 ORDER BY updated_at desc LIMIT 1   [ RunTime:0.0002s ]
SQL: SELECT COUNT(*) AS tp_count FROM `queue` WHERE `category_id` = 2 AND `status` = 0 LIMIT 1   [ RunTime:0.0002s ]
SQL: SELECT `number` FROM `queue` WHERE `category_id` = 2 AND `status` = 1 ORDER BY updated_at desc LIMIT 1   [ RunTime:0.0002s ]
SQL: SELECT COUNT(*) AS tp_count FROM `queue` WHERE `category_id` = 3 AND `status` = 0 LIMIT 1   [ RunTime:0.0002s ]
SQL: SELECT `number` FROM `queue` WHERE `category_id` = 3 AND `status` = 1 ORDER BY updated_at desc LIMIT 1   [ RunTime:0.0002s ]
SQL: SELECT COUNT(*) AS tp_count FROM `queue` WHERE `category_id` = 4 AND `status` = 0 LIMIT 1   [ RunTime:0.0002s ]
SQL: SELECT `number` FROM `queue` WHERE `category_id` = 4 AND `status` = 1 ORDER BY updated_at desc LIMIT 1   [ RunTime:0.0002s ]
INFO: [ app_end ] --START--
INFO: Run Behavior\ShowPageTraceBehavior [ RunTime:0.000260s ]
INFO: [ app_end ] --END-- [ RunTime:0.000284s ]

[ 2017-02-11T17:54:38+08:00 ] ::1 /restaurant/index.php/api/user/queues
INFO: [ app_init ] --START--
INFO: Run Behavior\BuildLiteBehavior [ RunTime:0.000013s ]
INFO: [ app_init ] --END-- [ RunTime:0.000506s ]
INFO: [ app_begin ] --START--
INFO: Run Behavior\ReadHtmlCacheBehavior [ RunTime:0.000370s ]
INFO: [ app_begin ] --END-- [ RunTime:0.000413s ]
SQL: SHOW COLUMNS FROM `category` [ RunTime:0.0017s ]
SQL: SHOW COLUMNS FROM `queue` [ RunTime:0.0013s ]
SQL: SELECT `id`,`label`,`description` FROM `category`  [ RunTime:0.0003s ]
SQL: SELECT COUNT(*) AS tp_count FROM `queue` WHERE `category_id` = 1 AND `status` = 0 LIMIT 1   [ RunTime:0.0003s ]
SQL: SELECT `number` FROM `queue` WHERE `category_id` = 1 AND `status` = 1 ORDER BY updated_at desc LIMIT 1   [ RunTime:0.0002s ]
SQL: SELECT COUNT(*) AS tp_count FROM `queue` WHERE `category_id` = 2 AND `status` = 0 LIMIT 1   [ RunTime:0.0002s ]
SQL: SELECT `number` FROM `queue` WHERE `category_id` = 2 AND `status` = 1 ORDER BY updated_at desc LIMIT 1   [ RunTime:0.0002s ]
SQL: SELECT COUNT(*) AS tp_count FROM `queue` WHERE `category_id` = 3 AND `status` = 0 LIMIT 1   [ RunTime:0.0002s ]
SQL: SELECT `number` FROM `queue` WHERE `category_id` = 3 AND `status` = 1 ORDER BY updated_at desc LIMIT 1   [ RunTime:0.0002s ]
SQL: SELECT COUNT(*) AS tp_count FROM `queue` WHERE `category_id` = 4 AND `status` = 0 LIMIT 1   [ RunTime:0.0002s ]
SQL: SELECT `number` FROM `queue` WHERE `category_id` = 4 AND `status` = 1 ORDER BY updated_at desc LIMIT 1   [ RunTime:0.0002s ]
INFO: [ app_end ] --START--
INFO: Run Behavior\ShowPageTraceBehavior [ RunTime:0.001291s ]
INFO: [ app_end ] --END-- [ RunTime:0.001334s ]

[ 2017-02-11T17:54:38+08:00 ] ::1 /restaurant/index.php/api/user/wxlogin?code=021LXRHd2F5VpC0IcfJd2pgbId2LXRHo
INFO: [ app_init ] --START--
INFO: Run Behavior\BuildLiteBehavior [ RunTime:0.000012s ]
INFO: [ app_init ] --END-- [ RunTime:0.000311s ]
INFO: [ app_begin ] --START--
INFO: Run Behavior\ReadHtmlCacheBehavior [ RunTime:0.000350s ]
INFO: [ app_begin ] --END-- [ RunTime:0.000428s ]
SQL: SHOW COLUMNS FROM `user` [ RunTime:0.0011s ]
SQL: SELECT * FROM `user` WHERE `openid` = 'oU9sY0fnMXahWIfy_w2K2pRj6yxk' LIMIT 1   [ RunTime:0.0002s ]
SQL: UPDATE `user` SET `session_key`='kJWHuJ4VDWSjWXou6D59mg==',`expires_in`='2592000',`openid`='oU9sY0fnMXahWIfy_w2K2pRj6yxk',`created_at`='1486806878' WHERE `openid` = 'oU9sY0fnMXahWIfy_w2K2pRj6yxk' [ RunTime:0.0010s ]
INFO: [ app_end ] --START--
INFO: Run Behavior\ShowPageTraceBehavior [ RunTime:0.000414s ]
INFO: [ app_end ] --END-- [ RunTime:0.000503s ]

[ 2017-02-11T17:54:39+08:00 ] ::1 /restaurant/index.php/api/user/queues
INFO: [ app_init ] --START--
INFO: Run Behavior\BuildLiteBehavior [ RunTime:0.000012s ]
INFO: [ app_init ] --END-- [ RunTime:0.000293s ]
INFO: [ app_begin ] --START--
INFO: Run Behavior\ReadHtmlCacheBehavior [ RunTime:0.000354s ]
INFO: [ app_begin ] --END-- [ RunTime:0.000391s ]
SQL: SHOW COLUMNS FROM `category` [ RunTime:0.0011s ]
SQL: SHOW COLUMNS FROM `queue` [ RunTime:0.0009s ]
SQL: SELECT `id`,`label`,`description` FROM `category`  [ RunTime:0.0002s ]
SQL: SELECT COUNT(*) AS tp_count FROM `queue` WHERE `category_id` = 1 AND `status` = 0 LIMIT 1   [ RunTime:0.0002s ]
SQL: SELECT `number` FROM `queue` WHERE `category_id` = 1 AND `status` = 1 ORDER BY updated_at desc LIMIT 1   [ RunTime:0.0012s ]
SQL: SELECT COUNT(*) AS tp_count FROM `queue` WHERE `category_id` = 2 AND `status` = 0 LIMIT 1   [ RunTime:0.0002s ]
SQL: SELECT `number` FROM `queue` WHERE `category_id` = 2 AND `status` = 1 ORDER BY updated_at desc LIMIT 1   [ RunTime:0.0002s ]
SQL: SELECT COUNT(*) AS tp_count FROM `queue` WHERE `category_id` = 3 AND `status` = 0 LIMIT 1   [ RunTime:0.0002s ]
SQL: SELECT `number` FROM `queue` WHERE `category_id` = 3 AND `status` = 1 ORDER BY updated_at desc LIMIT 1   [ RunTime:0.0002s ]
SQL: SELECT COUNT(*) AS tp_count FROM `queue` WHERE `category_id` = 4 AND `status` = 0 LIMIT 1   [ RunTime:0.0002s ]
SQL: SELECT `number` FROM `queue` WHERE `category_id` = 4 AND `status` = 1 ORDER BY updated_at desc LIMIT 1   [ RunTime:0.0002s ]
INFO: [ app_end ] --START--
INFO: Run Behavior\ShowPageTraceBehavior [ RunTime:0.000307s ]
INFO: [ app_end ] --END-- [ RunTime:0.000336s ]

[ 2017-02-11T17:54:40+08:00 ] ::1 /restaurant/index.php/api/user/wxlogin?code=041zliCq0Q99Ls1RiPFq0Q3lCq0zliCq
INFO: [ app_init ] --START--
INFO: Run Behavior\BuildLiteBehavior [ RunTime:0.000009s ]
INFO: [ app_init ] --END-- [ RunTime:0.000200s ]
INFO: [ app_begin ] --START--
INFO: Run Behavior\ReadHtmlCacheBehavior [ RunTime:0.000350s ]
INFO: [ app_begin ] --END-- [ RunTime:0.000381s ]
SQL: SHOW COLUMNS FROM `user` [ RunTime:0.0012s ]
SQL: SELECT * FROM `user` WHERE `openid` = 'oU9sY0fnMXahWIfy_w2K2pRj6yxk' LIMIT 1   [ RunTime:0.0002s ]
SQL: UPDATE `user` SET `session_key`='kJWHuJ4VDWSjWXou6D59mg==',`expires_in`='2592000',`openid`='oU9sY0fnMXahWIfy_w2K2pRj6yxk',`created_at`='1486806880' WHERE `openid` = 'oU9sY0fnMXahWIfy_w2K2pRj6yxk' [ RunTime:0.0004s ]
INFO: [ app_end ] --START--
INFO: Run Behavior\ShowPageTraceBehavior [ RunTime:0.000417s ]
INFO: [ app_end ] --END-- [ RunTime:0.000447s ]

[ 2017-02-11T17:55:13+08:00 ] ::1 /restaurant/index.php/api/user/my_queue?gusetId=oU9sY0fnMXahWIfy_w2K2pRj6yxk
INFO: [ app_init ] --START--
INFO: Run Behavior\BuildLiteBehavior [ RunTime:0.000012s ]
INFO: [ app_init ] --END-- [ RunTime:0.000276s ]
INFO: [ app_begin ] --START--
INFO: Run Behavior\ReadHtmlCacheBehavior [ RunTime:0.000329s ]
INFO: [ app_begin ] --END-- [ RunTime:0.000365s ]
SQL: SHOW COLUMNS FROM `queue` [ RunTime:0.0012s ]
SQL: SHOW COLUMNS FROM `category` [ RunTime:0.0012s ]
SQL: SELECT * FROM `queue` WHERE `guest_id` = 'oU9sY0fnMXahWIfy_w2K2pRj6yxk' ORDER BY id desc LIMIT 1   [ RunTime:0.0003s ]
SQL: SELECT `id`,`label`,`description` FROM `category` WHERE ( id=1 ) LIMIT 1   [ RunTime:0.0002s ]
SQL: SELECT `number` FROM `queue` WHERE `category_id` = 1 AND `status` = 1 ORDER BY updated_at desc LIMIT 1   [ RunTime:0.0002s ]
SQL: SELECT `number` FROM `queue` WHERE `category_id` = 1 AND `status` = 1 ORDER BY updated_at desc LIMIT 1   [ RunTime:0.0002s ]
INFO: [ app_end ] --START--
INFO: Run Behavior\ShowPageTraceBehavior [ RunTime:0.001304s ]
INFO: [ app_end ] --END-- [ RunTime:0.001338s ]

[ 2017-02-11T17:55:46+08:00 ] ::1 /restaurant/index.php/api/user/queues
INFO: [ app_init ] --START--
INFO: Run Behavior\BuildLiteBehavior [ RunTime:0.000012s ]
INFO: [ app_init ] --END-- [ RunTime:0.000339s ]
INFO: [ app_begin ] --START--
INFO: Run Behavior\ReadHtmlCacheBehavior [ RunTime:0.000412s ]
INFO: [ app_begin ] --END-- [ RunTime:0.000459s ]
SQL: SHOW COLUMNS FROM `category` [ RunTime:0.0021s ]
SQL: SHOW COLUMNS FROM `queue` [ RunTime:0.0013s ]
SQL: SELECT `id`,`label`,`description` FROM `category`  [ RunTime:0.0002s ]
SQL: SELECT COUNT(*) AS tp_count FROM `queue` WHERE `category_id` = 1 AND `status` = 0 LIMIT 1   [ RunTime:0.0002s ]
SQL: SELECT `number` FROM `queue` WHERE `category_id` = 1 AND `status` = 1 ORDER BY updated_at desc LIMIT 1   [ RunTime:0.0002s ]
SQL: SELECT COUNT(*) AS tp_count FROM `queue` WHERE `category_id` = 2 AND `status` = 0 LIMIT 1   [ RunTime:0.0002s ]
SQL: SELECT `number` FROM `queue` WHERE `category_id` = 2 AND `status` = 1 ORDER BY updated_at desc LIMIT 1   [ RunTime:0.0002s ]
SQL: SELECT COUNT(*) AS tp_count FROM `queue` WHERE `category_id` = 3 AND `status` = 0 LIMIT 1   [ RunTime:0.0002s ]
SQL: SELECT `number` FROM `queue` WHERE `category_id` = 3 AND `status` = 1 ORDER BY updated_at desc LIMIT 1   [ RunTime:0.0002s ]
SQL: SELECT COUNT(*) AS tp_count FROM `queue` WHERE `category_id` = 4 AND `status` = 0 LIMIT 1   [ RunTime:0.0002s ]
SQL: SELECT `number` FROM `queue` WHERE `category_id` = 4 AND `status` = 1 ORDER BY updated_at desc LIMIT 1   [ RunTime:0.0002s ]
INFO: [ app_end ] --START--
INFO: Run Behavior\ShowPageTraceBehavior [ RunTime:0.000449s ]
INFO: [ app_end ] --END-- [ RunTime:0.000496s ]

[ 2017-02-11T17:56:28+08:00 ] ::1 /restaurant/index.php/api/user/queues
INFO: [ app_init ] --START--
INFO: Run Behavior\BuildLiteBehavior [ RunTime:0.000008s ]
INFO: [ app_init ] --END-- [ RunTime:0.000255s ]
INFO: [ app_begin ] --START--
INFO: Run Behavior\ReadHtmlCacheBehavior [ RunTime:0.000263s ]
INFO: [ app_begin ] --END-- [ RunTime:0.000289s ]
SQL: SHOW COLUMNS FROM `category` [ RunTime:0.0016s ]
SQL: SHOW COLUMNS FROM `queue` [ RunTime:0.0018s ]
SQL: SELECT `id`,`label`,`description` FROM `category`  [ RunTime:0.0002s ]
SQL: SELECT COUNT(*) AS tp_count FROM `queue` WHERE `category_id` = 1 AND `status` = 0 LIMIT 1   [ RunTime:0.0002s ]
SQL: SELECT `number` FROM `queue` WHERE `category_id` = 1 AND `status` = 1 ORDER BY updated_at desc LIMIT 1   [ RunTime:0.0002s ]
SQL: SELECT COUNT(*) AS tp_count FROM `queue` WHERE `category_id` = 2 AND `status` = 0 LIMIT 1   [ RunTime:0.0002s ]
SQL: SELECT `number` FROM `queue` WHERE `category_id` = 2 AND `status` = 1 ORDER BY updated_at desc LIMIT 1   [ RunTime:0.0002s ]
SQL: SELECT COUNT(*) AS tp_count FROM `queue` WHERE `category_id` = 3 AND `status` = 0 LIMIT 1   [ RunTime:0.0002s ]
SQL: SELECT `number` FROM `queue` WHERE `category_id` = 3 AND `status` = 1 ORDER BY updated_at desc LIMIT 1   [ RunTime:0.0002s ]
SQL: SELECT COUNT(*) AS tp_count FROM `queue` WHERE `category_id` = 4 AND `status` = 0 LIMIT 1   [ RunTime:0.0002s ]
SQL: SELECT `number` FROM `queue` WHERE `category_id` = 4 AND `status` = 1 ORDER BY updated_at desc LIMIT 1   [ RunTime:0.0002s ]
INFO: [ app_end ] --START--
INFO: Run Behavior\ShowPageTraceBehavior [ RunTime:0.000277s ]
INFO: [ app_end ] --END-- [ RunTime:0.000322s ]

[ 2017-02-11T17:56:28+08:00 ] ::1 /restaurant/index.php/api/user/wxlogin?code=011bVJAg0VQ2Fz17IeAg0MAsAg0bVJAW
INFO: [ app_init ] --START--
INFO: Run Behavior\BuildLiteBehavior [ RunTime:0.000008s ]
INFO: [ app_init ] --END-- [ RunTime:0.000212s ]
INFO: [ app_begin ] --START--
INFO: Run Behavior\ReadHtmlCacheBehavior [ RunTime:0.000303s ]
INFO: [ app_begin ] --END-- [ RunTime:0.000332s ]
SQL: SHOW COLUMNS FROM `user` [ RunTime:0.0018s ]
SQL: SELECT * FROM `user` WHERE `openid` = 'oU9sY0fnMXahWIfy_w2K2pRj6yxk' LIMIT 1   [ RunTime:0.0002s ]
SQL: UPDATE `user` SET `session_key`='kJWHuJ4VDWSjWXou6D59mg==',`expires_in`='7200',`openid`='oU9sY0fnMXahWIfy_w2K2pRj6yxk',`created_at`='1486806988' WHERE `openid` = 'oU9sY0fnMXahWIfy_w2K2pRj6yxk' [ RunTime:0.0004s ]
INFO: [ app_end ] --START--
INFO: Run Behavior\ShowPageTraceBehavior [ RunTime:0.000285s ]
INFO: [ app_end ] --END-- [ RunTime:0.000313s ]

[ 2017-02-11T17:56:47+08:00 ] ::1 /restaurant/index.php/api/user/queues
INFO: [ app_init ] --START--
INFO: Run Behavior\BuildLiteBehavior [ RunTime:0.000009s ]
INFO: [ app_init ] --END-- [ RunTime:0.000241s ]
INFO: [ app_begin ] --START--
INFO: Run Behavior\ReadHtmlCacheBehavior [ RunTime:0.000244s ]
INFO: [ app_begin ] --END-- [ RunTime:0.000293s ]
SQL: SHOW COLUMNS FROM `category` [ RunTime:0.0014s ]
SQL: SHOW COLUMNS FROM `queue` [ RunTime:0.0010s ]
SQL: SELECT `id`,`label`,`description` FROM `category`  [ RunTime:0.0002s ]
SQL: SELECT COUNT(*) AS tp_count FROM `queue` WHERE `category_id` = 1 AND `status` = 0 LIMIT 1   [ RunTime:0.0002s ]
SQL: SELECT `number` FROM `queue` WHERE `category_id` = 1 AND `status` = 1 ORDER BY updated_at desc LIMIT 1   [ RunTime:0.0002s ]
SQL: SELECT COUNT(*) AS tp_count FROM `queue` WHERE `category_id` = 2 AND `status` = 0 LIMIT 1   [ RunTime:0.0002s ]
SQL: SELECT `number` FROM `queue` WHERE `category_id` = 2 AND `status` = 1 ORDER BY updated_at desc LIMIT 1   [ RunTime:0.0002s ]
SQL: SELECT COUNT(*) AS tp_count FROM `queue` WHERE `category_id` = 3 AND `status` = 0 LIMIT 1   [ RunTime:0.0002s ]
SQL: SELECT `number` FROM `queue` WHERE `category_id` = 3 AND `status` = 1 ORDER BY updated_at desc LIMIT 1   [ RunTime:0.0002s ]
SQL: SELECT COUNT(*) AS tp_count FROM `queue` WHERE `category_id` = 4 AND `status` = 0 LIMIT 1   [ RunTime:0.0001s ]
SQL: SELECT `number` FROM `queue` WHERE `category_id` = 4 AND `status` = 1 ORDER BY updated_at desc LIMIT 1   [ RunTime:0.0002s ]
INFO: [ app_end ] --START--
INFO: Run Behavior\ShowPageTraceBehavior [ RunTime:0.000441s ]
INFO: [ app_end ] --END-- [ RunTime:0.000504s ]

[ 2017-02-11T17:56:47+08:00 ] ::1 /restaurant/index.php/api/user/wxlogin?code=031kCg1n0lvEfp1fc50n0Qxp1n0kCg1T
INFO: [ app_init ] --START--
INFO: Run Behavior\BuildLiteBehavior [ RunTime:0.000031s ]
INFO: [ app_init ] --END-- [ RunTime:0.000314s ]
INFO: [ app_begin ] --START--
INFO: Run Behavior\ReadHtmlCacheBehavior [ RunTime:0.000241s ]
INFO: [ app_begin ] --END-- [ RunTime:0.000265s ]
SQL: SHOW COLUMNS FROM `user` [ RunTime:0.0018s ]
SQL: SELECT * FROM `user` WHERE `openid` = 'oU9sY0fnMXahWIfy_w2K2pRj6yxk' LIMIT 1   [ RunTime:0.0003s ]
SQL: UPDATE `user` SET `session_key`='xTssxXfEHZ2ARL7Sd4PaZw==',`expires_in`='7200',`openid`='oU9sY0fnMXahWIfy_w2K2pRj6yxk',`created_at`='1486807007' WHERE `openid` = 'oU9sY0fnMXahWIfy_w2K2pRj6yxk' [ RunTime:0.0004s ]
INFO: [ app_end ] --START--
INFO: Run Behavior\ShowPageTraceBehavior [ RunTime:0.000459s ]
INFO: [ app_end ] --END-- [ RunTime:0.000497s ]

[ 2017-02-11T17:57:49+08:00 ] ::1 /restaurant/index.php/api/user/queues
INFO: [ app_init ] --START--
INFO: Run Behavior\BuildLiteBehavior [ RunTime:0.000007s ]
INFO: [ app_init ] --END-- [ RunTime:0.000176s ]
INFO: [ app_begin ] --START--
INFO: Run Behavior\ReadHtmlCacheBehavior [ RunTime:0.000251s ]
INFO: [ app_begin ] --END-- [ RunTime:0.000279s ]
SQL: SHOW COLUMNS FROM `category` [ RunTime:0.0010s ]
SQL: SHOW COLUMNS FROM `queue` [ RunTime:0.0013s ]
SQL: SELECT `id`,`label`,`description` FROM `category`  [ RunTime:0.0002s ]
SQL: SELECT COUNT(*) AS tp_count FROM `queue` WHERE `category_id` = 1 AND `status` = 0 LIMIT 1   [ RunTime:0.0003s ]
SQL: SELECT `number` FROM `queue` WHERE `category_id` = 1 AND `status` = 1 ORDER BY updated_at desc LIMIT 1   [ RunTime:0.0002s ]
SQL: SELECT COUNT(*) AS tp_count FROM `queue` WHERE `category_id` = 2 AND `status` = 0 LIMIT 1   [ RunTime:0.0002s ]
SQL: SELECT `number` FROM `queue` WHERE `category_id` = 2 AND `status` = 1 ORDER BY updated_at desc LIMIT 1   [ RunTime:0.0002s ]
SQL: SELECT COUNT(*) AS tp_count FROM `queue` WHERE `category_id` = 3 AND `status` = 0 LIMIT 1   [ RunTime:0.0003s ]
SQL: SELECT `number` FROM `queue` WHERE `category_id` = 3 AND `status` = 1 ORDER BY updated_at desc LIMIT 1   [ RunTime:0.0002s ]
SQL: SELECT COUNT(*) AS tp_count FROM `queue` WHERE `category_id` = 4 AND `status` = 0 LIMIT 1   [ RunTime:0.0003s ]
SQL: SELECT `number` FROM `queue` WHERE `category_id` = 4 AND `status` = 1 ORDER BY updated_at desc LIMIT 1   [ RunTime:0.0002s ]
INFO: [ app_end ] --START--
INFO: Run Behavior\ShowPageTraceBehavior [ RunTime:0.001457s ]
INFO: [ app_end ] --END-- [ RunTime:0.001517s ]

[ 2017-02-11T17:57:49+08:00 ] ::1 /restaurant/index.php/api/user/wxlogin?code=031zoxA32AR2hK08i9z32pGCA32zoxAG
INFO: [ app_init ] --START--
INFO: Run Behavior\BuildLiteBehavior [ RunTime:0.000013s ]
INFO: [ app_init ] --END-- [ RunTime:0.000322s ]
INFO: [ app_begin ] --START--
INFO: Run Behavior\ReadHtmlCacheBehavior [ RunTime:0.000367s ]
INFO: [ app_begin ] --END-- [ RunTime:0.000411s ]
SQL: SHOW COLUMNS FROM `user` [ RunTime:0.0018s ]
SQL: SELECT * FROM `user` WHERE `openid` = 'oU9sY0fnMXahWIfy_w2K2pRj6yxk' LIMIT 1   [ RunTime:0.0002s ]
SQL: UPDATE `user` SET `session_key`='xTssxXfEHZ2ARL7Sd4PaZw==',`expires_in`='2592000',`openid`='oU9sY0fnMXahWIfy_w2K2pRj6yxk',`created_at`='1486807069' WHERE `openid` = 'oU9sY0fnMXahWIfy_w2K2pRj6yxk' [ RunTime:0.0006s ]
INFO: [ app_end ] --START--
INFO: Run Behavior\ShowPageTraceBehavior [ RunTime:0.000316s ]
INFO: [ app_end ] --END-- [ RunTime:0.000342s ]

[ 2017-02-11T17:58:21+08:00 ] ::1 /restaurant/index.php/api/user/queues
INFO: [ app_init ] --START--
INFO: Run Behavior\BuildLiteBehavior [ RunTime:0.000013s ]
INFO: [ app_init ] --END-- [ RunTime:0.000277s ]
INFO: [ app_begin ] --START--
INFO: Run Behavior\ReadHtmlCacheBehavior [ RunTime:0.000396s ]
INFO: [ app_begin ] --END-- [ RunTime:0.000438s ]
SQL: SHOW COLUMNS FROM `category` [ RunTime:0.0012s ]
SQL: SHOW COLUMNS FROM `queue` [ RunTime:0.0012s ]
SQL: SELECT `id`,`label`,`description` FROM `category`  [ RunTime:0.0002s ]
SQL: SELECT COUNT(*) AS tp_count FROM `queue` WHERE `category_id` = 1 AND `status` = 0 LIMIT 1   [ RunTime:0.0002s ]
SQL: SELECT `number` FROM `queue` WHERE `category_id` = 1 AND `status` = 1 ORDER BY updated_at desc LIMIT 1   [ RunTime:0.0002s ]
SQL: SELECT COUNT(*) AS tp_count FROM `queue` WHERE `category_id` = 2 AND `status` = 0 LIMIT 1   [ RunTime:0.0002s ]
SQL: SELECT `number` FROM `queue` WHERE `category_id` = 2 AND `status` = 1 ORDER BY updated_at desc LIMIT 1   [ RunTime:0.0010s ]
SQL: SELECT COUNT(*) AS tp_count FROM `queue` WHERE `category_id` = 3 AND `status` = 0 LIMIT 1   [ RunTime:0.0002s ]
SQL: SELECT `number` FROM `queue` WHERE `category_id` = 3 AND `status` = 1 ORDER BY updated_at desc LIMIT 1   [ RunTime:0.0002s ]
SQL: SELECT COUNT(*) AS tp_count FROM `queue` WHERE `category_id` = 4 AND `status` = 0 LIMIT 1   [ RunTime:0.0002s ]
SQL: SELECT `number` FROM `queue` WHERE `category_id` = 4 AND `status` = 1 ORDER BY updated_at desc LIMIT 1   [ RunTime:0.0002s ]
INFO: [ app_end ] --START--
INFO: Run Behavior\ShowPageTraceBehavior [ RunTime:0.000565s ]
INFO: [ app_end ] --END-- [ RunTime:0.000615s ]

[ 2017-02-11T17:58:21+08:00 ] ::1 /restaurant/index.php/api/user/wxlogin?code=051jySnV1mmSsU0kvmmV1sNUnV1jySnr
INFO: [ app_init ] --START--
INFO: Run Behavior\BuildLiteBehavior [ RunTime:0.000013s ]
INFO: [ app_init ] --END-- [ RunTime:0.000292s ]
INFO: [ app_begin ] --START--
INFO: Run Behavior\ReadHtmlCacheBehavior [ RunTime:0.000273s ]
INFO: [ app_begin ] --END-- [ RunTime:0.000304s ]
SQL: SHOW COLUMNS FROM `user` [ RunTime:0.0019s ]
SQL: SELECT * FROM `user` WHERE `openid` = 'oU9sY0fnMXahWIfy_w2K2pRj6yxk' LIMIT 1   [ RunTime:0.0002s ]
SQL: UPDATE `user` SET `session_key`='xTssxXfEHZ2ARL7Sd4PaZw==',`expires_in`='2592000',`openid`='oU9sY0fnMXahWIfy_w2K2pRj6yxk',`created_at`='1486807101' WHERE `openid` = 'oU9sY0fnMXahWIfy_w2K2pRj6yxk' [ RunTime:0.0003s ]
INFO: [ app_end ] --START--
INFO: Run Behavior\ShowPageTraceBehavior [ RunTime:0.001270s ]
INFO: [ app_end ] --END-- [ RunTime:0.001312s ]

[ 2017-02-11T17:58:22+08:00 ] ::1 /restaurant/index.php/api/menu/get_menus
INFO: [ app_init ] --START--
INFO: Run Behavior\BuildLiteBehavior [ RunTime:0.000014s ]
INFO: [ app_init ] --END-- [ RunTime:0.000355s ]
INFO: [ app_begin ] --START--
INFO: Run Behavior\ReadHtmlCacheBehavior [ RunTime:0.000503s ]
INFO: [ app_begin ] --END-- [ RunTime:0.000547s ]
SQL: SHOW COLUMNS FROM `menu` [ RunTime:0.0012s ]
SQL: SELECT `name`,`image`,`price`,`description` FROM `menu` WHERE ( status=1 )  [ RunTime:0.0003s ]
INFO: [ app_end ] --START--
INFO: Run Behavior\ShowPageTraceBehavior [ RunTime:0.000352s ]
INFO: [ app_end ] --END-- [ RunTime:0.000393s ]

[ 2017-02-11T17:58:30+08:00 ] ::1 /restaurant/index.php/api/user/my_queue?gusetId=oU9sY0fnMXahWIfy_w2K2pRj6yxk
INFO: [ app_init ] --START--
INFO: Run Behavior\BuildLiteBehavior [ RunTime:0.000012s ]
INFO: [ app_init ] --END-- [ RunTime:0.000285s ]
INFO: [ app_begin ] --START--
INFO: Run Behavior\ReadHtmlCacheBehavior [ RunTime:0.000289s ]
INFO: [ app_begin ] --END-- [ RunTime:0.000319s ]
SQL: SHOW COLUMNS FROM `queue` [ RunTime:0.0022s ]
SQL: SHOW COLUMNS FROM `category` [ RunTime:0.0016s ]
SQL: SELECT * FROM `queue` WHERE `guest_id` = 'oU9sY0fnMXahWIfy_w2K2pRj6yxk' ORDER BY id desc LIMIT 1   [ RunTime:0.0003s ]
SQL: SELECT `id`,`label`,`description` FROM `category` WHERE ( id=1 ) LIMIT 1   [ RunTime:0.0003s ]
SQL: SELECT `number` FROM `queue` WHERE `category_id` = 1 AND `status` = 1 ORDER BY updated_at desc LIMIT 1   [ RunTime:0.0002s ]
SQL: SELECT `number` FROM `queue` WHERE `category_id` = 1 AND `status` = 1 ORDER BY updated_at desc LIMIT 1   [ RunTime:0.0003s ]
INFO: [ app_end ] --START--
INFO: Run Behavior\ShowPageTraceBehavior [ RunTime:0.000498s ]
INFO: [ app_end ] --END-- [ RunTime:0.000552s ]

[ 2017-02-11T17:59:07+08:00 ] ::1 /restaurant/index.php/api/user/queues
INFO: [ app_init ] --START--
INFO: Run Behavior\BuildLiteBehavior [ RunTime:0.000011s ]
INFO: [ app_init ] --END-- [ RunTime:0.000259s ]
INFO: [ app_begin ] --START--
INFO: Run Behavior\ReadHtmlCacheBehavior [ RunTime:0.000383s ]
INFO: [ app_begin ] --END-- [ RunTime:0.000424s ]
SQL: SHOW COLUMNS FROM `category` [ RunTime:0.0013s ]
SQL: SHOW COLUMNS FROM `queue` [ RunTime:0.0008s ]
SQL: SELECT `id`,`label`,`description` FROM `category`  [ RunTime:0.0002s ]
SQL: SELECT COUNT(*) AS tp_count FROM `queue` WHERE `category_id` = 1 AND `status` = 0 LIMIT 1   [ RunTime:0.0003s ]
SQL: SELECT `number` FROM `queue` WHERE `category_id` = 1 AND `status` = 1 ORDER BY updated_at desc LIMIT 1   [ RunTime:0.0002s ]
SQL: SELECT COUNT(*) AS tp_count FROM `queue` WHERE `category_id` = 2 AND `status` = 0 LIMIT 1   [ RunTime:0.0002s ]
SQL: SELECT `number` FROM `queue` WHERE `category_id` = 2 AND `status` = 1 ORDER BY updated_at desc LIMIT 1   [ RunTime:0.0002s ]
SQL: SELECT COUNT(*) AS tp_count FROM `queue` WHERE `category_id` = 3 AND `status` = 0 LIMIT 1   [ RunTime:0.0002s ]
SQL: SELECT `number` FROM `queue` WHERE `category_id` = 3 AND `status` = 1 ORDER BY updated_at desc LIMIT 1   [ RunTime:0.0002s ]
SQL: SELECT COUNT(*) AS tp_count FROM `queue` WHERE `category_id` = 4 AND `status` = 0 LIMIT 1   [ RunTime:0.0002s ]
SQL: SELECT `number` FROM `queue` WHERE `category_id` = 4 AND `status` = 1 ORDER BY updated_at desc LIMIT 1   [ RunTime:0.0002s ]
INFO: [ app_end ] --START--
INFO: Run Behavior\ShowPageTraceBehavior [ RunTime:0.000443s ]
INFO: [ app_end ] --END-- [ RunTime:0.000480s ]

[ 2017-02-11T17:59:07+08:00 ] ::1 /restaurant/index.php/api/user/wxlogin?code=011IhqKv1JCeqb0RpmLv1aymKv1IhqKI
INFO: [ app_init ] --START--
INFO: Run Behavior\BuildLiteBehavior [ RunTime:0.000008s ]
INFO: [ app_init ] --END-- [ RunTime:0.000187s ]
INFO: [ app_begin ] --START--
INFO: Run Behavior\ReadHtmlCacheBehavior [ RunTime:0.000208s ]
INFO: [ app_begin ] --END-- [ RunTime:0.000229s ]
SQL: SHOW COLUMNS FROM `user` [ RunTime:0.0021s ]
SQL: SELECT * FROM `user` WHERE `openid` = 'oU9sY0fnMXahWIfy_w2K2pRj6yxk' LIMIT 1   [ RunTime:0.0002s ]
SQL: UPDATE `user` SET `session_key`='TMYcwNN1kvh6SiAmpnZ5xQ==',`expires_in`='2592000',`openid`='oU9sY0fnMXahWIfy_w2K2pRj6yxk',`created_at`='1486807147' WHERE `openid` = 'oU9sY0fnMXahWIfy_w2K2pRj6yxk' [ RunTime:0.0003s ]
INFO: [ app_end ] --START--
INFO: Run Behavior\ShowPageTraceBehavior [ RunTime:0.000281s ]
INFO: [ app_end ] --END-- [ RunTime:0.000308s ]

[ 2017-02-11T17:59:08+08:00 ] ::1 /restaurant/index.php/api/user/queues
INFO: [ app_init ] --START--
INFO: Run Behavior\BuildLiteBehavior [ RunTime:0.000008s ]
INFO: [ app_init ] --END-- [ RunTime:0.000190s ]
INFO: [ app_begin ] --START--
INFO: Run Behavior\ReadHtmlCacheBehavior [ RunTime:0.000387s ]
INFO: [ app_begin ] --END-- [ RunTime:0.000420s ]
SQL: SHOW COLUMNS FROM `category` [ RunTime:0.0013s ]
SQL: SHOW COLUMNS FROM `queue` [ RunTime:0.0013s ]
SQL: SELECT `id`,`label`,`description` FROM `category`  [ RunTime:0.0003s ]
SQL: SELECT COUNT(*) AS tp_count FROM `queue` WHERE `category_id` = 1 AND `status` = 0 LIMIT 1   [ RunTime:0.0003s ]
SQL: SELECT `number` FROM `queue` WHERE `category_id` = 1 AND `status` = 1 ORDER BY updated_at desc LIMIT 1   [ RunTime:0.0002s ]
SQL: SELECT COUNT(*) AS tp_count FROM `queue` WHERE `category_id` = 2 AND `status` = 0 LIMIT 1   [ RunTime:0.0002s ]
SQL: SELECT `number` FROM `queue` WHERE `category_id` = 2 AND `status` = 1 ORDER BY updated_at desc LIMIT 1   [ RunTime:0.0002s ]
SQL: SELECT COUNT(*) AS tp_count FROM `queue` WHERE `category_id` = 3 AND `status` = 0 LIMIT 1   [ RunTime:0.0002s ]
SQL: SELECT `number` FROM `queue` WHERE `category_id` = 3 AND `status` = 1 ORDER BY updated_at desc LIMIT 1   [ RunTime:0.0002s ]
SQL: SELECT COUNT(*) AS tp_count FROM `queue` WHERE `category_id` = 4 AND `status` = 0 LIMIT 1   [ RunTime:0.0002s ]
SQL: SELECT `number` FROM `queue` WHERE `category_id` = 4 AND `status` = 1 ORDER BY updated_at desc LIMIT 1   [ RunTime:0.0002s ]
INFO: [ app_end ] --START--
INFO: Run Behavior\ShowPageTraceBehavior [ RunTime:0.000392s ]
INFO: [ app_end ] --END-- [ RunTime:0.000424s ]

[ 2017-02-11T17:59:08+08:00 ] ::1 /restaurant/index.php/api/user/wxlogin?code=041J07Dn1hw9Fm0XPiCn1P3QCn1J07Da
INFO: [ app_init ] --START--
INFO: Run Behavior\BuildLiteBehavior [ RunTime:0.000008s ]
INFO: [ app_init ] --END-- [ RunTime:0.000176s ]
INFO: [ app_begin ] --START--
INFO: Run Behavior\ReadHtmlCacheBehavior [ RunTime:0.000215s ]
INFO: [ app_begin ] --END-- [ RunTime:0.000237s ]
SQL: SHOW COLUMNS FROM `user` [ RunTime:0.0012s ]
SQL: SELECT * FROM `user` WHERE `openid` = 'oU9sY0fnMXahWIfy_w2K2pRj6yxk' LIMIT 1   [ RunTime:0.0003s ]
SQL: UPDATE `user` SET `session_key`='TMYcwNN1kvh6SiAmpnZ5xQ==',`expires_in`='2592000',`openid`='oU9sY0fnMXahWIfy_w2K2pRj6yxk',`created_at`='1486807148' WHERE `openid` = 'oU9sY0fnMXahWIfy_w2K2pRj6yxk' [ RunTime:0.0004s ]
INFO: [ app_end ] --START--
INFO: Run Behavior\ShowPageTraceBehavior [ RunTime:0.000347s ]
INFO: [ app_end ] --END-- [ RunTime:0.000380s ]

[ 2017-02-11T17:59:30+08:00 ] ::1 /restaurant/index.php/api/user/queues
INFO: [ app_init ] --START--
INFO: Run Behavior\BuildLiteBehavior [ RunTime:0.000008s ]
INFO: [ app_init ] --END-- [ RunTime:0.000216s ]
INFO: [ app_begin ] --START--
INFO: Run Behavior\ReadHtmlCacheBehavior [ RunTime:0.000352s ]
INFO: [ app_begin ] --END-- [ RunTime:0.000382s ]
SQL: SHOW COLUMNS FROM `category` [ RunTime:0.0013s ]
SQL: SHOW COLUMNS FROM `queue` [ RunTime:0.0011s ]
SQL: SELECT `id`,`label`,`description` FROM `category`  [ RunTime:0.0002s ]
SQL: SELECT COUNT(*) AS tp_count FROM `queue` WHERE `category_id` = 1 AND `status` = 0 LIMIT 1   [ RunTime:0.0002s ]
SQL: SELECT `number` FROM `queue` WHERE `category_id` = 1 AND `status` = 1 ORDER BY updated_at desc LIMIT 1   [ RunTime:0.0002s ]
SQL: SELECT COUNT(*) AS tp_count FROM `queue` WHERE `category_id` = 2 AND `status` = 0 LIMIT 1   [ RunTime:0.0002s ]
SQL: SELECT `number` FROM `queue` WHERE `category_id` = 2 AND `status` = 1 ORDER BY updated_at desc LIMIT 1   [ RunTime:0.0002s ]
SQL: SELECT COUNT(*) AS tp_count FROM `queue` WHERE `category_id` = 3 AND `status` = 0 LIMIT 1   [ RunTime:0.0002s ]
SQL: SELECT `number` FROM `queue` WHERE `category_id` = 3 AND `status` = 1 ORDER BY updated_at desc LIMIT 1   [ RunTime:0.0002s ]
SQL: SELECT COUNT(*) AS tp_count FROM `queue` WHERE `category_id` = 4 AND `status` = 0 LIMIT 1   [ RunTime:0.0001s ]
SQL: SELECT `number` FROM `queue` WHERE `category_id` = 4 AND `status` = 1 ORDER BY updated_at desc LIMIT 1   [ RunTime:0.0003s ]
INFO: [ app_end ] --START--
INFO: Run Behavior\ShowPageTraceBehavior [ RunTime:0.000356s ]
INFO: [ app_end ] --END-- [ RunTime:0.000389s ]

[ 2017-02-11T17:59:30+08:00 ] ::1 /restaurant/index.php/api/user/wxlogin?code=001k8M212yiY901CFc412Mtr212k8M25
INFO: [ app_init ] --START--
INFO: Run Behavior\BuildLiteBehavior [ RunTime:0.000010s ]
INFO: [ app_init ] --END-- [ RunTime:0.000257s ]
INFO: [ app_begin ] --START--
INFO: Run Behavior\ReadHtmlCacheBehavior [ RunTime:0.000224s ]
INFO: [ app_begin ] --END-- [ RunTime:0.000249s ]
SQL: SHOW COLUMNS FROM `user` [ RunTime:0.0016s ]
SQL: SELECT * FROM `user` WHERE `openid` = 'oU9sY0fnMXahWIfy_w2K2pRj6yxk' LIMIT 1   [ RunTime:0.0002s ]
SQL: UPDATE `user` SET `session_key`='TMYcwNN1kvh6SiAmpnZ5xQ==',`expires_in`='2592000',`openid`='oU9sY0fnMXahWIfy_w2K2pRj6yxk',`created_at`='1486807170' WHERE `openid` = 'oU9sY0fnMXahWIfy_w2K2pRj6yxk' [ RunTime:0.0003s ]
INFO: [ app_end ] --START--
INFO: Run Behavior\ShowPageTraceBehavior [ RunTime:0.001442s ]
INFO: [ app_end ] --END-- [ RunTime:0.001491s ]

[ 2017-02-11T18:00:12+08:00 ] ::1 /restaurant/index.php/api/user/queues
INFO: [ app_init ] --START--
INFO: Run Behavior\BuildLiteBehavior [ RunTime:0.000012s ]
INFO: [ app_init ] --END-- [ RunTime:0.000213s ]
INFO: [ app_begin ] --START--
INFO: Run Behavior\ReadHtmlCacheBehavior [ RunTime:0.000254s ]
INFO: [ app_begin ] --END-- [ RunTime:0.000277s ]
SQL: SHOW COLUMNS FROM `category` [ RunTime:0.0013s ]
SQL: SHOW COLUMNS FROM `queue` [ RunTime:0.0009s ]
SQL: SELECT `id`,`label`,`description` FROM `category`  [ RunTime:0.0002s ]
SQL: SELECT COUNT(*) AS tp_count FROM `queue` WHERE `category_id` = 1 AND `status` = 0 LIMIT 1   [ RunTime:0.0002s ]
SQL: SELECT `number` FROM `queue` WHERE `category_id` = 1 AND `status` = 1 ORDER BY updated_at desc LIMIT 1   [ RunTime:0.0002s ]
SQL: SELECT COUNT(*) AS tp_count FROM `queue` WHERE `category_id` = 2 AND `status` = 0 LIMIT 1   [ RunTime:0.0002s ]
SQL: SELECT `number` FROM `queue` WHERE `category_id` = 2 AND `status` = 1 ORDER BY updated_at desc LIMIT 1   [ RunTime:0.0002s ]
SQL: SELECT COUNT(*) AS tp_count FROM `queue` WHERE `category_id` = 3 AND `status` = 0 LIMIT 1   [ RunTime:0.0002s ]
SQL: SELECT `number` FROM `queue` WHERE `category_id` = 3 AND `status` = 1 ORDER BY updated_at desc LIMIT 1   [ RunTime:0.0002s ]
SQL: SELECT COUNT(*) AS tp_count FROM `queue` WHERE `category_id` = 4 AND `status` = 0 LIMIT 1   [ RunTime:0.0002s ]
SQL: SELECT `number` FROM `queue` WHERE `category_id` = 4 AND `status` = 1 ORDER BY updated_at desc LIMIT 1   [ RunTime:0.0002s ]
INFO: [ app_end ] --START--
INFO: Run Behavior\ShowPageTraceBehavior [ RunTime:0.000342s ]
INFO: [ app_end ] --END-- [ RunTime:0.000378s ]

[ 2017-02-11T18:00:12+08:00 ] ::1 /restaurant/index.php/api/user/wxlogin?code=021K22Gm0MFcCn1sPTGm06U9Gm0K22GK
INFO: [ app_init ] --START--
INFO: Run Behavior\BuildLiteBehavior [ RunTime:0.000008s ]
INFO: [ app_init ] --END-- [ RunTime:0.000164s ]
INFO: [ app_begin ] --START--
INFO: Run Behavior\ReadHtmlCacheBehavior [ RunTime:0.000200s ]
INFO: [ app_begin ] --END-- [ RunTime:0.000220s ]
SQL: SHOW COLUMNS FROM `user` [ RunTime:0.0022s ]
SQL: SELECT * FROM `user` WHERE `openid` = 'oU9sY0fnMXahWIfy_w2K2pRj6yxk' LIMIT 1   [ RunTime:0.0003s ]
SQL: UPDATE `user` SET `session_key`='TMYcwNN1kvh6SiAmpnZ5xQ==',`expires_in`='2592000',`openid`='oU9sY0fnMXahWIfy_w2K2pRj6yxk',`created_at`='1486807212' WHERE `openid` = 'oU9sY0fnMXahWIfy_w2K2pRj6yxk' [ RunTime:0.0004s ]
INFO: [ app_end ] --START--
INFO: Run Behavior\ShowPageTraceBehavior [ RunTime:0.000362s ]
INFO: [ app_end ] --END-- [ RunTime:0.000393s ]

[ 2017-02-11T18:00:28+08:00 ] ::1 /restaurant/index.php/api/user/queues
INFO: [ app_init ] --START--
INFO: Run Behavior\BuildLiteBehavior [ RunTime:0.000012s ]
INFO: [ app_init ] --END-- [ RunTime:0.000308s ]
INFO: [ app_begin ] --START--
INFO: Run Behavior\ReadHtmlCacheBehavior [ RunTime:0.000380s ]
INFO: [ app_begin ] --END-- [ RunTime:0.000406s ]
SQL: SHOW COLUMNS FROM `category` [ RunTime:0.0024s ]
SQL: SHOW COLUMNS FROM `queue` [ RunTime:0.0015s ]
SQL: SELECT `id`,`label`,`description` FROM `category`  [ RunTime:0.0002s ]
SQL: SELECT COUNT(*) AS tp_count FROM `queue` WHERE `category_id` = 1 AND `status` = 0 LIMIT 1   [ RunTime:0.0002s ]
SQL: SELECT `number` FROM `queue` WHERE `category_id` = 1 AND `status` = 1 ORDER BY updated_at desc LIMIT 1   [ RunTime:0.0002s ]
SQL: SELECT COUNT(*) AS tp_count FROM `queue` WHERE `category_id` = 2 AND `status` = 0 LIMIT 1   [ RunTime:0.0002s ]
SQL: SELECT `number` FROM `queue` WHERE `category_id` = 2 AND `status` = 1 ORDER BY updated_at desc LIMIT 1   [ RunTime:0.0002s ]
SQL: SELECT COUNT(*) AS tp_count FROM `queue` WHERE `category_id` = 3 AND `status` = 0 LIMIT 1   [ RunTime:0.0002s ]
SQL: SELECT `number` FROM `queue` WHERE `category_id` = 3 AND `status` = 1 ORDER BY updated_at desc LIMIT 1   [ RunTime:0.0002s ]
SQL: SELECT COUNT(*) AS tp_count FROM `queue` WHERE `category_id` = 4 AND `status` = 0 LIMIT 1   [ RunTime:0.0002s ]
SQL: SELECT `number` FROM `queue` WHERE `category_id` = 4 AND `status` = 1 ORDER BY updated_at desc LIMIT 1   [ RunTime:0.0002s ]
INFO: [ app_end ] --START--
INFO: Run Behavior\ShowPageTraceBehavior [ RunTime:0.000271s ]
INFO: [ app_end ] --END-- [ RunTime:0.000294s ]

[ 2017-02-11T18:00:28+08:00 ] ::1 /restaurant/index.php/api/user/wxlogin?code=0111vVfZ1n267X0yE4eZ1qIcgZ11vVfH
INFO: [ app_init ] --START--
INFO: Run Behavior\BuildLiteBehavior [ RunTime:0.000011s ]
INFO: [ app_init ] --END-- [ RunTime:0.000273s ]
INFO: [ app_begin ] --START--
INFO: Run Behavior\ReadHtmlCacheBehavior [ RunTime:0.000387s ]
INFO: [ app_begin ] --END-- [ RunTime:0.000422s ]
SQL: SHOW COLUMNS FROM `user` [ RunTime:0.0019s ]
SQL: SELECT * FROM `user` WHERE `openid` = 'oU9sY0fnMXahWIfy_w2K2pRj6yxk' LIMIT 1   [ RunTime:0.0002s ]
SQL: UPDATE `user` SET `session_key`='TMYcwNN1kvh6SiAmpnZ5xQ==',`expires_in`='2592000',`openid`='oU9sY0fnMXahWIfy_w2K2pRj6yxk',`created_at`='1486807228' WHERE `openid` = 'oU9sY0fnMXahWIfy_w2K2pRj6yxk' [ RunTime:0.0004s ]
INFO: [ app_end ] --START--
INFO: Run Behavior\ShowPageTraceBehavior [ RunTime:0.000528s ]
INFO: [ app_end ] --END-- [ RunTime:0.000580s ]

[ 2017-02-11T18:00:56+08:00 ] ::1 /restaurant/index.php/api/user/queues
INFO: [ app_init ] --START--
INFO: Run Behavior\BuildLiteBehavior [ RunTime:0.000012s ]
INFO: [ app_init ] --END-- [ RunTime:0.000262s ]
INFO: [ app_begin ] --START--
INFO: Run Behavior\ReadHtmlCacheBehavior [ RunTime:0.000278s ]
INFO: [ app_begin ] --END-- [ RunTime:0.000311s ]
SQL: SHOW COLUMNS FROM `category` [ RunTime:0.0015s ]
SQL: SHOW COLUMNS FROM `queue` [ RunTime:0.0009s ]
SQL: SELECT `id`,`label`,`description` FROM `category`  [ RunTime:0.0002s ]
SQL: SELECT COUNT(*) AS tp_count FROM `queue` WHERE `category_id` = 1 AND `status` = 0 LIMIT 1   [ RunTime:0.0002s ]
SQL: SELECT `number` FROM `queue` WHERE `category_id` = 1 AND `status` = 1 ORDER BY updated_at desc LIMIT 1   [ RunTime:0.0002s ]
SQL: SELECT COUNT(*) AS tp_count FROM `queue` WHERE `category_id` = 2 AND `status` = 0 LIMIT 1   [ RunTime:0.0002s ]
SQL: SELECT `number` FROM `queue` WHERE `category_id` = 2 AND `status` = 1 ORDER BY updated_at desc LIMIT 1   [ RunTime:0.0002s ]
SQL: SELECT COUNT(*) AS tp_count FROM `queue` WHERE `category_id` = 3 AND `status` = 0 LIMIT 1   [ RunTime:0.0011s ]
SQL: SELECT `number` FROM `queue` WHERE `category_id` = 3 AND `status` = 1 ORDER BY updated_at desc LIMIT 1   [ RunTime:0.0002s ]
SQL: SELECT COUNT(*) AS tp_count FROM `queue` WHERE `category_id` = 4 AND `status` = 0 LIMIT 1   [ RunTime:0.0002s ]
SQL: SELECT `number` FROM `queue` WHERE `category_id` = 4 AND `status` = 1 ORDER BY updated_at desc LIMIT 1   [ RunTime:0.0002s ]
INFO: [ app_end ] --START--
INFO: Run Behavior\ShowPageTraceBehavior [ RunTime:0.000577s ]
INFO: [ app_end ] --END-- [ RunTime:0.000614s ]

[ 2017-02-11T18:00:56+08:00 ] ::1 /restaurant/index.php/api/user/wxlogin?code=0512CIkH0QXqRj2MTFlH0xx5lH02CIkS
INFO: [ app_init ] --START--
INFO: Run Behavior\BuildLiteBehavior [ RunTime:0.000007s ]
INFO: [ app_init ] --END-- [ RunTime:0.000164s ]
INFO: [ app_begin ] --START--
INFO: Run Behavior\ReadHtmlCacheBehavior [ RunTime:0.000205s ]
INFO: [ app_begin ] --END-- [ RunTime:0.000227s ]
SQL: SHOW COLUMNS FROM `user` [ RunTime:0.0019s ]
SQL: SELECT * FROM `user` WHERE `openid` = 'oU9sY0fnMXahWIfy_w2K2pRj6yxk' LIMIT 1   [ RunTime:0.0002s ]
SQL: UPDATE `user` SET `session_key`='TMYcwNN1kvh6SiAmpnZ5xQ==',`expires_in`='2592000',`openid`='oU9sY0fnMXahWIfy_w2K2pRj6yxk',`created_at`='1486807256' WHERE `openid` = 'oU9sY0fnMXahWIfy_w2K2pRj6yxk' [ RunTime:0.0003s ]
INFO: [ app_end ] --START--
INFO: Run Behavior\ShowPageTraceBehavior [ RunTime:0.000374s ]
INFO: [ app_end ] --END-- [ RunTime:0.000424s ]

[ 2017-02-11T18:00:58+08:00 ] ::1 /restaurant/index.php/api/user/my_queue?gusetId=oU9sY0fnMXahWIfy_w2K2pRj6yxk
INFO: [ app_init ] --START--
INFO: Run Behavior\BuildLiteBehavior [ RunTime:0.000008s ]
INFO: [ app_init ] --END-- [ RunTime:0.000167s ]
INFO: [ app_begin ] --START--
INFO: Run Behavior\ReadHtmlCacheBehavior [ RunTime:0.000207s ]
INFO: [ app_begin ] --END-- [ RunTime:0.000229s ]
SQL: SHOW COLUMNS FROM `queue` [ RunTime:0.0015s ]
SQL: SHOW COLUMNS FROM `category` [ RunTime:0.0010s ]
SQL: SELECT * FROM `queue` WHERE `guest_id` = 'oU9sY0fnMXahWIfy_w2K2pRj6yxk' ORDER BY id desc LIMIT 1   [ RunTime:0.0003s ]
SQL: SELECT `id`,`label`,`description` FROM `category` WHERE ( id=1 ) LIMIT 1   [ RunTime:0.0002s ]
SQL: SELECT `number` FROM `queue` WHERE `category_id` = 1 AND `status` = 1 ORDER BY updated_at desc LIMIT 1   [ RunTime:0.0002s ]
SQL: SELECT `number` FROM `queue` WHERE `category_id` = 1 AND `status` = 1 ORDER BY updated_at desc LIMIT 1   [ RunTime:0.0003s ]
INFO: [ app_end ] --START--
INFO: Run Behavior\ShowPageTraceBehavior [ RunTime:0.000273s ]
INFO: [ app_end ] --END-- [ RunTime:0.000301s ]

[ 2017-02-11T18:00:59+08:00 ] ::1 /restaurant/index.php/api/user/my_queue?gusetId=oU9sY0fnMXahWIfy_w2K2pRj6yxk
INFO: [ app_init ] --START--
INFO: Run Behavior\BuildLiteBehavior [ RunTime:0.000007s ]
INFO: [ app_init ] --END-- [ RunTime:0.000189s ]
INFO: [ app_begin ] --START--
INFO: Run Behavior\ReadHtmlCacheBehavior [ RunTime:0.000264s ]
INFO: [ app_begin ] --END-- [ RunTime:0.000292s ]
SQL: SHOW COLUMNS FROM `queue` [ RunTime:0.0017s ]
SQL: SHOW COLUMNS FROM `category` [ RunTime:0.0012s ]
SQL: SELECT * FROM `queue` WHERE `guest_id` = 'oU9sY0fnMXahWIfy_w2K2pRj6yxk' ORDER BY id desc LIMIT 1   [ RunTime:0.0002s ]
SQL: SELECT `id`,`label`,`description` FROM `category` WHERE ( id=1 ) LIMIT 1   [ RunTime:0.0002s ]
SQL: SELECT `number` FROM `queue` WHERE `category_id` = 1 AND `status` = 1 ORDER BY updated_at desc LIMIT 1   [ RunTime:0.0002s ]
SQL: SELECT `number` FROM `queue` WHERE `category_id` = 1 AND `status` = 1 ORDER BY updated_at desc LIMIT 1   [ RunTime:0.0002s ]
INFO: [ app_end ] --START--
INFO: Run Behavior\ShowPageTraceBehavior [ RunTime:0.000267s ]
INFO: [ app_end ] --END-- [ RunTime:0.000293s ]

[ 2017-02-11T18:01:00+08:00 ] ::1 /restaurant/index.php/api/user/my_queue?gusetId=oU9sY0fnMXahWIfy_w2K2pRj6yxk
INFO: [ app_init ] --START--
INFO: Run Behavior\BuildLiteBehavior [ RunTime:0.000008s ]
INFO: [ app_init ] --END-- [ RunTime:0.000166s ]
INFO: [ app_begin ] --START--
INFO: Run Behavior\ReadHtmlCacheBehavior [ RunTime:0.000271s ]
INFO: [ app_begin ] --END-- [ RunTime:0.000307s ]
SQL: SHOW COLUMNS FROM `queue` [ RunTime:0.0016s ]
SQL: SHOW COLUMNS FROM `category` [ RunTime:0.0009s ]
SQL: SELECT * FROM `queue` WHERE `guest_id` = 'oU9sY0fnMXahWIfy_w2K2pRj6yxk' ORDER BY id desc LIMIT 1   [ RunTime:0.0003s ]
SQL: SELECT `id`,`label`,`description` FROM `category` WHERE ( id=1 ) LIMIT 1   [ RunTime:0.0002s ]
SQL: SELECT `number` FROM `queue` WHERE `category_id` = 1 AND `status` = 1 ORDER BY updated_at desc LIMIT 1   [ RunTime:0.0002s ]
SQL: SELECT `number` FROM `queue` WHERE `category_id` = 1 AND `status` = 1 ORDER BY updated_at desc LIMIT 1   [ RunTime:0.0002s ]
INFO: [ app_end ] --START--
INFO: Run Behavior\ShowPageTraceBehavior [ RunTime:0.000276s ]
INFO: [ app_end ] --END-- [ RunTime:0.000299s ]

[ 2017-02-11T18:01:45+08:00 ] ::1 /restaurant/index.php/api/menu/get_menus
INFO: [ app_init ] --START--
INFO: Run Behavior\BuildLiteBehavior [ RunTime:0.000008s ]
INFO: [ app_init ] --END-- [ RunTime:0.000172s ]
INFO: [ app_begin ] --START--
INFO: Run Behavior\ReadHtmlCacheBehavior [ RunTime:0.000230s ]
INFO: [ app_begin ] --END-- [ RunTime:0.000252s ]
SQL: SHOW COLUMNS FROM `menu` [ RunTime:0.0013s ]
SQL: SELECT `name`,`image`,`price`,`description` FROM `menu` WHERE ( status=1 )  [ RunTime:0.0003s ]
INFO: [ app_end ] --START--
INFO: Run Behavior\ShowPageTraceBehavior [ RunTime:0.000310s ]
INFO: [ app_end ] --END-- [ RunTime:0.000340s ]

[ 2017-02-11T18:01:46+08:00 ] ::1 /restaurant/index.php/api/user/queues
INFO: [ app_init ] --START--
INFO: Run Behavior\BuildLiteBehavior [ RunTime:0.000008s ]
INFO: [ app_init ] --END-- [ RunTime:0.000185s ]
INFO: [ app_begin ] --START--
INFO: Run Behavior\ReadHtmlCacheBehavior [ RunTime:0.000211s ]
INFO: [ app_begin ] --END-- [ RunTime:0.000232s ]
SQL: SHOW COLUMNS FROM `category` [ RunTime:0.0012s ]
SQL: SHOW COLUMNS FROM `queue` [ RunTime:0.0010s ]
SQL: SELECT `id`,`label`,`description` FROM `category`  [ RunTime:0.0002s ]
SQL: SELECT COUNT(*) AS tp_count FROM `queue` WHERE `category_id` = 1 AND `status` = 0 LIMIT 1   [ RunTime:0.0002s ]
SQL: SELECT `number` FROM `queue` WHERE `category_id` = 1 AND `status` = 1 ORDER BY updated_at desc LIMIT 1   [ RunTime:0.0002s ]
SQL: SELECT COUNT(*) AS tp_count FROM `queue` WHERE `category_id` = 2 AND `status` = 0 LIMIT 1   [ RunTime:0.0001s ]
SQL: SELECT `number` FROM `queue` WHERE `category_id` = 2 AND `status` = 1 ORDER BY updated_at desc LIMIT 1   [ RunTime:0.0002s ]
SQL: SELECT COUNT(*) AS tp_count FROM `queue` WHERE `category_id` = 3 AND `status` = 0 LIMIT 1   [ RunTime:0.0002s ]
SQL: SELECT `number` FROM `queue` WHERE `category_id` = 3 AND `status` = 1 ORDER BY updated_at desc LIMIT 1   [ RunTime:0.0002s ]
SQL: SELECT COUNT(*) AS tp_count FROM `queue` WHERE `category_id` = 4 AND `status` = 0 LIMIT 1   [ RunTime:0.0002s ]
SQL: SELECT `number` FROM `queue` WHERE `category_id` = 4 AND `status` = 1 ORDER BY updated_at desc LIMIT 1   [ RunTime:0.0002s ]
INFO: [ app_end ] --START--
INFO: Run Behavior\ShowPageTraceBehavior [ RunTime:0.000293s ]
INFO: [ app_end ] --END-- [ RunTime:0.000317s ]

[ 2017-02-11T19:35:06+08:00 ] ::1 /restaurant/index.php/api/user/queues
INFO: [ app_init ] --START--
INFO: Run Behavior\BuildLiteBehavior [ RunTime:0.000007s ]
INFO: [ app_init ] --END-- [ RunTime:0.000237s ]
INFO: [ app_begin ] --START--
INFO: Run Behavior\ReadHtmlCacheBehavior [ RunTime:0.000219s ]
INFO: [ app_begin ] --END-- [ RunTime:0.000245s ]
SQL: SHOW COLUMNS FROM `category` [ RunTime:0.0017s ]
SQL: SHOW COLUMNS FROM `queue` [ RunTime:0.0011s ]
SQL: SELECT `id`,`label`,`description` FROM `category`  [ RunTime:0.0002s ]
SQL: SELECT COUNT(*) AS tp_count FROM `queue` WHERE `category_id` = 1 AND `status` = 0 LIMIT 1   [ RunTime:0.0002s ]
SQL: SELECT `number` FROM `queue` WHERE `category_id` = 1 AND `status` = 1 ORDER BY updated_at desc LIMIT 1   [ RunTime:0.0002s ]
SQL: SELECT COUNT(*) AS tp_count FROM `queue` WHERE `category_id` = 2 AND `status` = 0 LIMIT 1   [ RunTime:0.0002s ]
SQL: SELECT `number` FROM `queue` WHERE `category_id` = 2 AND `status` = 1 ORDER BY updated_at desc LIMIT 1   [ RunTime:0.0002s ]
SQL: SELECT COUNT(*) AS tp_count FROM `queue` WHERE `category_id` = 3 AND `status` = 0 LIMIT 1   [ RunTime:0.0002s ]
SQL: SELECT `number` FROM `queue` WHERE `category_id` = 3 AND `status` = 1 ORDER BY updated_at desc LIMIT 1   [ RunTime:0.0002s ]
SQL: SELECT COUNT(*) AS tp_count FROM `queue` WHERE `category_id` = 4 AND `status` = 0 LIMIT 1   [ RunTime:0.0002s ]
SQL: SELECT `number` FROM `queue` WHERE `category_id` = 4 AND `status` = 1 ORDER BY updated_at desc LIMIT 1   [ RunTime:0.0001s ]
INFO: [ app_end ] --START--
INFO: Run Behavior\ShowPageTraceBehavior [ RunTime:0.000302s ]
INFO: [ app_end ] --END-- [ RunTime:0.000332s ]

[ 2017-02-11T19:35:06+08:00 ] ::1 /restaurant/index.php/api/user/wxlogin?code=041p3hzU1HTUzT05l1xU1EY3zU1p3hzl
INFO: [ app_init ] --START--
INFO: Run Behavior\BuildLiteBehavior [ RunTime:0.000007s ]
INFO: [ app_init ] --END-- [ RunTime:0.000167s ]
INFO: [ app_begin ] --START--
INFO: Run Behavior\ReadHtmlCacheBehavior [ RunTime:0.000340s ]
INFO: [ app_begin ] --END-- [ RunTime:0.000369s ]
SQL: SHOW COLUMNS FROM `user` [ RunTime:0.0013s ]
SQL: SELECT * FROM `user` WHERE `openid` = 'oU9sY0fnMXahWIfy_w2K2pRj6yxk' LIMIT 1   [ RunTime:0.0002s ]
SQL: UPDATE `user` SET `session_key`='0a4aJaH6WJk3bLjpr7aV+w==',`expires_in`='2592000',`openid`='oU9sY0fnMXahWIfy_w2K2pRj6yxk',`created_at`='1486812906' WHERE `openid` = 'oU9sY0fnMXahWIfy_w2K2pRj6yxk' [ RunTime:0.0003s ]
INFO: [ app_end ] --START--
INFO: Run Behavior\ShowPageTraceBehavior [ RunTime:0.000523s ]
INFO: [ app_end ] --END-- [ RunTime:0.000558s ]

[ 2017-02-11T21:54:18+08:00 ] ::1 /restaurant/index.php/api/user/queues
INFO: [ app_init ] --START--
INFO: Run Behavior\BuildLiteBehavior [ RunTime:0.000007s ]
INFO: [ app_init ] --END-- [ RunTime:0.000172s ]
INFO: [ app_begin ] --START--
INFO: Run Behavior\ReadHtmlCacheBehavior [ RunTime:0.000237s ]
INFO: [ app_begin ] --END-- [ RunTime:0.000286s ]
SQL: SHOW COLUMNS FROM `category` [ RunTime:0.0023s ]
SQL: SHOW COLUMNS FROM `queue` [ RunTime:0.0013s ]
SQL: SELECT `id`,`label`,`description` FROM `category`  [ RunTime:0.0002s ]
SQL: SELECT COUNT(*) AS tp_count FROM `queue` WHERE `category_id` = 1 AND `status` = 0 LIMIT 1   [ RunTime:0.0002s ]
SQL: SELECT `number` FROM `queue` WHERE `category_id` = 1 AND `status` = 1 ORDER BY updated_at desc LIMIT 1   [ RunTime:0.0002s ]
SQL: SELECT COUNT(*) AS tp_count FROM `queue` WHERE `category_id` = 2 AND `status` = 0 LIMIT 1   [ RunTime:0.0002s ]
SQL: SELECT `number` FROM `queue` WHERE `category_id` = 2 AND `status` = 1 ORDER BY updated_at desc LIMIT 1   [ RunTime:0.0002s ]
SQL: SELECT COUNT(*) AS tp_count FROM `queue` WHERE `category_id` = 3 AND `status` = 0 LIMIT 1   [ RunTime:0.0002s ]
SQL: SELECT `number` FROM `queue` WHERE `category_id` = 3 AND `status` = 1 ORDER BY updated_at desc LIMIT 1   [ RunTime:0.0002s ]
SQL: SELECT COUNT(*) AS tp_count FROM `queue` WHERE `category_id` = 4 AND `status` = 0 LIMIT 1   [ RunTime:0.0002s ]
SQL: SELECT `number` FROM `queue` WHERE `category_id` = 4 AND `status` = 1 ORDER BY updated_at desc LIMIT 1   [ RunTime:0.0002s ]
INFO: [ app_end ] --START--
INFO: Run Behavior\ShowPageTraceBehavior [ RunTime:0.000284s ]
INFO: [ app_end ] --END-- [ RunTime:0.000309s ]

[ 2017-02-11T21:54:21+08:00 ] ::1 /restaurant/index.php/api/user/queues
INFO: [ app_init ] --START--
INFO: Run Behavior\BuildLiteBehavior [ RunTime:0.000011s ]
INFO: [ app_init ] --END-- [ RunTime:0.000267s ]
INFO: [ app_begin ] --START--
INFO: Run Behavior\ReadHtmlCacheBehavior [ RunTime:0.000359s ]
INFO: [ app_begin ] --END-- [ RunTime:0.000393s ]
SQL: SHOW COLUMNS FROM `category` [ RunTime:0.0020s ]
SQL: SHOW COLUMNS FROM `queue` [ RunTime:0.0013s ]
SQL: SELECT `id`,`label`,`description` FROM `category`  [ RunTime:0.0002s ]
SQL: SELECT COUNT(*) AS tp_count FROM `queue` WHERE `category_id` = 1 AND `status` = 0 LIMIT 1   [ RunTime:0.0002s ]
SQL: SELECT `number` FROM `queue` WHERE `category_id` = 1 AND `status` = 1 ORDER BY updated_at desc LIMIT 1   [ RunTime:0.0002s ]
SQL: SELECT COUNT(*) AS tp_count FROM `queue` WHERE `category_id` = 2 AND `status` = 0 LIMIT 1   [ RunTime:0.0002s ]
SQL: SELECT `number` FROM `queue` WHERE `category_id` = 2 AND `status` = 1 ORDER BY updated_at desc LIMIT 1   [ RunTime:0.0001s ]
SQL: SELECT COUNT(*) AS tp_count FROM `queue` WHERE `category_id` = 3 AND `status` = 0 LIMIT 1   [ RunTime:0.0002s ]
SQL: SELECT `number` FROM `queue` WHERE `category_id` = 3 AND `status` = 1 ORDER BY updated_at desc LIMIT 1   [ RunTime:0.0002s ]
SQL: SELECT COUNT(*) AS tp_count FROM `queue` WHERE `category_id` = 4 AND `status` = 0 LIMIT 1   [ RunTime:0.0001s ]
SQL: SELECT `number` FROM `queue` WHERE `category_id` = 4 AND `status` = 1 ORDER BY updated_at desc LIMIT 1   [ RunTime:0.0002s ]
INFO: [ app_end ] --START--
INFO: Run Behavior\ShowPageTraceBehavior [ RunTime:0.000269s ]
INFO: [ app_end ] --END-- [ RunTime:0.000292s ]

[ 2017-02-11T21:54:21+08:00 ] ::1 /restaurant/index.php/api/user/wxlogin?code=031uuRq41vkVoN1Ycwt41Hyer41uuRq6
INFO: [ app_init ] --START--
INFO: Run Behavior\BuildLiteBehavior [ RunTime:0.000007s ]
INFO: [ app_init ] --END-- [ RunTime:0.000171s ]
INFO: [ app_begin ] --START--
INFO: Run Behavior\ReadHtmlCacheBehavior [ RunTime:0.000212s ]
INFO: [ app_begin ] --END-- [ RunTime:0.000233s ]
SQL: SHOW COLUMNS FROM `user` [ RunTime:0.0013s ]
SQL: SELECT * FROM `user` WHERE `openid` = 'oU9sY0fnMXahWIfy_w2K2pRj6yxk' LIMIT 1   [ RunTime:0.0002s ]
SQL: UPDATE `user` SET `session_key`='nNZhtOuq+6EQ2AomWp+c1w==',`expires_in`='2592000',`openid`='oU9sY0fnMXahWIfy_w2K2pRj6yxk',`created_at`='1486821261' WHERE `openid` = 'oU9sY0fnMXahWIfy_w2K2pRj6yxk' [ RunTime:0.0003s ]
INFO: [ app_end ] --START--
INFO: Run Behavior\ShowPageTraceBehavior [ RunTime:0.000366s ]
INFO: [ app_end ] --END-- [ RunTime:0.000392s ]

[ 2017-02-11T21:59:58+08:00 ] ::1 /restaurant/index.php/api/user/queues
INFO: [ app_init ] --START--
INFO: Run Behavior\BuildLiteBehavior [ RunTime:0.000022s ]
INFO: [ app_init ] --END-- [ RunTime:0.000295s ]
INFO: [ app_begin ] --START--
INFO: Run Behavior\ReadHtmlCacheBehavior [ RunTime:0.000219s ]
INFO: [ app_begin ] --END-- [ RunTime:0.000243s ]
SQL: SHOW COLUMNS FROM `category` [ RunTime:0.0014s ]
SQL: SHOW COLUMNS FROM `queue` [ RunTime:0.0010s ]
SQL: SELECT `id`,`label`,`description` FROM `category`  [ RunTime:0.0002s ]
SQL: SELECT COUNT(*) AS tp_count FROM `queue` WHERE `category_id` = 1 AND `status` = 0 LIMIT 1   [ RunTime:0.0002s ]
SQL: SELECT `number` FROM `queue` WHERE `category_id` = 1 AND `status` = 1 ORDER BY updated_at desc LIMIT 1   [ RunTime:0.0002s ]
SQL: SELECT COUNT(*) AS tp_count FROM `queue` WHERE `category_id` = 2 AND `status` = 0 LIMIT 1   [ RunTime:0.0002s ]
SQL: SELECT `number` FROM `queue` WHERE `category_id` = 2 AND `status` = 1 ORDER BY updated_at desc LIMIT 1   [ RunTime:0.0002s ]
SQL: SELECT COUNT(*) AS tp_count FROM `queue` WHERE `category_id` = 3 AND `status` = 0 LIMIT 1   [ RunTime:0.0001s ]
SQL: SELECT `number` FROM `queue` WHERE `category_id` = 3 AND `status` = 1 ORDER BY updated_at desc LIMIT 1   [ RunTime:0.0002s ]
SQL: SELECT COUNT(*) AS tp_count FROM `queue` WHERE `category_id` = 4 AND `status` = 0 LIMIT 1   [ RunTime:0.0001s ]
SQL: SELECT `number` FROM `queue` WHERE `category_id` = 4 AND `status` = 1 ORDER BY updated_at desc LIMIT 1   [ RunTime:0.0002s ]
INFO: [ app_end ] --START--
INFO: Run Behavior\ShowPageTraceBehavior [ RunTime:0.000390s ]
INFO: [ app_end ] --END-- [ RunTime:0.000414s ]

[ 2017-02-11T21:59:59+08:00 ] ::1 /restaurant/index.php/api/user/wxlogin?code=031Fh2gG067oFi2zQFgG0S3jgG0Fh2gk
INFO: [ app_init ] --START--
INFO: Run Behavior\BuildLiteBehavior [ RunTime:0.000008s ]
INFO: [ app_init ] --END-- [ RunTime:0.000179s ]
INFO: [ app_begin ] --START--
INFO: Run Behavior\ReadHtmlCacheBehavior [ RunTime:0.000227s ]
INFO: [ app_begin ] --END-- [ RunTime:0.000250s ]
SQL: SHOW COLUMNS FROM `user` [ RunTime:0.0016s ]
SQL: SELECT * FROM `user` WHERE `openid` = 'oU9sY0fnMXahWIfy_w2K2pRj6yxk' LIMIT 1   [ RunTime:0.0002s ]
SQL: UPDATE `user` SET `session_key`='46UGh9z6/dwVwxrwLtrT+Q==',`expires_in`='2592000',`openid`='oU9sY0fnMXahWIfy_w2K2pRj6yxk',`created_at`='1486821599' WHERE `openid` = 'oU9sY0fnMXahWIfy_w2K2pRj6yxk' [ RunTime:0.0004s ]
INFO: [ app_end ] --START--
INFO: Run Behavior\ShowPageTraceBehavior [ RunTime:0.000304s ]
INFO: [ app_end ] --END-- [ RunTime:0.000330s ]

[ 2017-02-11T22:00:03+08:00 ] ::1 /restaurant/index.php/api/user/queues
INFO: [ app_init ] --START--
INFO: Run Behavior\BuildLiteBehavior [ RunTime:0.000013s ]
INFO: [ app_init ] --END-- [ RunTime:0.000291s ]
INFO: [ app_begin ] --START--
INFO: Run Behavior\ReadHtmlCacheBehavior [ RunTime:0.000417s ]
INFO: [ app_begin ] --END-- [ RunTime:0.000458s ]
SQL: SHOW COLUMNS FROM `category` [ RunTime:0.0016s ]
SQL: SHOW COLUMNS FROM `queue` [ RunTime:0.0010s ]
SQL: SELECT `id`,`label`,`description` FROM `category`  [ RunTime:0.0002s ]
SQL: SELECT COUNT(*) AS tp_count FROM `queue` WHERE `category_id` = 1 AND `status` = 0 LIMIT 1   [ RunTime:0.0002s ]
SQL: SELECT `number` FROM `queue` WHERE `category_id` = 1 AND `status` = 1 ORDER BY updated_at desc LIMIT 1   [ RunTime:0.0004s ]
SQL: SELECT COUNT(*) AS tp_count FROM `queue` WHERE `category_id` = 2 AND `status` = 0 LIMIT 1   [ RunTime:0.0004s ]
SQL: SELECT `number` FROM `queue` WHERE `category_id` = 2 AND `status` = 1 ORDER BY updated_at desc LIMIT 1   [ RunTime:0.0003s ]
SQL: SELECT COUNT(*) AS tp_count FROM `queue` WHERE `category_id` = 3 AND `status` = 0 LIMIT 1   [ RunTime:0.0003s ]
SQL: SELECT `number` FROM `queue` WHERE `category_id` = 3 AND `status` = 1 ORDER BY updated_at desc LIMIT 1   [ RunTime:0.0003s ]
SQL: SELECT COUNT(*) AS tp_count FROM `queue` WHERE `category_id` = 4 AND `status` = 0 LIMIT 1   [ RunTime:0.0002s ]
SQL: SELECT `number` FROM `queue` WHERE `category_id` = 4 AND `status` = 1 ORDER BY updated_at desc LIMIT 1   [ RunTime:0.0004s ]
INFO: [ app_end ] --START--
INFO: Run Behavior\ShowPageTraceBehavior [ RunTime:0.000422s ]
INFO: [ app_end ] --END-- [ RunTime:0.000466s ]

[ 2017-02-11T22:00:04+08:00 ] ::1 /restaurant/index.php/api/user/wxlogin?code=041F4oXE0TjZph23qbXE0j3hXE0F4oXj
INFO: [ app_init ] --START--
INFO: Run Behavior\BuildLiteBehavior [ RunTime:0.000009s ]
INFO: [ app_init ] --END-- [ RunTime:0.000180s ]
INFO: [ app_begin ] --START--
INFO: Run Behavior\ReadHtmlCacheBehavior [ RunTime:0.000219s ]
INFO: [ app_begin ] --END-- [ RunTime:0.000242s ]
SQL: SHOW COLUMNS FROM `user` [ RunTime:0.0017s ]
SQL: SELECT * FROM `user` WHERE `openid` = 'oU9sY0fnMXahWIfy_w2K2pRj6yxk' LIMIT 1   [ RunTime:0.0002s ]
SQL: UPDATE `user` SET `session_key`='46UGh9z6/dwVwxrwLtrT+Q==',`expires_in`='2592000',`openid`='oU9sY0fnMXahWIfy_w2K2pRj6yxk',`created_at`='1486821604' WHERE `openid` = 'oU9sY0fnMXahWIfy_w2K2pRj6yxk' [ RunTime:0.0003s ]
INFO: [ app_end ] --START--
INFO: Run Behavior\ShowPageTraceBehavior [ RunTime:0.000270s ]
INFO: [ app_end ] --END-- [ RunTime:0.000294s ]

[ 2017-02-11T22:00:22+08:00 ] ::1 /restaurant/index.php/api/user/queues
INFO: [ app_init ] --START--
INFO: Run Behavior\BuildLiteBehavior [ RunTime:0.000013s ]
INFO: [ app_init ] --END-- [ RunTime:0.000290s ]
INFO: [ app_begin ] --START--
INFO: Run Behavior\ReadHtmlCacheBehavior [ RunTime:0.000275s ]
INFO: [ app_begin ] --END-- [ RunTime:0.000303s ]
SQL: SHOW COLUMNS FROM `category` [ RunTime:0.0013s ]
SQL: SHOW COLUMNS FROM `queue` [ RunTime:0.0009s ]
SQL: SELECT `id`,`label`,`description` FROM `category`  [ RunTime:0.0002s ]
SQL: SELECT COUNT(*) AS tp_count FROM `queue` WHERE `category_id` = 1 AND `status` = 0 LIMIT 1   [ RunTime:0.0003s ]
SQL: SELECT `number` FROM `queue` WHERE `category_id` = 1 AND `status` = 1 ORDER BY updated_at desc LIMIT 1   [ RunTime:0.0002s ]
SQL: SELECT COUNT(*) AS tp_count FROM `queue` WHERE `category_id` = 2 AND `status` = 0 LIMIT 1   [ RunTime:0.0002s ]
SQL: SELECT `number` FROM `queue` WHERE `category_id` = 2 AND `status` = 1 ORDER BY updated_at desc LIMIT 1   [ RunTime:0.0002s ]
SQL: SELECT COUNT(*) AS tp_count FROM `queue` WHERE `category_id` = 3 AND `status` = 0 LIMIT 1   [ RunTime:0.0002s ]
SQL: SELECT `number` FROM `queue` WHERE `category_id` = 3 AND `status` = 1 ORDER BY updated_at desc LIMIT 1   [ RunTime:0.0001s ]
SQL: SELECT COUNT(*) AS tp_count FROM `queue` WHERE `category_id` = 4 AND `status` = 0 LIMIT 1   [ RunTime:0.0002s ]
SQL: SELECT `number` FROM `queue` WHERE `category_id` = 4 AND `status` = 1 ORDER BY updated_at desc LIMIT 1   [ RunTime:0.0002s ]
INFO: [ app_end ] --START--
INFO: Run Behavior\ShowPageTraceBehavior [ RunTime:0.000380s ]
INFO: [ app_end ] --END-- [ RunTime:0.000410s ]

[ 2017-02-11T22:00:23+08:00 ] ::1 /restaurant/index.php/api/user/wxlogin?code=001wRPFU1JQeCS0cfJEU1F4MFU1wRPFd
INFO: [ app_init ] --START--
INFO: Run Behavior\BuildLiteBehavior [ RunTime:0.000017s ]
INFO: [ app_init ] --END-- [ RunTime:0.000174s ]
INFO: [ app_begin ] --START--
INFO: Run Behavior\ReadHtmlCacheBehavior [ RunTime:0.000238s ]
INFO: [ app_begin ] --END-- [ RunTime:0.000263s ]
SQL: SHOW COLUMNS FROM `user` [ RunTime:0.0018s ]
SQL: SELECT * FROM `user` WHERE `openid` = 'oU9sY0fnMXahWIfy_w2K2pRj6yxk' LIMIT 1   [ RunTime:0.0002s ]
SQL: UPDATE `user` SET `session_key`='46UGh9z6/dwVwxrwLtrT+Q==',`expires_in`='2592000',`openid`='oU9sY0fnMXahWIfy_w2K2pRj6yxk',`created_at`='1486821623' WHERE `openid` = 'oU9sY0fnMXahWIfy_w2K2pRj6yxk' [ RunTime:0.0005s ]
INFO: [ app_end ] --START--
INFO: Run Behavior\ShowPageTraceBehavior [ RunTime:0.000340s ]
INFO: [ app_end ] --END-- [ RunTime:0.000365s ]

[ 2017-02-11T22:00:29+08:00 ] ::1 /restaurant/index.php/api/user/queues
INFO: [ app_init ] --START--
INFO: Run Behavior\BuildLiteBehavior [ RunTime:0.000007s ]
INFO: [ app_init ] --END-- [ RunTime:0.000171s ]
INFO: [ app_begin ] --START--
INFO: Run Behavior\ReadHtmlCacheBehavior [ RunTime:0.000212s ]
INFO: [ app_begin ] --END-- [ RunTime:0.000233s ]
SQL: SHOW COLUMNS FROM `category` [ RunTime:0.0013s ]
SQL: SHOW COLUMNS FROM `queue` [ RunTime:0.0008s ]
SQL: SELECT `id`,`label`,`description` FROM `category`  [ RunTime:0.0002s ]
SQL: SELECT COUNT(*) AS tp_count FROM `queue` WHERE `category_id` = 1 AND `status` = 0 LIMIT 1   [ RunTime:0.0002s ]
SQL: SELECT `number` FROM `queue` WHERE `category_id` = 1 AND `status` = 1 ORDER BY updated_at desc LIMIT 1   [ RunTime:0.0002s ]
SQL: SELECT COUNT(*) AS tp_count FROM `queue` WHERE `category_id` = 2 AND `status` = 0 LIMIT 1   [ RunTime:0.0001s ]
SQL: SELECT `number` FROM `queue` WHERE `category_id` = 2 AND `status` = 1 ORDER BY updated_at desc LIMIT 1   [ RunTime:0.0001s ]
SQL: SELECT COUNT(*) AS tp_count FROM `queue` WHERE `category_id` = 3 AND `status` = 0 LIMIT 1   [ RunTime:0.0001s ]
SQL: SELECT `number` FROM `queue` WHERE `category_id` = 3 AND `status` = 1 ORDER BY updated_at desc LIMIT 1   [ RunTime:0.0002s ]
SQL: SELECT COUNT(*) AS tp_count FROM `queue` WHERE `category_id` = 4 AND `status` = 0 LIMIT 1   [ RunTime:0.0002s ]
SQL: SELECT `number` FROM `queue` WHERE `category_id` = 4 AND `status` = 1 ORDER BY updated_at desc LIMIT 1   [ RunTime:0.0002s ]
INFO: [ app_end ] --START--
INFO: Run Behavior\ShowPageTraceBehavior [ RunTime:0.000262s ]
INFO: [ app_end ] --END-- [ RunTime:0.000284s ]

[ 2017-02-11T22:00:29+08:00 ] ::1 /restaurant/index.php/api/user/wxlogin?code=021c1TNu0zUQUe12GRRu0siXNu0c1TNB
INFO: [ app_init ] --START--
INFO: Run Behavior\BuildLiteBehavior [ RunTime:0.000012s ]
INFO: [ app_init ] --END-- [ RunTime:0.000288s ]
INFO: [ app_begin ] --START--
INFO: Run Behavior\ReadHtmlCacheBehavior [ RunTime:0.000347s ]
INFO: [ app_begin ] --END-- [ RunTime:0.000388s ]
SQL: SHOW COLUMNS FROM `user` [ RunTime:0.0019s ]
SQL: SELECT * FROM `user` WHERE `openid` = 'oU9sY0fnMXahWIfy_w2K2pRj6yxk' LIMIT 1   [ RunTime:0.0003s ]
SQL: UPDATE `user` SET `session_key`='46UGh9z6/dwVwxrwLtrT+Q==',`expires_in`='2592000',`openid`='oU9sY0fnMXahWIfy_w2K2pRj6yxk',`created_at`='1486821629' WHERE `openid` = 'oU9sY0fnMXahWIfy_w2K2pRj6yxk' [ RunTime:0.0005s ]
INFO: [ app_end ] --START--
INFO: Run Behavior\ShowPageTraceBehavior [ RunTime:0.000359s ]
INFO: [ app_end ] --END-- [ RunTime:0.000392s ]

[ 2017-02-11T22:05:53+08:00 ] ::1 /restaurant/index.php/api/user/queues
INFO: [ app_init ] --START--
INFO: Run Behavior\BuildLiteBehavior [ RunTime:0.000011s ]
INFO: [ app_init ] --END-- [ RunTime:0.000375s ]
INFO: [ app_begin ] --START--
INFO: Run Behavior\ReadHtmlCacheBehavior [ RunTime:0.000328s ]
INFO: [ app_begin ] --END-- [ RunTime:0.000362s ]
SQL: SHOW COLUMNS FROM `category` [ RunTime:0.0013s ]
SQL: SHOW COLUMNS FROM `queue` [ RunTime:0.0011s ]
SQL: SELECT `id`,`label`,`description` FROM `category`  [ RunTime:0.0002s ]
SQL: SELECT COUNT(*) AS tp_count FROM `queue` WHERE `category_id` = 1 AND `status` = 0 LIMIT 1   [ RunTime:0.0002s ]
SQL: SELECT `number` FROM `queue` WHERE `category_id` = 1 AND `status` = 1 ORDER BY updated_at desc LIMIT 1   [ RunTime:0.0001s ]
SQL: SELECT COUNT(*) AS tp_count FROM `queue` WHERE `category_id` = 2 AND `status` = 0 LIMIT 1   [ RunTime:0.0001s ]
SQL: SELECT `number` FROM `queue` WHERE `category_id` = 2 AND `status` = 1 ORDER BY updated_at desc LIMIT 1   [ RunTime:0.0001s ]
SQL: SELECT COUNT(*) AS tp_count FROM `queue` WHERE `category_id` = 3 AND `status` = 0 LIMIT 1   [ RunTime:0.0003s ]
SQL: SELECT `number` FROM `queue` WHERE `category_id` = 3 AND `status` = 1 ORDER BY updated_at desc LIMIT 1   [ RunTime:0.0002s ]
SQL: SELECT COUNT(*) AS tp_count FROM `queue` WHERE `category_id` = 4 AND `status` = 0 LIMIT 1   [ RunTime:0.0002s ]
SQL: SELECT `number` FROM `queue` WHERE `category_id` = 4 AND `status` = 1 ORDER BY updated_at desc LIMIT 1   [ RunTime:0.0002s ]
INFO: [ app_end ] --START--
INFO: Run Behavior\ShowPageTraceBehavior [ RunTime:0.000727s ]
INFO: [ app_end ] --END-- [ RunTime:0.000764s ]

[ 2017-02-11T22:05:54+08:00 ] ::1 /restaurant/index.php/api/user/wxlogin?code=031xIBs20XQBZE1Bfjq20MeKs20xIBsd
INFO: [ app_init ] --START--
INFO: Run Behavior\BuildLiteBehavior [ RunTime:0.000007s ]
INFO: [ app_init ] --END-- [ RunTime:0.000163s ]
INFO: [ app_begin ] --START--
INFO: Run Behavior\ReadHtmlCacheBehavior [ RunTime:0.000215s ]
INFO: [ app_begin ] --END-- [ RunTime:0.000236s ]
SQL: SHOW COLUMNS FROM `user` [ RunTime:0.0016s ]
SQL: SELECT * FROM `user` WHERE `openid` = 'oU9sY0fnMXahWIfy_w2K2pRj6yxk' LIMIT 1   [ RunTime:0.0002s ]
SQL: UPDATE `user` SET `session_key`='3pN8pr2+2UbyGVwAiHm3tQ==',`expires_in`='2592000',`openid`='oU9sY0fnMXahWIfy_w2K2pRj6yxk',`created_at`='1486821954' WHERE `openid` = 'oU9sY0fnMXahWIfy_w2K2pRj6yxk' [ RunTime:0.0004s ]
INFO: [ app_end ] --START--
INFO: Run Behavior\ShowPageTraceBehavior [ RunTime:0.000278s ]
INFO: [ app_end ] --END-- [ RunTime:0.000306s ]

[ 2017-02-11T22:06:14+08:00 ] ::1 /restaurant/index.php/api/user/queues
INFO: [ app_init ] --START--
INFO: Run Behavior\BuildLiteBehavior [ RunTime:0.000008s ]
INFO: [ app_init ] --END-- [ RunTime:0.000170s ]
INFO: [ app_begin ] --START--
INFO: Run Behavior\ReadHtmlCacheBehavior [ RunTime:0.000209s ]
INFO: [ app_begin ] --END-- [ RunTime:0.000230s ]
SQL: SHOW COLUMNS FROM `category` [ RunTime:0.0014s ]
SQL: SHOW COLUMNS FROM `queue` [ RunTime:0.0010s ]
SQL: SELECT `id`,`label`,`description` FROM `category`  [ RunTime:0.0002s ]
SQL: SELECT COUNT(*) AS tp_count FROM `queue` WHERE `category_id` = 1 AND `status` = 0 LIMIT 1   [ RunTime:0.0002s ]
SQL: SELECT `number` FROM `queue` WHERE `category_id` = 1 AND `status` = 1 ORDER BY updated_at desc LIMIT 1   [ RunTime:0.0002s ]
SQL: SELECT COUNT(*) AS tp_count FROM `queue` WHERE `category_id` = 2 AND `status` = 0 LIMIT 1   [ RunTime:0.0002s ]
SQL: SELECT `number` FROM `queue` WHERE `category_id` = 2 AND `status` = 1 ORDER BY updated_at desc LIMIT 1   [ RunTime:0.0002s ]
SQL: SELECT COUNT(*) AS tp_count FROM `queue` WHERE `category_id` = 3 AND `status` = 0 LIMIT 1   [ RunTime:0.0002s ]
SQL: SELECT `number` FROM `queue` WHERE `category_id` = 3 AND `status` = 1 ORDER BY updated_at desc LIMIT 1   [ RunTime:0.0002s ]
SQL: SELECT COUNT(*) AS tp_count FROM `queue` WHERE `category_id` = 4 AND `status` = 0 LIMIT 1   [ RunTime:0.0002s ]
SQL: SELECT `number` FROM `queue` WHERE `category_id` = 4 AND `status` = 1 ORDER BY updated_at desc LIMIT 1   [ RunTime:0.0002s ]
INFO: [ app_end ] --START--
INFO: Run Behavior\ShowPageTraceBehavior [ RunTime:0.000283s ]
INFO: [ app_end ] --END-- [ RunTime:0.000312s ]

[ 2017-02-11T22:06:15+08:00 ] ::1 /restaurant/index.php/api/user/wxlogin?code=041qurHo1hYBzn02HTHo1kvFHo1qurHD
INFO: [ app_init ] --START--
INFO: Run Behavior\BuildLiteBehavior [ RunTime:0.000010s ]
INFO: [ app_init ] --END-- [ RunTime:0.000244s ]
INFO: [ app_begin ] --START--
INFO: Run Behavior\ReadHtmlCacheBehavior [ RunTime:0.000369s ]
INFO: [ app_begin ] --END-- [ RunTime:0.000456s ]
SQL: SHOW COLUMNS FROM `user` [ RunTime:0.0020s ]
SQL: SELECT * FROM `user` WHERE `openid` = 'oU9sY0fnMXahWIfy_w2K2pRj6yxk' LIMIT 1   [ RunTime:0.0002s ]
SQL: UPDATE `user` SET `session_key`='3pN8pr2+2UbyGVwAiHm3tQ==',`expires_in`='2592000',`openid`='oU9sY0fnMXahWIfy_w2K2pRj6yxk',`created_at`='1486821975' WHERE `openid` = 'oU9sY0fnMXahWIfy_w2K2pRj6yxk' [ RunTime:0.0004s ]
INFO: [ app_end ] --START--
INFO: Run Behavior\ShowPageTraceBehavior [ RunTime:0.000314s ]
INFO: [ app_end ] --END-- [ RunTime:0.000340s ]

[ 2017-02-11T22:06:31+08:00 ] ::1 /restaurant/index.php/api/user/queues
INFO: [ app_init ] --START--
INFO: Run Behavior\BuildLiteBehavior [ RunTime:0.000012s ]
INFO: [ app_init ] --END-- [ RunTime:0.000280s ]
INFO: [ app_begin ] --START--
INFO: Run Behavior\ReadHtmlCacheBehavior [ RunTime:0.000409s ]
INFO: [ app_begin ] --END-- [ RunTime:0.000468s ]
SQL: SHOW COLUMNS FROM `category` [ RunTime:0.0014s ]
SQL: SHOW COLUMNS FROM `queue` [ RunTime:0.0012s ]
SQL: SELECT `id`,`label`,`description` FROM `category`  [ RunTime:0.0004s ]
SQL: SELECT COUNT(*) AS tp_count FROM `queue` WHERE `category_id` = 1 AND `status` = 0 LIMIT 1   [ RunTime:0.0003s ]
SQL: SELECT `number` FROM `queue` WHERE `category_id` = 1 AND `status` = 1 ORDER BY updated_at desc LIMIT 1   [ RunTime:0.0002s ]
SQL: SELECT COUNT(*) AS tp_count FROM `queue` WHERE `category_id` = 2 AND `status` = 0 LIMIT 1   [ RunTime:0.0002s ]
SQL: SELECT `number` FROM `queue` WHERE `category_id` = 2 AND `status` = 1 ORDER BY updated_at desc LIMIT 1   [ RunTime:0.0002s ]
SQL: SELECT COUNT(*) AS tp_count FROM `queue` WHERE `category_id` = 3 AND `status` = 0 LIMIT 1   [ RunTime:0.0002s ]
SQL: SELECT `number` FROM `queue` WHERE `category_id` = 3 AND `status` = 1 ORDER BY updated_at desc LIMIT 1   [ RunTime:0.0006s ]
SQL: SELECT COUNT(*) AS tp_count FROM `queue` WHERE `category_id` = 4 AND `status` = 0 LIMIT 1   [ RunTime:0.0002s ]
SQL: SELECT `number` FROM `queue` WHERE `category_id` = 4 AND `status` = 1 ORDER BY updated_at desc LIMIT 1   [ RunTime:0.0003s ]
INFO: [ app_end ] --START--
INFO: Run Behavior\ShowPageTraceBehavior [ RunTime:0.000283s ]
INFO: [ app_end ] --END-- [ RunTime:0.000312s ]

[ 2017-02-11T22:06:32+08:00 ] ::1 /restaurant/index.php/api/user/wxlogin?code=011BZCop0Dm0qr1MOvnp0wjHop0BZCo4
INFO: [ app_init ] --START--
INFO: Run Behavior\BuildLiteBehavior [ RunTime:0.000007s ]
INFO: [ app_init ] --END-- [ RunTime:0.000175s ]
INFO: [ app_begin ] --START--
INFO: Run Behavior\ReadHtmlCacheBehavior [ RunTime:0.000321s ]
INFO: [ app_begin ] --END-- [ RunTime:0.000354s ]
SQL: SHOW COLUMNS FROM `user` [ RunTime:0.0018s ]
SQL: SELECT * FROM `user` WHERE `openid` = 'oU9sY0fnMXahWIfy_w2K2pRj6yxk' LIMIT 1   [ RunTime:0.0002s ]
SQL: UPDATE `user` SET `session_key`='3pN8pr2+2UbyGVwAiHm3tQ==',`expires_in`='2592000',`openid`='oU9sY0fnMXahWIfy_w2K2pRj6yxk',`created_at`='1486821992' WHERE `openid` = 'oU9sY0fnMXahWIfy_w2K2pRj6yxk' [ RunTime:0.0004s ]
INFO: [ app_end ] --START--
INFO: Run Behavior\ShowPageTraceBehavior [ RunTime:0.000281s ]
INFO: [ app_end ] --END-- [ RunTime:0.000306s ]

[ 2017-02-11T22:06:37+08:00 ] ::1 /restaurant/index.php/api/user/queues
INFO: [ app_init ] --START--
INFO: Run Behavior\BuildLiteBehavior [ RunTime:0.000013s ]
INFO: [ app_init ] --END-- [ RunTime:0.000310s ]
INFO: [ app_begin ] --START--
INFO: Run Behavior\ReadHtmlCacheBehavior [ RunTime:0.000386s ]
INFO: [ app_begin ] --END-- [ RunTime:0.000425s ]
SQL: SHOW COLUMNS FROM `category` [ RunTime:0.0017s ]
SQL: SHOW COLUMNS FROM `queue` [ RunTime:0.0010s ]
SQL: SELECT `id`,`label`,`description` FROM `category`  [ RunTime:0.0002s ]
SQL: SELECT COUNT(*) AS tp_count FROM `queue` WHERE `category_id` = 1 AND `status` = 0 LIMIT 1   [ RunTime:0.0002s ]
SQL: SELECT `number` FROM `queue` WHERE `category_id` = 1 AND `status` = 1 ORDER BY updated_at desc LIMIT 1   [ RunTime:0.0002s ]
SQL: SELECT COUNT(*) AS tp_count FROM `queue` WHERE `category_id` = 2 AND `status` = 0 LIMIT 1   [ RunTime:0.0002s ]
SQL: SELECT `number` FROM `queue` WHERE `category_id` = 2 AND `status` = 1 ORDER BY updated_at desc LIMIT 1   [ RunTime:0.0002s ]
SQL: SELECT COUNT(*) AS tp_count FROM `queue` WHERE `category_id` = 3 AND `status` = 0 LIMIT 1   [ RunTime:0.0002s ]
SQL: SELECT `number` FROM `queue` WHERE `category_id` = 3 AND `status` = 1 ORDER BY updated_at desc LIMIT 1   [ RunTime:0.0002s ]
SQL: SELECT COUNT(*) AS tp_count FROM `queue` WHERE `category_id` = 4 AND `status` = 0 LIMIT 1   [ RunTime:0.0002s ]
SQL: SELECT `number` FROM `queue` WHERE `category_id` = 4 AND `status` = 1 ORDER BY updated_at desc LIMIT 1   [ RunTime:0.0002s ]
INFO: [ app_end ] --START--
INFO: Run Behavior\ShowPageTraceBehavior [ RunTime:0.000288s ]
INFO: [ app_end ] --END-- [ RunTime:0.000318s ]

[ 2017-02-11T22:06:38+08:00 ] ::1 /restaurant/index.php/api/user/wxlogin?code=021RCT4h2BZORF0b0m5h2XaO4h2RCT4N
INFO: [ app_init ] --START--
INFO: Run Behavior\BuildLiteBehavior [ RunTime:0.000008s ]
INFO: [ app_init ] --END-- [ RunTime:0.000194s ]
INFO: [ app_begin ] --START--
INFO: Run Behavior\ReadHtmlCacheBehavior [ RunTime:0.000336s ]
INFO: [ app_begin ] --END-- [ RunTime:0.000370s ]
SQL: SHOW COLUMNS FROM `user` [ RunTime:0.0018s ]
SQL: SELECT * FROM `user` WHERE `openid` = 'oU9sY0fnMXahWIfy_w2K2pRj6yxk' LIMIT 1   [ RunTime:0.0003s ]
SQL: UPDATE `user` SET `session_key`='3pN8pr2+2UbyGVwAiHm3tQ==',`expires_in`='2592000',`openid`='oU9sY0fnMXahWIfy_w2K2pRj6yxk',`created_at`='1486821998' WHERE `openid` = 'oU9sY0fnMXahWIfy_w2K2pRj6yxk' [ RunTime:0.0006s ]
INFO: [ app_end ] --START--
INFO: Run Behavior\ShowPageTraceBehavior [ RunTime:0.000353s ]
INFO: [ app_end ] --END-- [ RunTime:0.000380s ]

